[ 2022-12-25 18:20:16,915 ] 148 numexpr.utils - INFO - Note: NumExpr detected 12 cores but "NUMEXPR_MAX_THREADS" not set, so enforcing safe limit of 8.
[ 2022-12-25 18:20:16,918 ] 160 numexpr.utils - INFO - NumExpr defaulting to 8 threads.
[ 2022-12-25 18:20:20,987 ] 15 root - INFO - >>>>>>>>>>>>>>>>>>>>>>>>>>>>>>>>>>>>>>>> Data Ingestion <<<<<<<<<<<<<<<<<<<<<<<<<<<<<<<<<<<<<<<<
[ 2022-12-25 18:20:20,987 ] 22 root - INFO - Exporting collection data as pandas dataframe
[ 2022-12-25 18:20:20,987 ] 22 root - INFO - Reading data from database: aps and collection: sensor
[ 2022-12-25 18:20:49,705 ] 24 root - INFO - Found columns: Index(['_id', 'class', 'aa_000', 'ab_000', 'ac_000', 'ad_000', 'ae_000',
       'af_000', 'ag_000', 'ag_001',
       ...
       'ee_002', 'ee_003', 'ee_004', 'ee_005', 'ee_006', 'ee_007', 'ee_008',
       'ee_009', 'ef_000', 'eg_000'],
      dtype='object', length=172)
[ 2022-12-25 18:20:49,750 ] 26 root - INFO - Dropping column: _id 
[ 2022-12-25 18:20:49,999 ] 28 root - INFO - Row and columns in df: (32000, 171)
[ 2022-12-25 18:20:49,999 ] 26 root - INFO - Save data in feature store
[ 2022-12-25 18:20:50,406 ] 32 root - INFO - Create feature store folder if not available
[ 2022-12-25 18:20:50,417 ] 36 root - INFO - Save df to feature store folder
[ 2022-12-25 18:20:52,727 ] 41 root - INFO - split dataset into train and test set
[ 2022-12-25 18:20:53,382 ] 45 root - INFO - create dataset directory folder if not available
[ 2022-12-25 18:20:53,384 ] 50 root - INFO - Save df to feature store folder
[ 2022-12-25 18:20:55,509 ] 62 root - INFO - Data ingestion artifact: DataIngestionArtifact(feature_store_file_path='C:\\Users\\aswin\\OneDrive\\Documents\\Data Science\\Machine Learning Project\\End-to-End-Scancer\\artifact\\12252022__182020\\data_ingestion\\feature_store\\sensor.csv', train_file_path='C:\\Users\\aswin\\OneDrive\\Documents\\Data Science\\Machine Learning Project\\End-to-End-Scancer\\artifact\\12252022__182020\\data_ingestion\\dataset\\train.csv', test_file_path='C:\\Users\\aswin\\OneDrive\\Documents\\Data Science\\Machine Learning Project\\End-to-End-Scancer\\artifact\\12252022__182020\\data_ingestion\\dataset\\test.csv')
[ 2022-12-25 18:20:55,797 ] 22 root - INFO - >>>>>>>>>>>>>>>>>>>>>>>>>>>>>>>>>>>>>>>> Data Validation <<<<<<<<<<<<<<<<<<<<<<<<<<<<<<<<<<<<<<<<
[ 2022-12-25 18:20:55,797 ] 110 root - INFO - Reading base dataframe
[ 2022-12-25 18:20:56,977 ] 113 root - INFO - Replace na value in base df
[ 2022-12-25 18:20:56,977 ] 115 root - INFO - Drop null values colums from base df
[ 2022-12-25 18:20:57,247 ] 44 root - INFO - selecting column name which contains null above to 0.2
[ 2022-12-25 18:20:57,247 ] 47 root - INFO - Columns to drop: ['ab_000', 'ad_000', 'bk_000', 'bl_000', 'bm_000', 'bn_000', 'bo_000', 'bp_000', 'bq_000', 'br_000', 'cf_000', 'cg_000', 'ch_000', 'co_000', 'cr_000', 'ct_000', 'cu_000', 'cv_000', 'cx_000', 'cy_000', 'cz_000', 'da_000', 'db_000', 'dc_000']
[ 2022-12-25 18:20:57,280 ] 118 root - INFO - Reading train dataframe
[ 2022-12-25 18:20:57,595 ] 120 root - INFO - Reading test dataframe
[ 2022-12-25 18:20:57,687 ] 123 root - INFO - Drop null values colums from train df
[ 2022-12-25 18:20:57,697 ] 44 root - INFO - selecting column name which contains null above to 0.2
[ 2022-12-25 18:20:57,697 ] 47 root - INFO - Columns to drop: ['ab_000', 'ad_000', 'bk_000', 'bl_000', 'bm_000', 'bn_000', 'bo_000', 'bp_000', 'bq_000', 'br_000', 'cf_000', 'cg_000', 'ch_000', 'co_000', 'cr_000', 'ct_000', 'cu_000', 'cv_000', 'cx_000', 'cy_000', 'cz_000', 'da_000', 'db_000', 'dc_000']
[ 2022-12-25 18:20:57,710 ] 125 root - INFO - Drop null values colums from test df
[ 2022-12-25 18:20:57,715 ] 44 root - INFO - selecting column name which contains null above to 0.2
[ 2022-12-25 18:20:57,715 ] 47 root - INFO - Columns to drop: ['ab_000', 'ad_000', 'bk_000', 'bl_000', 'bm_000', 'bn_000', 'bo_000', 'bp_000', 'bq_000', 'br_000', 'cf_000', 'cg_000', 'ch_000', 'co_000', 'cr_000', 'ct_000', 'cu_000', 'cv_000', 'cx_000', 'cy_000', 'cz_000', 'da_000', 'db_000', 'dc_000']
[ 2022-12-25 18:21:00,607 ] 134 root - INFO - Is all required columns present in train df
[ 2022-12-25 18:21:00,607 ] 136 root - INFO - Is all required columns present in test df
[ 2022-12-25 18:21:00,607 ] 140 root - INFO - As all column are available in train df hence detecting data drift
[ 2022-12-25 18:21:00,607 ] 88 root - INFO - Hypothesis class: object, object 
[ 2022-12-25 18:21:00,724 ] 88 root - INFO - Hypothesis aa_000: float64, float64 
[ 2022-12-25 18:21:00,726 ] 88 root - INFO - Hypothesis ac_000: float64, float64 
[ 2022-12-25 18:21:00,865 ] 88 root - INFO - Hypothesis ae_000: float64, float64 
[ 2022-12-25 18:21:00,896 ] 88 root - INFO - Hypothesis af_000: float64, float64 
[ 2022-12-25 18:21:00,925 ] 88 root - INFO - Hypothesis ag_000: float64, float64 
[ 2022-12-25 18:21:00,955 ] 88 root - INFO - Hypothesis ag_001: float64, float64 
[ 2022-12-25 18:21:00,975 ] 88 root - INFO - Hypothesis ag_002: float64, float64 
[ 2022-12-25 18:21:01,006 ] 88 root - INFO - Hypothesis ag_003: float64, float64 
[ 2022-12-25 18:21:01,037 ] 88 root - INFO - Hypothesis ag_004: float64, float64 
[ 2022-12-25 18:21:01,105 ] 88 root - INFO - Hypothesis ag_005: float64, float64 
[ 2022-12-25 18:21:01,109 ] 88 root - INFO - Hypothesis ag_006: float64, float64 
[ 2022-12-25 18:21:01,116 ] 88 root - INFO - Hypothesis ag_007: float64, float64 
[ 2022-12-25 18:21:01,148 ] 88 root - INFO - Hypothesis ag_008: float64, float64 
[ 2022-12-25 18:21:01,154 ] 88 root - INFO - Hypothesis ag_009: float64, float64 
[ 2022-12-25 18:21:01,180 ] 88 root - INFO - Hypothesis ah_000: float64, float64 
[ 2022-12-25 18:21:01,188 ] 88 root - INFO - Hypothesis ai_000: float64, float64 
[ 2022-12-25 18:21:01,216 ] 88 root - INFO - Hypothesis aj_000: float64, float64 
[ 2022-12-25 18:21:01,245 ] 88 root - INFO - Hypothesis ak_000: float64, float64 
[ 2022-12-25 18:21:01,267 ] 88 root - INFO - Hypothesis al_000: float64, float64 
[ 2022-12-25 18:21:01,302 ] 88 root - INFO - Hypothesis am_0: float64, float64 
[ 2022-12-25 18:21:01,340 ] 88 root - INFO - Hypothesis an_000: float64, float64 
[ 2022-12-25 18:21:01,345 ] 88 root - INFO - Hypothesis ao_000: float64, float64 
[ 2022-12-25 18:21:01,346 ] 88 root - INFO - Hypothesis ap_000: float64, float64 
[ 2022-12-25 18:21:01,356 ] 88 root - INFO - Hypothesis aq_000: float64, float64 
[ 2022-12-25 18:21:01,361 ] 88 root - INFO - Hypothesis ar_000: float64, float64 
[ 2022-12-25 18:21:01,387 ] 88 root - INFO - Hypothesis as_000: float64, float64 
[ 2022-12-25 18:21:01,408 ] 88 root - INFO - Hypothesis at_000: float64, float64 
[ 2022-12-25 18:21:01,425 ] 88 root - INFO - Hypothesis au_000: float64, float64 
[ 2022-12-25 18:21:01,446 ] 88 root - INFO - Hypothesis av_000: float64, float64 
[ 2022-12-25 18:21:01,471 ] 88 root - INFO - Hypothesis ax_000: float64, float64 
[ 2022-12-25 18:21:01,495 ] 88 root - INFO - Hypothesis ay_000: float64, float64 
[ 2022-12-25 18:21:01,519 ] 88 root - INFO - Hypothesis ay_001: float64, float64 
[ 2022-12-25 18:21:01,550 ] 88 root - INFO - Hypothesis ay_002: float64, float64 
[ 2022-12-25 18:21:01,575 ] 88 root - INFO - Hypothesis ay_003: float64, float64 
[ 2022-12-25 18:21:01,598 ] 88 root - INFO - Hypothesis ay_004: float64, float64 
[ 2022-12-25 18:21:01,631 ] 88 root - INFO - Hypothesis ay_005: float64, float64 
[ 2022-12-25 18:21:01,660 ] 88 root - INFO - Hypothesis ay_006: float64, float64 
[ 2022-12-25 18:21:01,687 ] 88 root - INFO - Hypothesis ay_007: float64, float64 
[ 2022-12-25 18:21:01,717 ] 88 root - INFO - Hypothesis ay_008: float64, float64 
[ 2022-12-25 18:21:01,726 ] 88 root - INFO - Hypothesis ay_009: float64, float64 
[ 2022-12-25 18:21:01,747 ] 88 root - INFO - Hypothesis az_000: float64, float64 
[ 2022-12-25 18:21:01,767 ] 88 root - INFO - Hypothesis az_001: float64, float64 
[ 2022-12-25 18:21:01,786 ] 88 root - INFO - Hypothesis az_002: float64, float64 
[ 2022-12-25 18:21:01,816 ] 88 root - INFO - Hypothesis az_003: float64, float64 
[ 2022-12-25 18:21:01,847 ] 88 root - INFO - Hypothesis az_004: float64, float64 
[ 2022-12-25 18:21:01,877 ] 88 root - INFO - Hypothesis az_005: float64, float64 
[ 2022-12-25 18:21:01,906 ] 88 root - INFO - Hypothesis az_006: float64, float64 
[ 2022-12-25 18:21:01,935 ] 88 root - INFO - Hypothesis az_007: float64, float64 
[ 2022-12-25 18:21:01,957 ] 88 root - INFO - Hypothesis az_008: float64, float64 
[ 2022-12-25 18:21:01,986 ] 88 root - INFO - Hypothesis az_009: float64, float64 
[ 2022-12-25 18:21:02,006 ] 88 root - INFO - Hypothesis ba_000: float64, float64 
[ 2022-12-25 18:21:02,018 ] 88 root - INFO - Hypothesis ba_001: float64, float64 
[ 2022-12-25 18:21:02,046 ] 88 root - INFO - Hypothesis ba_002: float64, float64 
[ 2022-12-25 18:21:02,072 ] 88 root - INFO - Hypothesis ba_003: float64, float64 
[ 2022-12-25 18:21:02,078 ] 88 root - INFO - Hypothesis ba_004: float64, float64 
[ 2022-12-25 18:21:02,085 ] 88 root - INFO - Hypothesis ba_005: float64, float64 
[ 2022-12-25 18:21:02,106 ] 88 root - INFO - Hypothesis ba_006: float64, float64 
[ 2022-12-25 18:21:02,111 ] 88 root - INFO - Hypothesis ba_007: float64, float64 
[ 2022-12-25 18:21:02,136 ] 88 root - INFO - Hypothesis ba_008: float64, float64 
[ 2022-12-25 18:21:02,161 ] 88 root - INFO - Hypothesis ba_009: float64, float64 
[ 2022-12-25 18:21:02,176 ] 88 root - INFO - Hypothesis bb_000: float64, float64 
[ 2022-12-25 18:21:02,186 ] 88 root - INFO - Hypothesis bc_000: float64, float64 
[ 2022-12-25 18:21:02,194 ] 88 root - INFO - Hypothesis bd_000: float64, float64 
[ 2022-12-25 18:21:02,215 ] 88 root - INFO - Hypothesis be_000: float64, float64 
[ 2022-12-25 18:21:02,246 ] 88 root - INFO - Hypothesis bf_000: float64, float64 
[ 2022-12-25 18:21:02,267 ] 88 root - INFO - Hypothesis bg_000: float64, float64 
[ 2022-12-25 18:21:02,274 ] 88 root - INFO - Hypothesis bh_000: float64, float64 
[ 2022-12-25 18:21:02,303 ] 88 root - INFO - Hypothesis bi_000: float64, float64 
[ 2022-12-25 18:21:02,319 ] 88 root - INFO - Hypothesis bj_000: float64, float64 
[ 2022-12-25 18:21:02,326 ] 88 root - INFO - Hypothesis bs_000: float64, float64 
[ 2022-12-25 18:21:02,346 ] 88 root - INFO - Hypothesis bt_000: float64, float64 
[ 2022-12-25 18:21:02,354 ] 88 root - INFO - Hypothesis bu_000: float64, float64 
[ 2022-12-25 18:21:02,359 ] 88 root - INFO - Hypothesis bv_000: float64, float64 
[ 2022-12-25 18:21:02,365 ] 88 root - INFO - Hypothesis bx_000: float64, float64 
[ 2022-12-25 18:21:02,367 ] 88 root - INFO - Hypothesis by_000: float64, float64 
[ 2022-12-25 18:21:02,399 ] 88 root - INFO - Hypothesis bz_000: float64, float64 
[ 2022-12-25 18:21:02,429 ] 88 root - INFO - Hypothesis ca_000: float64, float64 
[ 2022-12-25 18:21:02,437 ] 88 root - INFO - Hypothesis cb_000: float64, float64 
[ 2022-12-25 18:21:02,464 ] 88 root - INFO - Hypothesis cc_000: float64, float64 
[ 2022-12-25 18:21:02,492 ] 88 root - INFO - Hypothesis cd_000: float64, float64 
[ 2022-12-25 18:21:02,497 ] 88 root - INFO - Hypothesis ce_000: float64, float64 
[ 2022-12-25 18:21:02,524 ] 88 root - INFO - Hypothesis ci_000: float64, float64 
[ 2022-12-25 18:21:02,555 ] 88 root - INFO - Hypothesis cj_000: float64, float64 
[ 2022-12-25 18:21:02,584 ] 88 root - INFO - Hypothesis ck_000: float64, float64 
[ 2022-12-25 18:21:02,587 ] 88 root - INFO - Hypothesis cl_000: float64, float64 
[ 2022-12-25 18:21:02,615 ] 88 root - INFO - Hypothesis cm_000: float64, float64 
[ 2022-12-25 18:21:02,619 ] 88 root - INFO - Hypothesis cn_000: float64, float64 
[ 2022-12-25 18:21:02,646 ] 88 root - INFO - Hypothesis cn_001: float64, float64 
[ 2022-12-25 18:21:02,675 ] 88 root - INFO - Hypothesis cn_002: float64, float64 
[ 2022-12-25 18:21:02,705 ] 88 root - INFO - Hypothesis cn_003: float64, float64 
[ 2022-12-25 18:21:02,709 ] 88 root - INFO - Hypothesis cn_004: float64, float64 
[ 2022-12-25 18:21:02,718 ] 88 root - INFO - Hypothesis cn_005: float64, float64 
[ 2022-12-25 18:21:02,745 ] 88 root - INFO - Hypothesis cn_006: float64, float64 
[ 2022-12-25 18:21:02,777 ] 88 root - INFO - Hypothesis cn_007: float64, float64 
[ 2022-12-25 18:21:02,806 ] 88 root - INFO - Hypothesis cn_008: float64, float64 
[ 2022-12-25 18:21:02,834 ] 88 root - INFO - Hypothesis cn_009: float64, float64 
[ 2022-12-25 18:21:02,849 ] 88 root - INFO - Hypothesis cp_000: float64, float64 
[ 2022-12-25 18:21:03,108 ] 88 root - INFO - Hypothesis cq_000: float64, float64 
[ 2022-12-25 18:21:03,116 ] 88 root - INFO - Hypothesis cs_000: float64, float64 
[ 2022-12-25 18:21:03,121 ] 88 root - INFO - Hypothesis cs_001: float64, float64 
[ 2022-12-25 18:21:03,125 ] 88 root - INFO - Hypothesis cs_002: float64, float64 
[ 2022-12-25 18:21:03,125 ] 88 root - INFO - Hypothesis cs_003: float64, float64 
[ 2022-12-25 18:21:03,157 ] 88 root - INFO - Hypothesis cs_004: float64, float64 
[ 2022-12-25 18:21:03,188 ] 88 root - INFO - Hypothesis cs_005: float64, float64 
[ 2022-12-25 18:21:03,198 ] 88 root - INFO - Hypothesis cs_006: float64, float64 
[ 2022-12-25 18:21:03,207 ] 88 root - INFO - Hypothesis cs_007: float64, float64 
[ 2022-12-25 18:21:03,214 ] 88 root - INFO - Hypothesis cs_008: float64, float64 
[ 2022-12-25 18:21:03,242 ] 88 root - INFO - Hypothesis cs_009: float64, float64 
[ 2022-12-25 18:21:03,270 ] 88 root - INFO - Hypothesis dd_000: float64, float64 
[ 2022-12-25 18:21:03,276 ] 88 root - INFO - Hypothesis de_000: float64, float64 
[ 2022-12-25 18:21:03,301 ] 88 root - INFO - Hypothesis df_000: float64, float64 
[ 2022-12-25 18:21:03,327 ] 88 root - INFO - Hypothesis dg_000: float64, float64 
[ 2022-12-25 18:21:03,357 ] 88 root - INFO - Hypothesis dh_000: float64, float64 
[ 2022-12-25 18:21:03,388 ] 88 root - INFO - Hypothesis di_000: float64, float64 
[ 2022-12-25 18:21:03,417 ] 88 root - INFO - Hypothesis dj_000: float64, float64 
[ 2022-12-25 18:21:03,436 ] 88 root - INFO - Hypothesis dk_000: float64, float64 
[ 2022-12-25 18:21:03,460 ] 88 root - INFO - Hypothesis dl_000: float64, float64 
[ 2022-12-25 18:21:03,478 ] 88 root - INFO - Hypothesis dm_000: float64, float64 
[ 2022-12-25 18:21:03,496 ] 88 root - INFO - Hypothesis dn_000: float64, float64 
[ 2022-12-25 18:21:03,515 ] 88 root - INFO - Hypothesis do_000: float64, float64 
[ 2022-12-25 18:21:03,534 ] 88 root - INFO - Hypothesis dp_000: float64, float64 
[ 2022-12-25 18:21:03,554 ] 88 root - INFO - Hypothesis dq_000: float64, float64 
[ 2022-12-25 18:21:03,570 ] 88 root - INFO - Hypothesis dr_000: float64, float64 
[ 2022-12-25 18:21:03,589 ] 88 root - INFO - Hypothesis ds_000: float64, float64 
[ 2022-12-25 18:21:03,617 ] 88 root - INFO - Hypothesis dt_000: float64, float64 
[ 2022-12-25 18:21:03,639 ] 88 root - INFO - Hypothesis du_000: float64, float64 
[ 2022-12-25 18:21:03,646 ] 88 root - INFO - Hypothesis dv_000: float64, float64 
[ 2022-12-25 18:21:03,649 ] 88 root - INFO - Hypothesis dx_000: float64, float64 
[ 2022-12-25 18:21:03,669 ] 88 root - INFO - Hypothesis dy_000: float64, float64 
[ 2022-12-25 18:21:03,700 ] 88 root - INFO - Hypothesis dz_000: float64, float64 
[ 2022-12-25 18:21:03,725 ] 88 root - INFO - Hypothesis ea_000: float64, float64 
[ 2022-12-25 18:21:03,756 ] 88 root - INFO - Hypothesis eb_000: float64, float64 
[ 2022-12-25 18:21:03,784 ] 88 root - INFO - Hypothesis ec_00: float64, float64 
[ 2022-12-25 18:21:03,811 ] 88 root - INFO - Hypothesis ed_000: float64, float64 
[ 2022-12-25 18:21:03,839 ] 88 root - INFO - Hypothesis ee_000: float64, float64 
[ 2022-12-25 18:21:03,846 ] 88 root - INFO - Hypothesis ee_001: float64, float64 
[ 2022-12-25 18:21:03,875 ] 88 root - INFO - Hypothesis ee_002: float64, float64 
[ 2022-12-25 18:21:03,906 ] 88 root - INFO - Hypothesis ee_003: float64, float64 
[ 2022-12-25 18:21:03,936 ] 88 root - INFO - Hypothesis ee_004: float64, float64 
[ 2022-12-25 18:21:03,964 ] 88 root - INFO - Hypothesis ee_005: float64, float64 
[ 2022-12-25 18:21:03,989 ] 88 root - INFO - Hypothesis ee_006: float64, float64 
[ 2022-12-25 18:21:03,996 ] 88 root - INFO - Hypothesis ee_007: float64, float64 
[ 2022-12-25 18:21:04,005 ] 88 root - INFO - Hypothesis ee_008: float64, float64 
[ 2022-12-25 18:21:04,033 ] 88 root - INFO - Hypothesis ee_009: float64, float64 
[ 2022-12-25 18:21:04,076 ] 88 root - INFO - Hypothesis ef_000: float64, float64 
[ 2022-12-25 18:21:04,096 ] 88 root - INFO - Hypothesis eg_000: float64, float64 
[ 2022-12-25 18:21:04,124 ] 143 root - INFO - As all column are available in test df hence detecting data drift
[ 2022-12-25 18:21:04,124 ] 88 root - INFO - Hypothesis class: object, object 
[ 2022-12-25 18:21:04,146 ] 88 root - INFO - Hypothesis aa_000: float64, float64 
[ 2022-12-25 18:21:04,155 ] 88 root - INFO - Hypothesis ac_000: float64, float64 
[ 2022-12-25 18:21:04,159 ] 88 root - INFO - Hypothesis ae_000: float64, float64 
[ 2022-12-25 18:21:04,166 ] 88 root - INFO - Hypothesis af_000: float64, float64 
[ 2022-12-25 18:21:04,176 ] 88 root - INFO - Hypothesis ag_000: float64, float64 
[ 2022-12-25 18:21:04,196 ] 88 root - INFO - Hypothesis ag_001: float64, float64 
[ 2022-12-25 18:21:04,205 ] 88 root - INFO - Hypothesis ag_002: float64, float64 
[ 2022-12-25 18:21:04,219 ] 88 root - INFO - Hypothesis ag_003: float64, float64 
[ 2022-12-25 18:21:04,222 ] 88 root - INFO - Hypothesis ag_004: float64, float64 
[ 2022-12-25 18:21:04,227 ] 88 root - INFO - Hypothesis ag_005: float64, float64 
[ 2022-12-25 18:21:04,228 ] 88 root - INFO - Hypothesis ag_006: float64, float64 
[ 2022-12-25 18:21:04,228 ] 88 root - INFO - Hypothesis ag_007: float64, float64 
[ 2022-12-25 18:21:04,235 ] 88 root - INFO - Hypothesis ag_008: float64, float64 
[ 2022-12-25 18:21:04,238 ] 88 root - INFO - Hypothesis ag_009: float64, float64 
[ 2022-12-25 18:21:04,238 ] 88 root - INFO - Hypothesis ah_000: float64, float64 
[ 2022-12-25 18:21:04,246 ] 88 root - INFO - Hypothesis ai_000: float64, float64 
[ 2022-12-25 18:21:04,246 ] 88 root - INFO - Hypothesis aj_000: float64, float64 
[ 2022-12-25 18:21:04,246 ] 88 root - INFO - Hypothesis ak_000: float64, float64 
[ 2022-12-25 18:21:04,259 ] 88 root - INFO - Hypothesis al_000: float64, float64 
[ 2022-12-25 18:21:04,265 ] 88 root - INFO - Hypothesis am_0: float64, float64 
[ 2022-12-25 18:21:04,266 ] 88 root - INFO - Hypothesis an_000: float64, float64 
[ 2022-12-25 18:21:04,270 ] 88 root - INFO - Hypothesis ao_000: float64, float64 
[ 2022-12-25 18:21:04,274 ] 88 root - INFO - Hypothesis ap_000: float64, float64 
[ 2022-12-25 18:21:04,277 ] 88 root - INFO - Hypothesis aq_000: float64, float64 
[ 2022-12-25 18:21:04,277 ] 88 root - INFO - Hypothesis ar_000: float64, float64 
[ 2022-12-25 18:21:04,289 ] 88 root - INFO - Hypothesis as_000: float64, float64 
[ 2022-12-25 18:21:04,299 ] 88 root - INFO - Hypothesis at_000: float64, float64 
[ 2022-12-25 18:21:04,305 ] 88 root - INFO - Hypothesis au_000: float64, float64 
[ 2022-12-25 18:21:04,316 ] 88 root - INFO - Hypothesis av_000: float64, float64 
[ 2022-12-25 18:21:04,319 ] 88 root - INFO - Hypothesis ax_000: float64, float64 
[ 2022-12-25 18:21:04,322 ] 88 root - INFO - Hypothesis ay_000: float64, float64 
[ 2022-12-25 18:21:04,336 ] 88 root - INFO - Hypothesis ay_001: float64, float64 
[ 2022-12-25 18:21:04,340 ] 88 root - INFO - Hypothesis ay_002: float64, float64 
[ 2022-12-25 18:21:04,351 ] 88 root - INFO - Hypothesis ay_003: float64, float64 
[ 2022-12-25 18:21:04,367 ] 88 root - INFO - Hypothesis ay_004: float64, float64 
[ 2022-12-25 18:21:04,367 ] 88 root - INFO - Hypothesis ay_005: float64, float64 
[ 2022-12-25 18:21:04,383 ] 88 root - INFO - Hypothesis ay_006: float64, float64 
[ 2022-12-25 18:21:04,385 ] 88 root - INFO - Hypothesis ay_007: float64, float64 
[ 2022-12-25 18:21:04,389 ] 88 root - INFO - Hypothesis ay_008: float64, float64 
[ 2022-12-25 18:21:04,389 ] 88 root - INFO - Hypothesis ay_009: float64, float64 
[ 2022-12-25 18:21:04,396 ] 88 root - INFO - Hypothesis az_000: float64, float64 
[ 2022-12-25 18:21:04,399 ] 88 root - INFO - Hypothesis az_001: float64, float64 
[ 2022-12-25 18:21:04,404 ] 88 root - INFO - Hypothesis az_002: float64, float64 
[ 2022-12-25 18:21:04,405 ] 88 root - INFO - Hypothesis az_003: float64, float64 
[ 2022-12-25 18:21:04,422 ] 88 root - INFO - Hypothesis az_004: float64, float64 
[ 2022-12-25 18:21:04,425 ] 88 root - INFO - Hypothesis az_005: float64, float64 
[ 2022-12-25 18:21:04,429 ] 88 root - INFO - Hypothesis az_006: float64, float64 
[ 2022-12-25 18:21:04,433 ] 88 root - INFO - Hypothesis az_007: float64, float64 
[ 2022-12-25 18:21:04,436 ] 88 root - INFO - Hypothesis az_008: float64, float64 
[ 2022-12-25 18:21:04,449 ] 88 root - INFO - Hypothesis az_009: float64, float64 
[ 2022-12-25 18:21:04,451 ] 88 root - INFO - Hypothesis ba_000: float64, float64 
[ 2022-12-25 18:21:04,456 ] 88 root - INFO - Hypothesis ba_001: float64, float64 
[ 2022-12-25 18:21:04,456 ] 88 root - INFO - Hypothesis ba_002: float64, float64 
[ 2022-12-25 18:21:04,460 ] 88 root - INFO - Hypothesis ba_003: float64, float64 
[ 2022-12-25 18:21:04,467 ] 88 root - INFO - Hypothesis ba_004: float64, float64 
[ 2022-12-25 18:21:04,467 ] 88 root - INFO - Hypothesis ba_005: float64, float64 
[ 2022-12-25 18:21:04,467 ] 88 root - INFO - Hypothesis ba_006: float64, float64 
[ 2022-12-25 18:21:04,476 ] 88 root - INFO - Hypothesis ba_007: float64, float64 
[ 2022-12-25 18:21:04,476 ] 88 root - INFO - Hypothesis ba_008: float64, float64 
[ 2022-12-25 18:21:04,476 ] 88 root - INFO - Hypothesis ba_009: float64, float64 
[ 2022-12-25 18:21:04,486 ] 88 root - INFO - Hypothesis bb_000: float64, float64 
[ 2022-12-25 18:21:04,489 ] 88 root - INFO - Hypothesis bc_000: float64, float64 
[ 2022-12-25 18:21:04,492 ] 88 root - INFO - Hypothesis bd_000: float64, float64 
[ 2022-12-25 18:21:04,495 ] 88 root - INFO - Hypothesis be_000: float64, float64 
[ 2022-12-25 18:21:04,499 ] 88 root - INFO - Hypothesis bf_000: float64, float64 
[ 2022-12-25 18:21:04,499 ] 88 root - INFO - Hypothesis bg_000: float64, float64 
[ 2022-12-25 18:21:04,505 ] 88 root - INFO - Hypothesis bh_000: float64, float64 
[ 2022-12-25 18:21:04,508 ] 88 root - INFO - Hypothesis bi_000: float64, float64 
[ 2022-12-25 18:21:04,514 ] 88 root - INFO - Hypothesis bj_000: float64, float64 
[ 2022-12-25 18:21:04,517 ] 88 root - INFO - Hypothesis bs_000: float64, float64 
[ 2022-12-25 18:21:04,520 ] 88 root - INFO - Hypothesis bt_000: float64, float64 
[ 2022-12-25 18:21:04,525 ] 88 root - INFO - Hypothesis bu_000: float64, float64 
[ 2022-12-25 18:21:04,527 ] 88 root - INFO - Hypothesis bv_000: float64, float64 
[ 2022-12-25 18:21:04,527 ] 88 root - INFO - Hypothesis bx_000: float64, float64 
[ 2022-12-25 18:21:04,535 ] 88 root - INFO - Hypothesis by_000: float64, float64 
[ 2022-12-25 18:21:04,535 ] 88 root - INFO - Hypothesis bz_000: float64, float64 
[ 2022-12-25 18:21:04,540 ] 88 root - INFO - Hypothesis ca_000: float64, float64 
[ 2022-12-25 18:21:04,546 ] 88 root - INFO - Hypothesis cb_000: float64, float64 
[ 2022-12-25 18:21:04,546 ] 88 root - INFO - Hypothesis cc_000: float64, float64 
[ 2022-12-25 18:21:04,546 ] 88 root - INFO - Hypothesis cd_000: float64, float64 
[ 2022-12-25 18:21:04,566 ] 88 root - INFO - Hypothesis ce_000: float64, float64 
[ 2022-12-25 18:21:04,566 ] 88 root - INFO - Hypothesis ci_000: float64, float64 
[ 2022-12-25 18:21:04,572 ] 88 root - INFO - Hypothesis cj_000: float64, float64 
[ 2022-12-25 18:21:04,580 ] 88 root - INFO - Hypothesis ck_000: float64, float64 
[ 2022-12-25 18:21:04,587 ] 88 root - INFO - Hypothesis cl_000: float64, float64 
[ 2022-12-25 18:21:04,587 ] 88 root - INFO - Hypothesis cm_000: float64, float64 
[ 2022-12-25 18:21:04,589 ] 88 root - INFO - Hypothesis cn_000: float64, float64 
[ 2022-12-25 18:21:04,596 ] 88 root - INFO - Hypothesis cn_001: float64, float64 
[ 2022-12-25 18:21:04,606 ] 88 root - INFO - Hypothesis cn_002: float64, float64 
[ 2022-12-25 18:21:04,614 ] 88 root - INFO - Hypothesis cn_003: float64, float64 
[ 2022-12-25 18:21:04,618 ] 88 root - INFO - Hypothesis cn_004: float64, float64 
[ 2022-12-25 18:21:04,622 ] 88 root - INFO - Hypothesis cn_005: float64, float64 
[ 2022-12-25 18:21:04,625 ] 88 root - INFO - Hypothesis cn_006: float64, float64 
[ 2022-12-25 18:21:04,629 ] 88 root - INFO - Hypothesis cn_007: float64, float64 
[ 2022-12-25 18:21:04,633 ] 88 root - INFO - Hypothesis cn_008: float64, float64 
[ 2022-12-25 18:21:04,636 ] 88 root - INFO - Hypothesis cn_009: float64, float64 
[ 2022-12-25 18:21:04,639 ] 88 root - INFO - Hypothesis cp_000: float64, float64 
[ 2022-12-25 18:21:04,643 ] 88 root - INFO - Hypothesis cq_000: float64, float64 
[ 2022-12-25 18:21:04,645 ] 88 root - INFO - Hypothesis cs_000: float64, float64 
[ 2022-12-25 18:21:04,650 ] 88 root - INFO - Hypothesis cs_001: float64, float64 
[ 2022-12-25 18:21:04,653 ] 88 root - INFO - Hypothesis cs_002: float64, float64 
[ 2022-12-25 18:21:04,656 ] 88 root - INFO - Hypothesis cs_003: float64, float64 
[ 2022-12-25 18:21:04,657 ] 88 root - INFO - Hypothesis cs_004: float64, float64 
[ 2022-12-25 18:21:04,657 ] 88 root - INFO - Hypothesis cs_005: float64, float64 
[ 2022-12-25 18:21:04,665 ] 88 root - INFO - Hypothesis cs_006: float64, float64 
[ 2022-12-25 18:21:04,669 ] 88 root - INFO - Hypothesis cs_007: float64, float64 
[ 2022-12-25 18:21:04,674 ] 88 root - INFO - Hypothesis cs_008: float64, float64 
[ 2022-12-25 18:21:04,676 ] 88 root - INFO - Hypothesis cs_009: float64, float64 
[ 2022-12-25 18:21:04,689 ] 88 root - INFO - Hypothesis dd_000: float64, float64 
[ 2022-12-25 18:21:04,694 ] 88 root - INFO - Hypothesis de_000: float64, float64 
[ 2022-12-25 18:21:04,697 ] 88 root - INFO - Hypothesis df_000: float64, float64 
[ 2022-12-25 18:21:04,707 ] 88 root - INFO - Hypothesis dg_000: float64, float64 
[ 2022-12-25 18:21:04,725 ] 88 root - INFO - Hypothesis dh_000: float64, float64 
[ 2022-12-25 18:21:04,736 ] 88 root - INFO - Hypothesis di_000: float64, float64 
[ 2022-12-25 18:21:04,749 ] 88 root - INFO - Hypothesis dj_000: float64, float64 
[ 2022-12-25 18:21:04,765 ] 88 root - INFO - Hypothesis dk_000: float64, float64 
[ 2022-12-25 18:21:04,777 ] 88 root - INFO - Hypothesis dl_000: float64, float64 
[ 2022-12-25 18:21:04,793 ] 88 root - INFO - Hypothesis dm_000: float64, float64 
[ 2022-12-25 18:21:04,807 ] 88 root - INFO - Hypothesis dn_000: float64, float64 
[ 2022-12-25 18:21:04,810 ] 88 root - INFO - Hypothesis do_000: float64, float64 
[ 2022-12-25 18:21:04,813 ] 88 root - INFO - Hypothesis dp_000: float64, float64 
[ 2022-12-25 18:21:04,817 ] 88 root - INFO - Hypothesis dq_000: float64, float64 
[ 2022-12-25 18:21:04,820 ] 88 root - INFO - Hypothesis dr_000: float64, float64 
[ 2022-12-25 18:21:04,823 ] 88 root - INFO - Hypothesis ds_000: float64, float64 
[ 2022-12-25 18:21:04,827 ] 88 root - INFO - Hypothesis dt_000: float64, float64 
[ 2022-12-25 18:21:04,831 ] 88 root - INFO - Hypothesis du_000: float64, float64 
[ 2022-12-25 18:21:04,834 ] 88 root - INFO - Hypothesis dv_000: float64, float64 
[ 2022-12-25 18:21:04,838 ] 88 root - INFO - Hypothesis dx_000: float64, float64 
[ 2022-12-25 18:21:04,840 ] 88 root - INFO - Hypothesis dy_000: float64, float64 
[ 2022-12-25 18:21:04,843 ] 88 root - INFO - Hypothesis dz_000: float64, float64 
[ 2022-12-25 18:21:04,855 ] 88 root - INFO - Hypothesis ea_000: float64, float64 
[ 2022-12-25 18:21:04,866 ] 88 root - INFO - Hypothesis eb_000: float64, float64 
[ 2022-12-25 18:21:04,871 ] 88 root - INFO - Hypothesis ec_00: float64, float64 
[ 2022-12-25 18:21:04,876 ] 88 root - INFO - Hypothesis ed_000: float64, float64 
[ 2022-12-25 18:21:04,878 ] 88 root - INFO - Hypothesis ee_000: float64, float64 
[ 2022-12-25 18:21:04,884 ] 88 root - INFO - Hypothesis ee_001: float64, float64 
[ 2022-12-25 18:21:04,887 ] 88 root - INFO - Hypothesis ee_002: float64, float64 
[ 2022-12-25 18:21:04,889 ] 88 root - INFO - Hypothesis ee_003: float64, float64 
[ 2022-12-25 18:21:04,895 ] 88 root - INFO - Hypothesis ee_004: float64, float64 
[ 2022-12-25 18:21:04,895 ] 88 root - INFO - Hypothesis ee_005: float64, float64 
[ 2022-12-25 18:21:04,899 ] 88 root - INFO - Hypothesis ee_006: float64, float64 
[ 2022-12-25 18:21:04,906 ] 88 root - INFO - Hypothesis ee_007: float64, float64 
[ 2022-12-25 18:21:04,906 ] 88 root - INFO - Hypothesis ee_008: float64, float64 
[ 2022-12-25 18:21:04,912 ] 88 root - INFO - Hypothesis ee_009: float64, float64 
[ 2022-12-25 18:21:04,915 ] 88 root - INFO - Hypothesis ef_000: float64, float64 
[ 2022-12-25 18:21:04,926 ] 88 root - INFO - Hypothesis eg_000: float64, float64 
[ 2022-12-25 18:21:04,939 ] 147 root - INFO - Write reprt in yaml file
[ 2022-12-25 18:21:05,007 ] 152 root - INFO - Data validation artifact: DataValidationArtifact(report_file_path='C:\\Users\\aswin\\OneDrive\\Documents\\Data Science\\Machine Learning Project\\End-to-End-Scancer\\artifact\\12252022__182020\\data_validation\\report.yaml')
[ 2022-12-25 18:21:05,022 ] 22 root - INFO - >>>>>>>>>>>>>>>>>>>>>>>>>>>>>>>>>>>>>>>> Data Transformation <<<<<<<<<<<<<<<<<<<<<<<<<<<<<<<<<<<<<<<<
[ 2022-12-25 18:21:05,934 ] 72 root - INFO - Before resampling in training set Input: (25600, 170) Target:(25600,)
[ 2022-12-25 18:21:12,166 ] 74 root - INFO - After resampling in training set Input: (50010, 170) Target:(50010,)
[ 2022-12-25 18:21:12,166 ] 76 root - INFO - Before resampling in testing set Input: (6400, 170) Target:(6400,)
[ 2022-12-25 18:21:12,637 ] 78 root - INFO - After resampling in testing set Input: (12472, 170) Target:(12472,)
[ 2022-12-25 18:21:12,749 ] 53 root - INFO - Entered the save_object method of utils
[ 2022-12-25 18:21:12,758 ] 57 root - INFO - Exited the save_object method of utils
[ 2022-12-25 18:21:12,758 ] 53 root - INFO - Entered the save_object method of utils
[ 2022-12-25 18:21:12,758 ] 57 root - INFO - Exited the save_object method of utils
[ 2022-12-25 18:21:12,758 ] 109 root - INFO - Data transformation object DataTransformationArtifact(transform_object_path='C:\\Users\\aswin\\OneDrive\\Documents\\Data Science\\Machine Learning Project\\End-to-End-Scancer\\artifact\\12252022__182020\\data_transformation\\transformer\\transformer.pkl', transformed_train_path='C:\\Users\\aswin\\OneDrive\\Documents\\Data Science\\Machine Learning Project\\End-to-End-Scancer\\artifact\\12252022__182020\\data_transformation\\transformed\\train.npz', transformed_test_path='C:\\Users\\aswin\\OneDrive\\Documents\\Data Science\\Machine Learning Project\\End-to-End-Scancer\\artifact\\12252022__182020\\data_transformation\\transformed\\test.npz', target_encoder_path='C:\\Users\\aswin\\OneDrive\\Documents\\Data Science\\Machine Learning Project\\End-to-End-Scancer\\artifact\\12252022__182020\\data_transformation\\target_encoder\\target_encoder.pkl')
[ 2022-12-25 18:21:12,767 ] 18 root - INFO - >>>>>>>>>>>>>>>>>>>>>>>>>>>>>>>>>>>>>>>> Model Trainer <<<<<<<<<<<<<<<<<<<<<<<<<<<<<<<<<<<<<<<<
[ 2022-12-25 18:21:12,767 ] 45 root - INFO - Loading train and test array.
[ 2022-12-25 18:21:12,807 ] 49 root - INFO - Splitting input and target feature from both train and test arr.
[ 2022-12-25 18:21:12,807 ] 53 root - INFO - Train the model
[ 2022-12-25 18:21:22,818 ] 56 root - INFO - Calculating f1 train score
[ 2022-12-25 18:21:22,898 ] 60 root - INFO - Calculating f1 test score
[ 2022-12-25 18:21:22,924 ] 64 root - INFO - train score:1.0 and tests score 0.9877603955580774
[ 2022-12-25 18:21:22,924 ] 66 root - INFO - Checking if our model is underfitting or not
[ 2022-12-25 18:21:22,924 ] 71 root - INFO - Checking if our model is overfiiting or not
[ 2022-12-25 18:21:22,925 ] 78 root - INFO - Saving mode object
[ 2022-12-25 18:21:22,925 ] 53 root - INFO - Entered the save_object method of utils
[ 2022-12-25 18:21:22,930 ] 57 root - INFO - Exited the save_object method of utils
[ 2022-12-25 18:21:22,930 ] 82 root - INFO - Prepare the artifact
[ 2022-12-25 18:21:22,930 ] 85 root - INFO - Model trainer artifact: ModelTrainerArtifact(model_path='C:\\Users\\aswin\\OneDrive\\Documents\\Data Science\\Machine Learning Project\\End-to-End-Scancer\\artifact\\12252022__182020\\model_trainer\\model\\model.pkl', f1_train_score=1.0, f1_test_score=0.9877603955580774)
[ 2022-12-25 18:21:22,934 ] 19 root - INFO - >>>>>>>>>>>>>>>>>>>>>>>>>>>>>>>>>>>>>>>>  Model Evaluation <<<<<<<<<<<<<<<<<<<<<<<<<<<<<<<<<<<<<<<<
[ 2022-12-25 18:21:22,935 ] 35 root - INFO - if saved model folder has model the we will compare which model is best trained or the model from saved model folder
