[ 2022-12-25 18:27:00,852 ] 148 numexpr.utils - INFO - Note: NumExpr detected 12 cores but "NUMEXPR_MAX_THREADS" not set, so enforcing safe limit of 8.
[ 2022-12-25 18:27:00,852 ] 160 numexpr.utils - INFO - NumExpr defaulting to 8 threads.
[ 2022-12-25 18:27:05,574 ] 15 root - INFO - >>>>>>>>>>>>>>>>>>>>>>>>>>>>>>>>>>>>>>>> Data Ingestion <<<<<<<<<<<<<<<<<<<<<<<<<<<<<<<<<<<<<<<<
[ 2022-12-25 18:27:05,574 ] 22 root - INFO - Exporting collection data as pandas dataframe
[ 2022-12-25 18:27:05,574 ] 22 root - INFO - Reading data from database: aps and collection: sensor
[ 2022-12-25 18:27:51,447 ] 24 root - INFO - Found columns: Index(['_id', 'class', 'aa_000', 'ab_000', 'ac_000', 'ad_000', 'ae_000',
       'af_000', 'ag_000', 'ag_001',
       ...
       'ee_002', 'ee_003', 'ee_004', 'ee_005', 'ee_006', 'ee_007', 'ee_008',
       'ee_009', 'ef_000', 'eg_000'],
      dtype='object', length=172)
[ 2022-12-25 18:27:51,447 ] 26 root - INFO - Dropping column: _id 
[ 2022-12-25 18:27:51,790 ] 28 root - INFO - Row and columns in df: (32000, 171)
[ 2022-12-25 18:27:51,790 ] 26 root - INFO - Save data in feature store
[ 2022-12-25 18:27:52,356 ] 32 root - INFO - Create feature store folder if not available
[ 2022-12-25 18:27:52,372 ] 36 root - INFO - Save df to feature store folder
[ 2022-12-25 18:27:54,564 ] 41 root - INFO - split dataset into train and test set
[ 2022-12-25 18:27:55,098 ] 45 root - INFO - create dataset directory folder if not available
[ 2022-12-25 18:27:55,098 ] 50 root - INFO - Save df to feature store folder
[ 2022-12-25 18:27:57,072 ] 62 root - INFO - Data ingestion artifact: DataIngestionArtifact(feature_store_file_path='C:\\Users\\aswin\\OneDrive\\Documents\\Data Science\\Machine Learning Project\\End-to-End-Scancer\\artifact\\12252022__182705\\data_ingestion\\feature_store\\sensor.csv', train_file_path='C:\\Users\\aswin\\OneDrive\\Documents\\Data Science\\Machine Learning Project\\End-to-End-Scancer\\artifact\\12252022__182705\\data_ingestion\\dataset\\train.csv', test_file_path='C:\\Users\\aswin\\OneDrive\\Documents\\Data Science\\Machine Learning Project\\End-to-End-Scancer\\artifact\\12252022__182705\\data_ingestion\\dataset\\test.csv')
[ 2022-12-25 18:27:57,337 ] 22 root - INFO - >>>>>>>>>>>>>>>>>>>>>>>>>>>>>>>>>>>>>>>> Data Validation <<<<<<<<<<<<<<<<<<<<<<<<<<<<<<<<<<<<<<<<
[ 2022-12-25 18:27:57,337 ] 110 root - INFO - Reading base dataframe
[ 2022-12-25 18:27:58,610 ] 113 root - INFO - Replace na value in base df
[ 2022-12-25 18:27:58,610 ] 115 root - INFO - Drop null values colums from base df
[ 2022-12-25 18:27:58,958 ] 44 root - INFO - selecting column name which contains null above to 0.2
[ 2022-12-25 18:27:58,958 ] 47 root - INFO - Columns to drop: ['ab_000', 'ad_000', 'bk_000', 'bl_000', 'bm_000', 'bn_000', 'bo_000', 'bp_000', 'bq_000', 'br_000', 'cf_000', 'cg_000', 'ch_000', 'co_000', 'cr_000', 'ct_000', 'cu_000', 'cv_000', 'cx_000', 'cy_000', 'cz_000', 'da_000', 'db_000', 'dc_000']
[ 2022-12-25 18:27:58,982 ] 118 root - INFO - Reading train dataframe
[ 2022-12-25 18:27:59,311 ] 120 root - INFO - Reading test dataframe
[ 2022-12-25 18:27:59,406 ] 123 root - INFO - Drop null values colums from train df
[ 2022-12-25 18:27:59,406 ] 44 root - INFO - selecting column name which contains null above to 0.2
[ 2022-12-25 18:27:59,406 ] 47 root - INFO - Columns to drop: ['ab_000', 'ad_000', 'bk_000', 'bl_000', 'bm_000', 'bn_000', 'bo_000', 'bp_000', 'bq_000', 'br_000', 'cf_000', 'cg_000', 'ch_000', 'co_000', 'cr_000', 'ct_000', 'cu_000', 'cv_000', 'cx_000', 'cy_000', 'cz_000', 'da_000', 'db_000', 'dc_000']
[ 2022-12-25 18:27:59,424 ] 125 root - INFO - Drop null values colums from test df
[ 2022-12-25 18:27:59,424 ] 44 root - INFO - selecting column name which contains null above to 0.2
[ 2022-12-25 18:27:59,424 ] 47 root - INFO - Columns to drop: ['ab_000', 'ad_000', 'bk_000', 'bl_000', 'bm_000', 'bn_000', 'bo_000', 'bp_000', 'bq_000', 'br_000', 'cf_000', 'cg_000', 'ch_000', 'co_000', 'cr_000', 'ct_000', 'cu_000', 'cv_000', 'cx_000', 'cy_000', 'cz_000', 'da_000', 'db_000', 'dc_000']
[ 2022-12-25 18:28:02,303 ] 134 root - INFO - Is all required columns present in train df
[ 2022-12-25 18:28:02,303 ] 136 root - INFO - Is all required columns present in test df
[ 2022-12-25 18:28:02,303 ] 140 root - INFO - As all column are available in train df hence detecting data drift
[ 2022-12-25 18:28:02,303 ] 88 root - INFO - Hypothesis class: object, object 
[ 2022-12-25 18:28:02,365 ] 88 root - INFO - Hypothesis aa_000: float64, float64 
[ 2022-12-25 18:28:02,380 ] 88 root - INFO - Hypothesis ac_000: float64, float64 
[ 2022-12-25 18:28:02,443 ] 88 root - INFO - Hypothesis ae_000: float64, float64 
[ 2022-12-25 18:28:02,459 ] 88 root - INFO - Hypothesis af_000: float64, float64 
[ 2022-12-25 18:28:02,490 ] 88 root - INFO - Hypothesis ag_000: float64, float64 
[ 2022-12-25 18:28:02,522 ] 88 root - INFO - Hypothesis ag_001: float64, float64 
[ 2022-12-25 18:28:02,553 ] 88 root - INFO - Hypothesis ag_002: float64, float64 
[ 2022-12-25 18:28:02,568 ] 88 root - INFO - Hypothesis ag_003: float64, float64 
[ 2022-12-25 18:28:02,600 ] 88 root - INFO - Hypothesis ag_004: float64, float64 
[ 2022-12-25 18:28:02,631 ] 88 root - INFO - Hypothesis ag_005: float64, float64 
[ 2022-12-25 18:28:02,647 ] 88 root - INFO - Hypothesis ag_006: float64, float64 
[ 2022-12-25 18:28:02,647 ] 88 root - INFO - Hypothesis ag_007: float64, float64 
[ 2022-12-25 18:28:02,678 ] 88 root - INFO - Hypothesis ag_008: float64, float64 
[ 2022-12-25 18:28:02,678 ] 88 root - INFO - Hypothesis ag_009: float64, float64 
[ 2022-12-25 18:28:02,710 ] 88 root - INFO - Hypothesis ah_000: float64, float64 
[ 2022-12-25 18:28:02,710 ] 88 root - INFO - Hypothesis ai_000: float64, float64 
[ 2022-12-25 18:28:02,741 ] 88 root - INFO - Hypothesis aj_000: float64, float64 
[ 2022-12-25 18:28:02,757 ] 88 root - INFO - Hypothesis ak_000: float64, float64 
[ 2022-12-25 18:28:02,788 ] 88 root - INFO - Hypothesis al_000: float64, float64 
[ 2022-12-25 18:28:02,819 ] 88 root - INFO - Hypothesis am_0: float64, float64 
[ 2022-12-25 18:28:02,835 ] 88 root - INFO - Hypothesis an_000: float64, float64 
[ 2022-12-25 18:28:02,835 ] 88 root - INFO - Hypothesis ao_000: float64, float64 
[ 2022-12-25 18:28:02,851 ] 88 root - INFO - Hypothesis ap_000: float64, float64 
[ 2022-12-25 18:28:02,851 ] 88 root - INFO - Hypothesis aq_000: float64, float64 
[ 2022-12-25 18:28:02,866 ] 88 root - INFO - Hypothesis ar_000: float64, float64 
[ 2022-12-25 18:28:02,885 ] 88 root - INFO - Hypothesis as_000: float64, float64 
[ 2022-12-25 18:28:02,913 ] 88 root - INFO - Hypothesis at_000: float64, float64 
[ 2022-12-25 18:28:02,945 ] 88 root - INFO - Hypothesis au_000: float64, float64 
[ 2022-12-25 18:28:02,978 ] 88 root - INFO - Hypothesis av_000: float64, float64 
[ 2022-12-25 18:28:03,007 ] 88 root - INFO - Hypothesis ax_000: float64, float64 
[ 2022-12-25 18:28:03,023 ] 88 root - INFO - Hypothesis ay_000: float64, float64 
[ 2022-12-25 18:28:03,054 ] 88 root - INFO - Hypothesis ay_001: float64, float64 
[ 2022-12-25 18:28:03,086 ] 88 root - INFO - Hypothesis ay_002: float64, float64 
[ 2022-12-25 18:28:03,118 ] 88 root - INFO - Hypothesis ay_003: float64, float64 
[ 2022-12-25 18:28:03,133 ] 88 root - INFO - Hypothesis ay_004: float64, float64 
[ 2022-12-25 18:28:03,164 ] 88 root - INFO - Hypothesis ay_005: float64, float64 
[ 2022-12-25 18:28:03,195 ] 88 root - INFO - Hypothesis ay_006: float64, float64 
[ 2022-12-25 18:28:03,227 ] 88 root - INFO - Hypothesis ay_007: float64, float64 
[ 2022-12-25 18:28:03,258 ] 88 root - INFO - Hypothesis ay_008: float64, float64 
[ 2022-12-25 18:28:03,258 ] 88 root - INFO - Hypothesis ay_009: float64, float64 
[ 2022-12-25 18:28:03,290 ] 88 root - INFO - Hypothesis az_000: float64, float64 
[ 2022-12-25 18:28:03,321 ] 88 root - INFO - Hypothesis az_001: float64, float64 
[ 2022-12-25 18:28:03,352 ] 88 root - INFO - Hypothesis az_002: float64, float64 
[ 2022-12-25 18:28:03,369 ] 88 root - INFO - Hypothesis az_003: float64, float64 
[ 2022-12-25 18:28:03,401 ] 88 root - INFO - Hypothesis az_004: float64, float64 
[ 2022-12-25 18:28:03,431 ] 88 root - INFO - Hypothesis az_005: float64, float64 
[ 2022-12-25 18:28:03,463 ] 88 root - INFO - Hypothesis az_006: float64, float64 
[ 2022-12-25 18:28:03,494 ] 88 root - INFO - Hypothesis az_007: float64, float64 
[ 2022-12-25 18:28:03,510 ] 88 root - INFO - Hypothesis az_008: float64, float64 
[ 2022-12-25 18:28:03,541 ] 88 root - INFO - Hypothesis az_009: float64, float64 
[ 2022-12-25 18:28:03,572 ] 88 root - INFO - Hypothesis ba_000: float64, float64 
[ 2022-12-25 18:28:03,572 ] 88 root - INFO - Hypothesis ba_001: float64, float64 
[ 2022-12-25 18:28:03,610 ] 88 root - INFO - Hypothesis ba_002: float64, float64 
[ 2022-12-25 18:28:03,636 ] 88 root - INFO - Hypothesis ba_003: float64, float64 
[ 2022-12-25 18:28:03,641 ] 88 root - INFO - Hypothesis ba_004: float64, float64 
[ 2022-12-25 18:28:03,641 ] 88 root - INFO - Hypothesis ba_005: float64, float64 
[ 2022-12-25 18:28:03,665 ] 88 root - INFO - Hypothesis ba_006: float64, float64 
[ 2022-12-25 18:28:03,681 ] 88 root - INFO - Hypothesis ba_007: float64, float64 
[ 2022-12-25 18:28:03,697 ] 88 root - INFO - Hypothesis ba_008: float64, float64 
[ 2022-12-25 18:28:03,728 ] 88 root - INFO - Hypothesis ba_009: float64, float64 
[ 2022-12-25 18:28:03,760 ] 88 root - INFO - Hypothesis bb_000: float64, float64 
[ 2022-12-25 18:28:03,760 ] 88 root - INFO - Hypothesis bc_000: float64, float64 
[ 2022-12-25 18:28:03,775 ] 88 root - INFO - Hypothesis bd_000: float64, float64 
[ 2022-12-25 18:28:03,791 ] 88 root - INFO - Hypothesis be_000: float64, float64 
[ 2022-12-25 18:28:03,807 ] 88 root - INFO - Hypothesis bf_000: float64, float64 
[ 2022-12-25 18:28:03,838 ] 88 root - INFO - Hypothesis bg_000: float64, float64 
[ 2022-12-25 18:28:03,838 ] 88 root - INFO - Hypothesis bh_000: float64, float64 
[ 2022-12-25 18:28:03,869 ] 88 root - INFO - Hypothesis bi_000: float64, float64 
[ 2022-12-25 18:28:03,900 ] 88 root - INFO - Hypothesis bj_000: float64, float64 
[ 2022-12-25 18:28:03,916 ] 88 root - INFO - Hypothesis bs_000: float64, float64 
[ 2022-12-25 18:28:03,932 ] 88 root - INFO - Hypothesis bt_000: float64, float64 
[ 2022-12-25 18:28:03,947 ] 88 root - INFO - Hypothesis bu_000: float64, float64 
[ 2022-12-25 18:28:03,947 ] 88 root - INFO - Hypothesis bv_000: float64, float64 
[ 2022-12-25 18:28:03,963 ] 88 root - INFO - Hypothesis bx_000: float64, float64 
[ 2022-12-25 18:28:03,963 ] 88 root - INFO - Hypothesis by_000: float64, float64 
[ 2022-12-25 18:28:03,987 ] 88 root - INFO - Hypothesis bz_000: float64, float64 
[ 2022-12-25 18:28:04,018 ] 88 root - INFO - Hypothesis ca_000: float64, float64 
[ 2022-12-25 18:28:04,018 ] 88 root - INFO - Hypothesis cb_000: float64, float64 
[ 2022-12-25 18:28:04,050 ] 88 root - INFO - Hypothesis cc_000: float64, float64 
[ 2022-12-25 18:28:04,081 ] 88 root - INFO - Hypothesis cd_000: float64, float64 
[ 2022-12-25 18:28:04,081 ] 88 root - INFO - Hypothesis ce_000: float64, float64 
[ 2022-12-25 18:28:04,113 ] 88 root - INFO - Hypothesis ci_000: float64, float64 
[ 2022-12-25 18:28:04,128 ] 88 root - INFO - Hypothesis cj_000: float64, float64 
[ 2022-12-25 18:28:04,160 ] 88 root - INFO - Hypothesis ck_000: float64, float64 
[ 2022-12-25 18:28:04,160 ] 88 root - INFO - Hypothesis cl_000: float64, float64 
[ 2022-12-25 18:28:04,191 ] 88 root - INFO - Hypothesis cm_000: float64, float64 
[ 2022-12-25 18:28:04,191 ] 88 root - INFO - Hypothesis cn_000: float64, float64 
[ 2022-12-25 18:28:04,222 ] 88 root - INFO - Hypothesis cn_001: float64, float64 
[ 2022-12-25 18:28:04,253 ] 88 root - INFO - Hypothesis cn_002: float64, float64 
[ 2022-12-25 18:28:04,285 ] 88 root - INFO - Hypothesis cn_003: float64, float64 
[ 2022-12-25 18:28:04,285 ] 88 root - INFO - Hypothesis cn_004: float64, float64 
[ 2022-12-25 18:28:04,302 ] 88 root - INFO - Hypothesis cn_005: float64, float64 
[ 2022-12-25 18:28:04,331 ] 88 root - INFO - Hypothesis cn_006: float64, float64 
[ 2022-12-25 18:28:04,346 ] 88 root - INFO - Hypothesis cn_007: float64, float64 
[ 2022-12-25 18:28:04,393 ] 88 root - INFO - Hypothesis cn_008: float64, float64 
[ 2022-12-25 18:28:04,409 ] 88 root - INFO - Hypothesis cn_009: float64, float64 
[ 2022-12-25 18:28:04,449 ] 88 root - INFO - Hypothesis cp_000: float64, float64 
[ 2022-12-25 18:28:04,473 ] 88 root - INFO - Hypothesis cq_000: float64, float64 
[ 2022-12-25 18:28:04,567 ] 88 root - INFO - Hypothesis cs_000: float64, float64 
[ 2022-12-25 18:28:04,582 ] 88 root - INFO - Hypothesis cs_001: float64, float64 
[ 2022-12-25 18:28:04,582 ] 88 root - INFO - Hypothesis cs_002: float64, float64 
[ 2022-12-25 18:28:04,582 ] 88 root - INFO - Hypothesis cs_003: float64, float64 
[ 2022-12-25 18:28:04,613 ] 88 root - INFO - Hypothesis cs_004: float64, float64 
[ 2022-12-25 18:28:04,645 ] 88 root - INFO - Hypothesis cs_005: float64, float64 
[ 2022-12-25 18:28:04,645 ] 88 root - INFO - Hypothesis cs_006: float64, float64 
[ 2022-12-25 18:28:04,645 ] 88 root - INFO - Hypothesis cs_007: float64, float64 
[ 2022-12-25 18:28:04,660 ] 88 root - INFO - Hypothesis cs_008: float64, float64 
[ 2022-12-25 18:28:04,676 ] 88 root - INFO - Hypothesis cs_009: float64, float64 
[ 2022-12-25 18:28:04,692 ] 88 root - INFO - Hypothesis dd_000: float64, float64 
[ 2022-12-25 18:28:04,708 ] 88 root - INFO - Hypothesis de_000: float64, float64 
[ 2022-12-25 18:28:04,739 ] 88 root - INFO - Hypothesis df_000: float64, float64 
[ 2022-12-25 18:28:04,755 ] 88 root - INFO - Hypothesis dg_000: float64, float64 
[ 2022-12-25 18:28:04,793 ] 88 root - INFO - Hypothesis dh_000: float64, float64 
[ 2022-12-25 18:28:04,849 ] 88 root - INFO - Hypothesis di_000: float64, float64 
[ 2022-12-25 18:28:04,864 ] 88 root - INFO - Hypothesis dj_000: float64, float64 
[ 2022-12-25 18:28:04,896 ] 88 root - INFO - Hypothesis dk_000: float64, float64 
[ 2022-12-25 18:28:04,927 ] 88 root - INFO - Hypothesis dl_000: float64, float64 
[ 2022-12-25 18:28:04,958 ] 88 root - INFO - Hypothesis dm_000: float64, float64 
[ 2022-12-25 18:28:04,989 ] 88 root - INFO - Hypothesis dn_000: float64, float64 
[ 2022-12-25 18:28:05,005 ] 88 root - INFO - Hypothesis do_000: float64, float64 
[ 2022-12-25 18:28:05,036 ] 88 root - INFO - Hypothesis dp_000: float64, float64 
[ 2022-12-25 18:28:05,068 ] 88 root - INFO - Hypothesis dq_000: float64, float64 
[ 2022-12-25 18:28:05,099 ] 88 root - INFO - Hypothesis dr_000: float64, float64 
[ 2022-12-25 18:28:05,115 ] 88 root - INFO - Hypothesis ds_000: float64, float64 
[ 2022-12-25 18:28:05,148 ] 88 root - INFO - Hypothesis dt_000: float64, float64 
[ 2022-12-25 18:28:05,178 ] 88 root - INFO - Hypothesis du_000: float64, float64 
[ 2022-12-25 18:28:05,178 ] 88 root - INFO - Hypothesis dv_000: float64, float64 
[ 2022-12-25 18:28:05,178 ] 88 root - INFO - Hypothesis dx_000: float64, float64 
[ 2022-12-25 18:28:05,210 ] 88 root - INFO - Hypothesis dy_000: float64, float64 
[ 2022-12-25 18:28:05,242 ] 88 root - INFO - Hypothesis dz_000: float64, float64 
[ 2022-12-25 18:28:05,273 ] 88 root - INFO - Hypothesis ea_000: float64, float64 
[ 2022-12-25 18:28:05,289 ] 88 root - INFO - Hypothesis eb_000: float64, float64 
[ 2022-12-25 18:28:05,320 ] 88 root - INFO - Hypothesis ec_00: float64, float64 
[ 2022-12-25 18:28:05,351 ] 88 root - INFO - Hypothesis ed_000: float64, float64 
[ 2022-12-25 18:28:05,382 ] 88 root - INFO - Hypothesis ee_000: float64, float64 
[ 2022-12-25 18:28:05,382 ] 88 root - INFO - Hypothesis ee_001: float64, float64 
[ 2022-12-25 18:28:05,414 ] 88 root - INFO - Hypothesis ee_002: float64, float64 
[ 2022-12-25 18:28:05,445 ] 88 root - INFO - Hypothesis ee_003: float64, float64 
[ 2022-12-25 18:28:05,482 ] 88 root - INFO - Hypothesis ee_004: float64, float64 
[ 2022-12-25 18:28:05,507 ] 88 root - INFO - Hypothesis ee_005: float64, float64 
[ 2022-12-25 18:28:05,539 ] 88 root - INFO - Hypothesis ee_006: float64, float64 
[ 2022-12-25 18:28:05,539 ] 88 root - INFO - Hypothesis ee_007: float64, float64 
[ 2022-12-25 18:28:05,539 ] 88 root - INFO - Hypothesis ee_008: float64, float64 
[ 2022-12-25 18:28:05,570 ] 88 root - INFO - Hypothesis ee_009: float64, float64 
[ 2022-12-25 18:28:05,602 ] 88 root - INFO - Hypothesis ef_000: float64, float64 
[ 2022-12-25 18:28:05,636 ] 88 root - INFO - Hypothesis eg_000: float64, float64 
[ 2022-12-25 18:28:05,649 ] 143 root - INFO - As all column are available in test df hence detecting data drift
[ 2022-12-25 18:28:05,649 ] 88 root - INFO - Hypothesis class: object, object 
[ 2022-12-25 18:28:05,680 ] 88 root - INFO - Hypothesis aa_000: float64, float64 
[ 2022-12-25 18:28:05,680 ] 88 root - INFO - Hypothesis ac_000: float64, float64 
[ 2022-12-25 18:28:05,680 ] 88 root - INFO - Hypothesis ae_000: float64, float64 
[ 2022-12-25 18:28:05,695 ] 88 root - INFO - Hypothesis af_000: float64, float64 
[ 2022-12-25 18:28:05,711 ] 88 root - INFO - Hypothesis ag_000: float64, float64 
[ 2022-12-25 18:28:05,712 ] 88 root - INFO - Hypothesis ag_001: float64, float64 
[ 2022-12-25 18:28:05,728 ] 88 root - INFO - Hypothesis ag_002: float64, float64 
[ 2022-12-25 18:28:05,743 ] 88 root - INFO - Hypothesis ag_003: float64, float64 
[ 2022-12-25 18:28:05,743 ] 88 root - INFO - Hypothesis ag_004: float64, float64 
[ 2022-12-25 18:28:05,743 ] 88 root - INFO - Hypothesis ag_005: float64, float64 
[ 2022-12-25 18:28:05,759 ] 88 root - INFO - Hypothesis ag_006: float64, float64 
[ 2022-12-25 18:28:05,759 ] 88 root - INFO - Hypothesis ag_007: float64, float64 
[ 2022-12-25 18:28:05,759 ] 88 root - INFO - Hypothesis ag_008: float64, float64 
[ 2022-12-25 18:28:05,759 ] 88 root - INFO - Hypothesis ag_009: float64, float64 
[ 2022-12-25 18:28:05,775 ] 88 root - INFO - Hypothesis ah_000: float64, float64 
[ 2022-12-25 18:28:05,777 ] 88 root - INFO - Hypothesis ai_000: float64, float64 
[ 2022-12-25 18:28:05,777 ] 88 root - INFO - Hypothesis aj_000: float64, float64 
[ 2022-12-25 18:28:05,777 ] 88 root - INFO - Hypothesis ak_000: float64, float64 
[ 2022-12-25 18:28:05,790 ] 88 root - INFO - Hypothesis al_000: float64, float64 
[ 2022-12-25 18:28:05,790 ] 88 root - INFO - Hypothesis am_0: float64, float64 
[ 2022-12-25 18:28:05,790 ] 88 root - INFO - Hypothesis an_000: float64, float64 
[ 2022-12-25 18:28:05,807 ] 88 root - INFO - Hypothesis ao_000: float64, float64 
[ 2022-12-25 18:28:05,807 ] 88 root - INFO - Hypothesis ap_000: float64, float64 
[ 2022-12-25 18:28:05,807 ] 88 root - INFO - Hypothesis aq_000: float64, float64 
[ 2022-12-25 18:28:05,807 ] 88 root - INFO - Hypothesis ar_000: float64, float64 
[ 2022-12-25 18:28:05,822 ] 88 root - INFO - Hypothesis as_000: float64, float64 
[ 2022-12-25 18:28:05,838 ] 88 root - INFO - Hypothesis at_000: float64, float64 
[ 2022-12-25 18:28:05,853 ] 88 root - INFO - Hypothesis au_000: float64, float64 
[ 2022-12-25 18:28:05,869 ] 88 root - INFO - Hypothesis av_000: float64, float64 
[ 2022-12-25 18:28:05,869 ] 88 root - INFO - Hypothesis ax_000: float64, float64 
[ 2022-12-25 18:28:05,869 ] 88 root - INFO - Hypothesis ay_000: float64, float64 
[ 2022-12-25 18:28:05,884 ] 88 root - INFO - Hypothesis ay_001: float64, float64 
[ 2022-12-25 18:28:05,884 ] 88 root - INFO - Hypothesis ay_002: float64, float64 
[ 2022-12-25 18:28:05,900 ] 88 root - INFO - Hypothesis ay_003: float64, float64 
[ 2022-12-25 18:28:05,922 ] 88 root - INFO - Hypothesis ay_004: float64, float64 
[ 2022-12-25 18:28:05,925 ] 88 root - INFO - Hypothesis ay_005: float64, float64 
[ 2022-12-25 18:28:05,938 ] 88 root - INFO - Hypothesis ay_006: float64, float64 
[ 2022-12-25 18:28:05,941 ] 88 root - INFO - Hypothesis ay_007: float64, float64 
[ 2022-12-25 18:28:05,945 ] 88 root - INFO - Hypothesis ay_008: float64, float64 
[ 2022-12-25 18:28:05,948 ] 88 root - INFO - Hypothesis ay_009: float64, float64 
[ 2022-12-25 18:28:05,951 ] 88 root - INFO - Hypothesis az_000: float64, float64 
[ 2022-12-25 18:28:05,953 ] 88 root - INFO - Hypothesis az_001: float64, float64 
[ 2022-12-25 18:28:05,953 ] 88 root - INFO - Hypothesis az_002: float64, float64 
[ 2022-12-25 18:28:05,962 ] 88 root - INFO - Hypothesis az_003: float64, float64 
[ 2022-12-25 18:28:05,962 ] 88 root - INFO - Hypothesis az_004: float64, float64 
[ 2022-12-25 18:28:05,978 ] 88 root - INFO - Hypothesis az_005: float64, float64 
[ 2022-12-25 18:28:05,978 ] 88 root - INFO - Hypothesis az_006: float64, float64 
[ 2022-12-25 18:28:05,978 ] 88 root - INFO - Hypothesis az_007: float64, float64 
[ 2022-12-25 18:28:05,978 ] 88 root - INFO - Hypothesis az_008: float64, float64 
[ 2022-12-25 18:28:05,993 ] 88 root - INFO - Hypothesis az_009: float64, float64 
[ 2022-12-25 18:28:05,993 ] 88 root - INFO - Hypothesis ba_000: float64, float64 
[ 2022-12-25 18:28:05,993 ] 88 root - INFO - Hypothesis ba_001: float64, float64 
[ 2022-12-25 18:28:06,009 ] 88 root - INFO - Hypothesis ba_002: float64, float64 
[ 2022-12-25 18:28:06,009 ] 88 root - INFO - Hypothesis ba_003: float64, float64 
[ 2022-12-25 18:28:06,009 ] 88 root - INFO - Hypothesis ba_004: float64, float64 
[ 2022-12-25 18:28:06,009 ] 88 root - INFO - Hypothesis ba_005: float64, float64 
[ 2022-12-25 18:28:06,024 ] 88 root - INFO - Hypothesis ba_006: float64, float64 
[ 2022-12-25 18:28:06,024 ] 88 root - INFO - Hypothesis ba_007: float64, float64 
[ 2022-12-25 18:28:06,024 ] 88 root - INFO - Hypothesis ba_008: float64, float64 
[ 2022-12-25 18:28:06,024 ] 88 root - INFO - Hypothesis ba_009: float64, float64 
[ 2022-12-25 18:28:06,024 ] 88 root - INFO - Hypothesis bb_000: float64, float64 
[ 2022-12-25 18:28:06,040 ] 88 root - INFO - Hypothesis bc_000: float64, float64 
[ 2022-12-25 18:28:06,040 ] 88 root - INFO - Hypothesis bd_000: float64, float64 
[ 2022-12-25 18:28:06,040 ] 88 root - INFO - Hypothesis be_000: float64, float64 
[ 2022-12-25 18:28:06,040 ] 88 root - INFO - Hypothesis bf_000: float64, float64 
[ 2022-12-25 18:28:06,040 ] 88 root - INFO - Hypothesis bg_000: float64, float64 
[ 2022-12-25 18:28:06,056 ] 88 root - INFO - Hypothesis bh_000: float64, float64 
[ 2022-12-25 18:28:06,056 ] 88 root - INFO - Hypothesis bi_000: float64, float64 
[ 2022-12-25 18:28:06,056 ] 88 root - INFO - Hypothesis bj_000: float64, float64 
[ 2022-12-25 18:28:06,056 ] 88 root - INFO - Hypothesis bs_000: float64, float64 
[ 2022-12-25 18:28:06,071 ] 88 root - INFO - Hypothesis bt_000: float64, float64 
[ 2022-12-25 18:28:06,071 ] 88 root - INFO - Hypothesis bu_000: float64, float64 
[ 2022-12-25 18:28:06,071 ] 88 root - INFO - Hypothesis bv_000: float64, float64 
[ 2022-12-25 18:28:06,071 ] 88 root - INFO - Hypothesis bx_000: float64, float64 
[ 2022-12-25 18:28:06,071 ] 88 root - INFO - Hypothesis by_000: float64, float64 
[ 2022-12-25 18:28:06,087 ] 88 root - INFO - Hypothesis bz_000: float64, float64 
[ 2022-12-25 18:28:06,087 ] 88 root - INFO - Hypothesis ca_000: float64, float64 
[ 2022-12-25 18:28:06,087 ] 88 root - INFO - Hypothesis cb_000: float64, float64 
[ 2022-12-25 18:28:06,087 ] 88 root - INFO - Hypothesis cc_000: float64, float64 
[ 2022-12-25 18:28:06,103 ] 88 root - INFO - Hypothesis cd_000: float64, float64 
[ 2022-12-25 18:28:06,103 ] 88 root - INFO - Hypothesis ce_000: float64, float64 
[ 2022-12-25 18:28:06,118 ] 88 root - INFO - Hypothesis ci_000: float64, float64 
[ 2022-12-25 18:28:06,118 ] 88 root - INFO - Hypothesis cj_000: float64, float64 
[ 2022-12-25 18:28:06,134 ] 88 root - INFO - Hypothesis ck_000: float64, float64 
[ 2022-12-25 18:28:06,139 ] 88 root - INFO - Hypothesis cl_000: float64, float64 
[ 2022-12-25 18:28:06,139 ] 88 root - INFO - Hypothesis cm_000: float64, float64 
[ 2022-12-25 18:28:06,139 ] 88 root - INFO - Hypothesis cn_000: float64, float64 
[ 2022-12-25 18:28:06,162 ] 88 root - INFO - Hypothesis cn_001: float64, float64 
[ 2022-12-25 18:28:06,173 ] 88 root - INFO - Hypothesis cn_002: float64, float64 
[ 2022-12-25 18:28:06,176 ] 88 root - INFO - Hypothesis cn_003: float64, float64 
[ 2022-12-25 18:28:06,179 ] 88 root - INFO - Hypothesis cn_004: float64, float64 
[ 2022-12-25 18:28:06,182 ] 88 root - INFO - Hypothesis cn_005: float64, float64 
[ 2022-12-25 18:28:06,185 ] 88 root - INFO - Hypothesis cn_006: float64, float64 
[ 2022-12-25 18:28:06,187 ] 88 root - INFO - Hypothesis cn_007: float64, float64 
[ 2022-12-25 18:28:06,187 ] 88 root - INFO - Hypothesis cn_008: float64, float64 
[ 2022-12-25 18:28:06,187 ] 88 root - INFO - Hypothesis cn_009: float64, float64 
[ 2022-12-25 18:28:06,197 ] 88 root - INFO - Hypothesis cp_000: float64, float64 
[ 2022-12-25 18:28:06,197 ] 88 root - INFO - Hypothesis cq_000: float64, float64 
[ 2022-12-25 18:28:06,197 ] 88 root - INFO - Hypothesis cs_000: float64, float64 
[ 2022-12-25 18:28:06,197 ] 88 root - INFO - Hypothesis cs_001: float64, float64 
[ 2022-12-25 18:28:06,197 ] 88 root - INFO - Hypothesis cs_002: float64, float64 
[ 2022-12-25 18:28:06,213 ] 88 root - INFO - Hypothesis cs_003: float64, float64 
[ 2022-12-25 18:28:06,213 ] 88 root - INFO - Hypothesis cs_004: float64, float64 
[ 2022-12-25 18:28:06,213 ] 88 root - INFO - Hypothesis cs_005: float64, float64 
[ 2022-12-25 18:28:06,213 ] 88 root - INFO - Hypothesis cs_006: float64, float64 
[ 2022-12-25 18:28:06,228 ] 88 root - INFO - Hypothesis cs_007: float64, float64 
[ 2022-12-25 18:28:06,228 ] 88 root - INFO - Hypothesis cs_008: float64, float64 
[ 2022-12-25 18:28:06,228 ] 88 root - INFO - Hypothesis cs_009: float64, float64 
[ 2022-12-25 18:28:06,244 ] 88 root - INFO - Hypothesis dd_000: float64, float64 
[ 2022-12-25 18:28:06,244 ] 88 root - INFO - Hypothesis de_000: float64, float64 
[ 2022-12-25 18:28:06,244 ] 88 root - INFO - Hypothesis df_000: float64, float64 
[ 2022-12-25 18:28:06,260 ] 88 root - INFO - Hypothesis dg_000: float64, float64 
[ 2022-12-25 18:28:06,275 ] 88 root - INFO - Hypothesis dh_000: float64, float64 
[ 2022-12-25 18:28:06,291 ] 88 root - INFO - Hypothesis di_000: float64, float64 
[ 2022-12-25 18:28:06,306 ] 88 root - INFO - Hypothesis dj_000: float64, float64 
[ 2022-12-25 18:28:06,306 ] 88 root - INFO - Hypothesis dk_000: float64, float64 
[ 2022-12-25 18:28:06,322 ] 88 root - INFO - Hypothesis dl_000: float64, float64 
[ 2022-12-25 18:28:06,338 ] 88 root - INFO - Hypothesis dm_000: float64, float64 
[ 2022-12-25 18:28:06,357 ] 88 root - INFO - Hypothesis dn_000: float64, float64 
[ 2022-12-25 18:28:06,357 ] 88 root - INFO - Hypothesis do_000: float64, float64 
[ 2022-12-25 18:28:06,357 ] 88 root - INFO - Hypothesis dp_000: float64, float64 
[ 2022-12-25 18:28:06,369 ] 88 root - INFO - Hypothesis dq_000: float64, float64 
[ 2022-12-25 18:28:06,369 ] 88 root - INFO - Hypothesis dr_000: float64, float64 
[ 2022-12-25 18:28:06,369 ] 88 root - INFO - Hypothesis ds_000: float64, float64 
[ 2022-12-25 18:28:06,369 ] 88 root - INFO - Hypothesis dt_000: float64, float64 
[ 2022-12-25 18:28:06,369 ] 88 root - INFO - Hypothesis du_000: float64, float64 
[ 2022-12-25 18:28:06,385 ] 88 root - INFO - Hypothesis dv_000: float64, float64 
[ 2022-12-25 18:28:06,385 ] 88 root - INFO - Hypothesis dx_000: float64, float64 
[ 2022-12-25 18:28:06,385 ] 88 root - INFO - Hypothesis dy_000: float64, float64 
[ 2022-12-25 18:28:06,385 ] 88 root - INFO - Hypothesis dz_000: float64, float64 
[ 2022-12-25 18:28:06,400 ] 88 root - INFO - Hypothesis ea_000: float64, float64 
[ 2022-12-25 18:28:06,416 ] 88 root - INFO - Hypothesis eb_000: float64, float64 
[ 2022-12-25 18:28:06,416 ] 88 root - INFO - Hypothesis ec_00: float64, float64 
[ 2022-12-25 18:28:06,416 ] 88 root - INFO - Hypothesis ed_000: float64, float64 
[ 2022-12-25 18:28:06,432 ] 88 root - INFO - Hypothesis ee_000: float64, float64 
[ 2022-12-25 18:28:06,432 ] 88 root - INFO - Hypothesis ee_001: float64, float64 
[ 2022-12-25 18:28:06,432 ] 88 root - INFO - Hypothesis ee_002: float64, float64 
[ 2022-12-25 18:28:06,432 ] 88 root - INFO - Hypothesis ee_003: float64, float64 
[ 2022-12-25 18:28:06,432 ] 88 root - INFO - Hypothesis ee_004: float64, float64 
[ 2022-12-25 18:28:06,447 ] 88 root - INFO - Hypothesis ee_005: float64, float64 
[ 2022-12-25 18:28:06,447 ] 88 root - INFO - Hypothesis ee_006: float64, float64 
[ 2022-12-25 18:28:06,447 ] 88 root - INFO - Hypothesis ee_007: float64, float64 
[ 2022-12-25 18:28:06,447 ] 88 root - INFO - Hypothesis ee_008: float64, float64 
[ 2022-12-25 18:28:06,447 ] 88 root - INFO - Hypothesis ee_009: float64, float64 
[ 2022-12-25 18:28:06,463 ] 88 root - INFO - Hypothesis ef_000: float64, float64 
[ 2022-12-25 18:28:06,479 ] 88 root - INFO - Hypothesis eg_000: float64, float64 
[ 2022-12-25 18:28:06,479 ] 147 root - INFO - Write reprt in yaml file
[ 2022-12-25 18:28:06,550 ] 152 root - INFO - Data validation artifact: DataValidationArtifact(report_file_path='C:\\Users\\aswin\\OneDrive\\Documents\\Data Science\\Machine Learning Project\\End-to-End-Scancer\\artifact\\12252022__182705\\data_validation\\report.yaml')
[ 2022-12-25 18:28:06,558 ] 22 root - INFO - >>>>>>>>>>>>>>>>>>>>>>>>>>>>>>>>>>>>>>>> Data Transformation <<<<<<<<<<<<<<<<<<<<<<<<<<<<<<<<<<<<<<<<
[ 2022-12-25 18:28:07,421 ] 72 root - INFO - Before resampling in training set Input: (25600, 170) Target:(25600,)
[ 2022-12-25 18:28:12,664 ] 74 root - INFO - After resampling in training set Input: (50010, 170) Target:(50010,)
[ 2022-12-25 18:28:12,664 ] 76 root - INFO - Before resampling in testing set Input: (6400, 170) Target:(6400,)
[ 2022-12-25 18:28:13,120 ] 78 root - INFO - After resampling in testing set Input: (12472, 170) Target:(12472,)
[ 2022-12-25 18:28:13,270 ] 53 root - INFO - Entered the save_object method of utils
[ 2022-12-25 18:28:13,270 ] 57 root - INFO - Exited the save_object method of utils
[ 2022-12-25 18:28:13,270 ] 53 root - INFO - Entered the save_object method of utils
[ 2022-12-25 18:28:13,270 ] 57 root - INFO - Exited the save_object method of utils
[ 2022-12-25 18:28:13,270 ] 109 root - INFO - Data transformation object DataTransformationArtifact(transform_object_path='C:\\Users\\aswin\\OneDrive\\Documents\\Data Science\\Machine Learning Project\\End-to-End-Scancer\\artifact\\12252022__182705\\data_transformation\\transformer\\transformer.pkl', transformed_train_path='C:\\Users\\aswin\\OneDrive\\Documents\\Data Science\\Machine Learning Project\\End-to-End-Scancer\\artifact\\12252022__182705\\data_transformation\\transformed\\train.npz', transformed_test_path='C:\\Users\\aswin\\OneDrive\\Documents\\Data Science\\Machine Learning Project\\End-to-End-Scancer\\artifact\\12252022__182705\\data_transformation\\transformed\\test.npz', target_encoder_path='C:\\Users\\aswin\\OneDrive\\Documents\\Data Science\\Machine Learning Project\\End-to-End-Scancer\\artifact\\12252022__182705\\data_transformation\\target_encoder\\target_encoder.pkl')
[ 2022-12-25 18:28:13,285 ] 18 root - INFO - >>>>>>>>>>>>>>>>>>>>>>>>>>>>>>>>>>>>>>>> Model Trainer <<<<<<<<<<<<<<<<<<<<<<<<<<<<<<<<<<<<<<<<
[ 2022-12-25 18:28:13,285 ] 45 root - INFO - Loading train and test array.
[ 2022-12-25 18:28:13,333 ] 49 root - INFO - Splitting input and target feature from both train and test arr.
[ 2022-12-25 18:28:13,333 ] 53 root - INFO - Train the model
[ 2022-12-25 18:28:22,854 ] 56 root - INFO - Calculating f1 train score
[ 2022-12-25 18:28:22,958 ] 60 root - INFO - Calculating f1 test score
[ 2022-12-25 18:28:22,982 ] 64 root - INFO - train score:1.0 and tests score 0.9877603955580774
[ 2022-12-25 18:28:22,982 ] 66 root - INFO - Checking if our model is underfitting or not
[ 2022-12-25 18:28:22,982 ] 71 root - INFO - Checking if our model is overfiiting or not
[ 2022-12-25 18:28:23,023 ] 78 root - INFO - Saving mode object
[ 2022-12-25 18:28:23,023 ] 53 root - INFO - Entered the save_object method of utils
[ 2022-12-25 18:28:23,030 ] 57 root - INFO - Exited the save_object method of utils
[ 2022-12-25 18:28:23,030 ] 82 root - INFO - Prepare the artifact
[ 2022-12-25 18:28:23,030 ] 85 root - INFO - Model trainer artifact: ModelTrainerArtifact(model_path='C:\\Users\\aswin\\OneDrive\\Documents\\Data Science\\Machine Learning Project\\End-to-End-Scancer\\artifact\\12252022__182705\\model_trainer\\model\\model.pkl', f1_train_score=1.0, f1_test_score=0.9877603955580774)
[ 2022-12-25 18:28:23,030 ] 19 root - INFO - >>>>>>>>>>>>>>>>>>>>>>>>>>>>>>>>>>>>>>>>  Model Evaluation <<<<<<<<<<<<<<<<<<<<<<<<<<<<<<<<<<<<<<<<
[ 2022-12-25 18:28:23,038 ] 35 root - INFO - if saved model folder has model the we will compare which model is best trained or the model from saved model folder
[ 2022-12-25 18:28:23,038 ] 40 root - INFO - Model evaluation artifact: ModelEvaluationArtifact(is_model_accept=True, improved_accuracy=None)
