[ 2022-12-25 18:30:11,257 ] 148 numexpr.utils - INFO - Note: NumExpr detected 12 cores but "NUMEXPR_MAX_THREADS" not set, so enforcing safe limit of 8.
[ 2022-12-25 18:30:11,257 ] 160 numexpr.utils - INFO - NumExpr defaulting to 8 threads.
[ 2022-12-25 18:30:15,425 ] 15 root - INFO - >>>>>>>>>>>>>>>>>>>>>>>>>>>>>>>>>>>>>>>> Data Ingestion <<<<<<<<<<<<<<<<<<<<<<<<<<<<<<<<<<<<<<<<
[ 2022-12-25 18:30:15,425 ] 22 root - INFO - Exporting collection data as pandas dataframe
[ 2022-12-25 18:30:15,425 ] 22 root - INFO - Reading data from database: aps and collection: sensor
[ 2022-12-25 18:30:45,007 ] 24 root - INFO - Found columns: Index(['_id', 'class', 'aa_000', 'ab_000', 'ac_000', 'ad_000', 'ae_000',
       'af_000', 'ag_000', 'ag_001',
       ...
       'ee_002', 'ee_003', 'ee_004', 'ee_005', 'ee_006', 'ee_007', 'ee_008',
       'ee_009', 'ef_000', 'eg_000'],
      dtype='object', length=172)
[ 2022-12-25 18:30:45,012 ] 26 root - INFO - Dropping column: _id 
[ 2022-12-25 18:30:45,246 ] 28 root - INFO - Row and columns in df: (32000, 171)
[ 2022-12-25 18:30:45,246 ] 26 root - INFO - Save data in feature store
[ 2022-12-25 18:30:45,727 ] 32 root - INFO - Create feature store folder if not available
[ 2022-12-25 18:30:45,738 ] 36 root - INFO - Save df to feature store folder
[ 2022-12-25 18:30:47,939 ] 41 root - INFO - split dataset into train and test set
[ 2022-12-25 18:30:48,454 ] 45 root - INFO - create dataset directory folder if not available
[ 2022-12-25 18:30:48,456 ] 50 root - INFO - Save df to feature store folder
[ 2022-12-25 18:30:50,769 ] 62 root - INFO - Data ingestion artifact: DataIngestionArtifact(feature_store_file_path='C:\\Users\\aswin\\OneDrive\\Documents\\Data Science\\Machine Learning Project\\End-to-End-Scancer\\artifact\\12252022__183015\\data_ingestion\\feature_store\\sensor.csv', train_file_path='C:\\Users\\aswin\\OneDrive\\Documents\\Data Science\\Machine Learning Project\\End-to-End-Scancer\\artifact\\12252022__183015\\data_ingestion\\dataset\\train.csv', test_file_path='C:\\Users\\aswin\\OneDrive\\Documents\\Data Science\\Machine Learning Project\\End-to-End-Scancer\\artifact\\12252022__183015\\data_ingestion\\dataset\\test.csv')
[ 2022-12-25 18:30:51,074 ] 22 root - INFO - >>>>>>>>>>>>>>>>>>>>>>>>>>>>>>>>>>>>>>>> Data Validation <<<<<<<<<<<<<<<<<<<<<<<<<<<<<<<<<<<<<<<<
[ 2022-12-25 18:30:51,074 ] 110 root - INFO - Reading base dataframe
[ 2022-12-25 18:30:52,262 ] 113 root - INFO - Replace na value in base df
[ 2022-12-25 18:30:52,262 ] 115 root - INFO - Drop null values colums from base df
[ 2022-12-25 18:30:52,607 ] 44 root - INFO - selecting column name which contains null above to 0.2
[ 2022-12-25 18:30:52,607 ] 47 root - INFO - Columns to drop: ['ab_000', 'ad_000', 'bk_000', 'bl_000', 'bm_000', 'bn_000', 'bo_000', 'bp_000', 'bq_000', 'br_000', 'cf_000', 'cg_000', 'ch_000', 'co_000', 'cr_000', 'ct_000', 'cu_000', 'cv_000', 'cx_000', 'cy_000', 'cz_000', 'da_000', 'db_000', 'dc_000']
[ 2022-12-25 18:30:52,645 ] 118 root - INFO - Reading train dataframe
[ 2022-12-25 18:30:53,056 ] 120 root - INFO - Reading test dataframe
[ 2022-12-25 18:30:53,186 ] 123 root - INFO - Drop null values colums from train df
[ 2022-12-25 18:30:53,202 ] 44 root - INFO - selecting column name which contains null above to 0.2
[ 2022-12-25 18:30:53,202 ] 47 root - INFO - Columns to drop: ['ab_000', 'ad_000', 'bk_000', 'bl_000', 'bm_000', 'bn_000', 'bo_000', 'bp_000', 'bq_000', 'br_000', 'cf_000', 'cg_000', 'ch_000', 'co_000', 'cr_000', 'ct_000', 'cu_000', 'cv_000', 'cx_000', 'cy_000', 'cz_000', 'da_000', 'db_000', 'dc_000']
[ 2022-12-25 18:30:53,210 ] 125 root - INFO - Drop null values colums from test df
[ 2022-12-25 18:30:53,215 ] 44 root - INFO - selecting column name which contains null above to 0.2
[ 2022-12-25 18:30:53,219 ] 47 root - INFO - Columns to drop: ['ab_000', 'ad_000', 'bk_000', 'bl_000', 'bm_000', 'bn_000', 'bo_000', 'bp_000', 'bq_000', 'br_000', 'cf_000', 'cg_000', 'ch_000', 'co_000', 'cr_000', 'ct_000', 'cu_000', 'cv_000', 'cx_000', 'cy_000', 'cz_000', 'da_000', 'db_000', 'dc_000']
[ 2022-12-25 18:30:56,363 ] 134 root - INFO - Is all required columns present in train df
[ 2022-12-25 18:30:56,363 ] 136 root - INFO - Is all required columns present in test df
[ 2022-12-25 18:30:56,363 ] 140 root - INFO - As all column are available in train df hence detecting data drift
[ 2022-12-25 18:30:56,363 ] 88 root - INFO - Hypothesis class: object, object 
[ 2022-12-25 18:30:56,412 ] 88 root - INFO - Hypothesis aa_000: float64, float64 
[ 2022-12-25 18:30:56,422 ] 88 root - INFO - Hypothesis ac_000: float64, float64 
[ 2022-12-25 18:30:56,460 ] 88 root - INFO - Hypothesis ae_000: float64, float64 
[ 2022-12-25 18:30:56,492 ] 88 root - INFO - Hypothesis af_000: float64, float64 
[ 2022-12-25 18:30:56,516 ] 88 root - INFO - Hypothesis ag_000: float64, float64 
[ 2022-12-25 18:30:56,548 ] 88 root - INFO - Hypothesis ag_001: float64, float64 
[ 2022-12-25 18:30:56,572 ] 88 root - INFO - Hypothesis ag_002: float64, float64 
[ 2022-12-25 18:30:56,604 ] 88 root - INFO - Hypothesis ag_003: float64, float64 
[ 2022-12-25 18:30:56,629 ] 88 root - INFO - Hypothesis ag_004: float64, float64 
[ 2022-12-25 18:30:56,661 ] 88 root - INFO - Hypothesis ag_005: float64, float64 
[ 2022-12-25 18:30:56,661 ] 88 root - INFO - Hypothesis ag_006: float64, float64 
[ 2022-12-25 18:30:56,669 ] 88 root - INFO - Hypothesis ag_007: float64, float64 
[ 2022-12-25 18:30:56,701 ] 88 root - INFO - Hypothesis ag_008: float64, float64 
[ 2022-12-25 18:30:56,701 ] 88 root - INFO - Hypothesis ag_009: float64, float64 
[ 2022-12-25 18:30:56,736 ] 88 root - INFO - Hypothesis ah_000: float64, float64 
[ 2022-12-25 18:30:56,741 ] 88 root - INFO - Hypothesis ai_000: float64, float64 
[ 2022-12-25 18:30:56,765 ] 88 root - INFO - Hypothesis aj_000: float64, float64 
[ 2022-12-25 18:30:56,797 ] 88 root - INFO - Hypothesis ak_000: float64, float64 
[ 2022-12-25 18:30:56,821 ] 88 root - INFO - Hypothesis al_000: float64, float64 
[ 2022-12-25 18:30:56,855 ] 88 root - INFO - Hypothesis am_0: float64, float64 
[ 2022-12-25 18:30:56,885 ] 88 root - INFO - Hypothesis an_000: float64, float64 
[ 2022-12-25 18:30:56,891 ] 88 root - INFO - Hypothesis ao_000: float64, float64 
[ 2022-12-25 18:30:56,894 ] 88 root - INFO - Hypothesis ap_000: float64, float64 
[ 2022-12-25 18:30:56,902 ] 88 root - INFO - Hypothesis aq_000: float64, float64 
[ 2022-12-25 18:30:56,910 ] 88 root - INFO - Hypothesis ar_000: float64, float64 
[ 2022-12-25 18:30:56,930 ] 88 root - INFO - Hypothesis as_000: float64, float64 
[ 2022-12-25 18:30:56,950 ] 88 root - INFO - Hypothesis at_000: float64, float64 
[ 2022-12-25 18:30:56,982 ] 88 root - INFO - Hypothesis au_000: float64, float64 
[ 2022-12-25 18:30:57,005 ] 88 root - INFO - Hypothesis av_000: float64, float64 
[ 2022-12-25 18:30:57,030 ] 88 root - INFO - Hypothesis ax_000: float64, float64 
[ 2022-12-25 18:30:57,062 ] 88 root - INFO - Hypothesis ay_000: float64, float64 
[ 2022-12-25 18:30:57,079 ] 88 root - INFO - Hypothesis ay_001: float64, float64 
[ 2022-12-25 18:30:57,094 ] 88 root - INFO - Hypothesis ay_002: float64, float64 
[ 2022-12-25 18:30:57,109 ] 88 root - INFO - Hypothesis ay_003: float64, float64 
[ 2022-12-25 18:30:57,141 ] 88 root - INFO - Hypothesis ay_004: float64, float64 
[ 2022-12-25 18:30:57,156 ] 88 root - INFO - Hypothesis ay_005: float64, float64 
[ 2022-12-25 18:30:57,176 ] 88 root - INFO - Hypothesis ay_006: float64, float64 
[ 2022-12-25 18:30:57,203 ] 88 root - INFO - Hypothesis ay_007: float64, float64 
[ 2022-12-25 18:30:57,219 ] 88 root - INFO - Hypothesis ay_008: float64, float64 
[ 2022-12-25 18:30:57,235 ] 88 root - INFO - Hypothesis ay_009: float64, float64 
[ 2022-12-25 18:30:57,258 ] 88 root - INFO - Hypothesis az_000: float64, float64 
[ 2022-12-25 18:30:57,282 ] 88 root - INFO - Hypothesis az_001: float64, float64 
[ 2022-12-25 18:30:57,306 ] 88 root - INFO - Hypothesis az_002: float64, float64 
[ 2022-12-25 18:30:57,338 ] 88 root - INFO - Hypothesis az_003: float64, float64 
[ 2022-12-25 18:30:57,371 ] 88 root - INFO - Hypothesis az_004: float64, float64 
[ 2022-12-25 18:30:57,399 ] 88 root - INFO - Hypothesis az_005: float64, float64 
[ 2022-12-25 18:30:57,435 ] 88 root - INFO - Hypothesis az_006: float64, float64 
[ 2022-12-25 18:30:57,467 ] 88 root - INFO - Hypothesis az_007: float64, float64 
[ 2022-12-25 18:30:57,491 ] 88 root - INFO - Hypothesis az_008: float64, float64 
[ 2022-12-25 18:30:57,523 ] 88 root - INFO - Hypothesis az_009: float64, float64 
[ 2022-12-25 18:30:57,547 ] 88 root - INFO - Hypothesis ba_000: float64, float64 
[ 2022-12-25 18:30:57,556 ] 88 root - INFO - Hypothesis ba_001: float64, float64 
[ 2022-12-25 18:30:57,580 ] 88 root - INFO - Hypothesis ba_002: float64, float64 
[ 2022-12-25 18:30:57,604 ] 88 root - INFO - Hypothesis ba_003: float64, float64 
[ 2022-12-25 18:30:57,612 ] 88 root - INFO - Hypothesis ba_004: float64, float64 
[ 2022-12-25 18:30:57,620 ] 88 root - INFO - Hypothesis ba_005: float64, float64 
[ 2022-12-25 18:30:57,644 ] 88 root - INFO - Hypothesis ba_006: float64, float64 
[ 2022-12-25 18:30:57,652 ] 88 root - INFO - Hypothesis ba_007: float64, float64 
[ 2022-12-25 18:30:57,686 ] 88 root - INFO - Hypothesis ba_008: float64, float64 
[ 2022-12-25 18:30:57,717 ] 88 root - INFO - Hypothesis ba_009: float64, float64 
[ 2022-12-25 18:30:57,741 ] 88 root - INFO - Hypothesis bb_000: float64, float64 
[ 2022-12-25 18:30:57,749 ] 88 root - INFO - Hypothesis bc_000: float64, float64 
[ 2022-12-25 18:30:57,757 ] 88 root - INFO - Hypothesis bd_000: float64, float64 
[ 2022-12-25 18:30:57,781 ] 88 root - INFO - Hypothesis be_000: float64, float64 
[ 2022-12-25 18:30:57,805 ] 88 root - INFO - Hypothesis bf_000: float64, float64 
[ 2022-12-25 18:30:57,837 ] 88 root - INFO - Hypothesis bg_000: float64, float64 
[ 2022-12-25 18:30:57,845 ] 88 root - INFO - Hypothesis bh_000: float64, float64 
[ 2022-12-25 18:30:57,861 ] 88 root - INFO - Hypothesis bi_000: float64, float64 
[ 2022-12-25 18:30:57,891 ] 88 root - INFO - Hypothesis bj_000: float64, float64 
[ 2022-12-25 18:30:57,898 ] 88 root - INFO - Hypothesis bs_000: float64, float64 
[ 2022-12-25 18:30:57,926 ] 88 root - INFO - Hypothesis bt_000: float64, float64 
[ 2022-12-25 18:30:57,926 ] 88 root - INFO - Hypothesis bu_000: float64, float64 
[ 2022-12-25 18:30:57,934 ] 88 root - INFO - Hypothesis bv_000: float64, float64 
[ 2022-12-25 18:30:57,942 ] 88 root - INFO - Hypothesis bx_000: float64, float64 
[ 2022-12-25 18:30:57,950 ] 88 root - INFO - Hypothesis by_000: float64, float64 
[ 2022-12-25 18:30:57,974 ] 88 root - INFO - Hypothesis bz_000: float64, float64 
[ 2022-12-25 18:30:58,004 ] 88 root - INFO - Hypothesis ca_000: float64, float64 
[ 2022-12-25 18:30:58,011 ] 88 root - INFO - Hypothesis cb_000: float64, float64 
[ 2022-12-25 18:30:58,030 ] 88 root - INFO - Hypothesis cc_000: float64, float64 
[ 2022-12-25 18:30:58,054 ] 88 root - INFO - Hypothesis cd_000: float64, float64 
[ 2022-12-25 18:30:58,062 ] 88 root - INFO - Hypothesis ce_000: float64, float64 
[ 2022-12-25 18:30:58,086 ] 88 root - INFO - Hypothesis ci_000: float64, float64 
[ 2022-12-25 18:30:58,110 ] 88 root - INFO - Hypothesis cj_000: float64, float64 
[ 2022-12-25 18:30:58,134 ] 88 root - INFO - Hypothesis ck_000: float64, float64 
[ 2022-12-25 18:30:58,142 ] 88 root - INFO - Hypothesis cl_000: float64, float64 
[ 2022-12-25 18:30:58,158 ] 88 root - INFO - Hypothesis cm_000: float64, float64 
[ 2022-12-25 18:30:58,166 ] 88 root - INFO - Hypothesis cn_000: float64, float64 
[ 2022-12-25 18:30:58,182 ] 88 root - INFO - Hypothesis cn_001: float64, float64 
[ 2022-12-25 18:30:58,201 ] 88 root - INFO - Hypothesis cn_002: float64, float64 
[ 2022-12-25 18:30:58,223 ] 88 root - INFO - Hypothesis cn_003: float64, float64 
[ 2022-12-25 18:30:58,232 ] 88 root - INFO - Hypothesis cn_004: float64, float64 
[ 2022-12-25 18:30:58,240 ] 88 root - INFO - Hypothesis cn_005: float64, float64 
[ 2022-12-25 18:30:58,263 ] 88 root - INFO - Hypothesis cn_006: float64, float64 
[ 2022-12-25 18:30:58,295 ] 88 root - INFO - Hypothesis cn_007: float64, float64 
[ 2022-12-25 18:30:58,319 ] 88 root - INFO - Hypothesis cn_008: float64, float64 
[ 2022-12-25 18:30:58,355 ] 88 root - INFO - Hypothesis cn_009: float64, float64 
[ 2022-12-25 18:30:58,382 ] 88 root - INFO - Hypothesis cp_000: float64, float64 
[ 2022-12-25 18:30:58,414 ] 88 root - INFO - Hypothesis cq_000: float64, float64 
[ 2022-12-25 18:30:58,537 ] 88 root - INFO - Hypothesis cs_000: float64, float64 
[ 2022-12-25 18:30:58,544 ] 88 root - INFO - Hypothesis cs_001: float64, float64 
[ 2022-12-25 18:30:58,544 ] 88 root - INFO - Hypothesis cs_002: float64, float64 
[ 2022-12-25 18:30:58,552 ] 88 root - INFO - Hypothesis cs_003: float64, float64 
[ 2022-12-25 18:30:58,584 ] 88 root - INFO - Hypothesis cs_004: float64, float64 
[ 2022-12-25 18:30:58,616 ] 88 root - INFO - Hypothesis cs_005: float64, float64 
[ 2022-12-25 18:30:58,621 ] 88 root - INFO - Hypothesis cs_006: float64, float64 
[ 2022-12-25 18:30:58,621 ] 88 root - INFO - Hypothesis cs_007: float64, float64 
[ 2022-12-25 18:30:58,632 ] 88 root - INFO - Hypothesis cs_008: float64, float64 
[ 2022-12-25 18:30:58,663 ] 88 root - INFO - Hypothesis cs_009: float64, float64 
[ 2022-12-25 18:30:58,687 ] 88 root - INFO - Hypothesis dd_000: float64, float64 
[ 2022-12-25 18:30:58,695 ] 88 root - INFO - Hypothesis de_000: float64, float64 
[ 2022-12-25 18:30:58,727 ] 88 root - INFO - Hypothesis df_000: float64, float64 
[ 2022-12-25 18:30:58,755 ] 88 root - INFO - Hypothesis dg_000: float64, float64 
[ 2022-12-25 18:30:58,799 ] 88 root - INFO - Hypothesis dh_000: float64, float64 
[ 2022-12-25 18:30:58,831 ] 88 root - INFO - Hypothesis di_000: float64, float64 
[ 2022-12-25 18:30:58,855 ] 88 root - INFO - Hypothesis dj_000: float64, float64 
[ 2022-12-25 18:30:58,881 ] 88 root - INFO - Hypothesis dk_000: float64, float64 
[ 2022-12-25 18:30:58,912 ] 88 root - INFO - Hypothesis dl_000: float64, float64 
[ 2022-12-25 18:30:58,940 ] 88 root - INFO - Hypothesis dm_000: float64, float64 
[ 2022-12-25 18:30:58,969 ] 88 root - INFO - Hypothesis dn_000: float64, float64 
[ 2022-12-25 18:30:58,993 ] 88 root - INFO - Hypothesis do_000: float64, float64 
[ 2022-12-25 18:30:59,017 ] 88 root - INFO - Hypothesis dp_000: float64, float64 
[ 2022-12-25 18:30:59,049 ] 88 root - INFO - Hypothesis dq_000: float64, float64 
[ 2022-12-25 18:30:59,073 ] 88 root - INFO - Hypothesis dr_000: float64, float64 
[ 2022-12-25 18:30:59,097 ] 88 root - INFO - Hypothesis ds_000: float64, float64 
[ 2022-12-25 18:30:59,129 ] 88 root - INFO - Hypothesis dt_000: float64, float64 
[ 2022-12-25 18:30:59,161 ] 88 root - INFO - Hypothesis du_000: float64, float64 
[ 2022-12-25 18:30:59,169 ] 88 root - INFO - Hypothesis dv_000: float64, float64 
[ 2022-12-25 18:30:59,177 ] 88 root - INFO - Hypothesis dx_000: float64, float64 
[ 2022-12-25 18:30:59,201 ] 88 root - INFO - Hypothesis dy_000: float64, float64 
[ 2022-12-25 18:30:59,225 ] 88 root - INFO - Hypothesis dz_000: float64, float64 
[ 2022-12-25 18:30:59,255 ] 88 root - INFO - Hypothesis ea_000: float64, float64 
[ 2022-12-25 18:30:59,274 ] 88 root - INFO - Hypothesis eb_000: float64, float64 
[ 2022-12-25 18:30:59,306 ] 88 root - INFO - Hypothesis ec_00: float64, float64 
[ 2022-12-25 18:30:59,330 ] 88 root - INFO - Hypothesis ed_000: float64, float64 
[ 2022-12-25 18:30:59,354 ] 88 root - INFO - Hypothesis ee_000: float64, float64 
[ 2022-12-25 18:30:59,362 ] 88 root - INFO - Hypothesis ee_001: float64, float64 
[ 2022-12-25 18:30:59,394 ] 88 root - INFO - Hypothesis ee_002: float64, float64 
[ 2022-12-25 18:30:59,426 ] 88 root - INFO - Hypothesis ee_003: float64, float64 
[ 2022-12-25 18:30:59,450 ] 88 root - INFO - Hypothesis ee_004: float64, float64 
[ 2022-12-25 18:30:59,482 ] 88 root - INFO - Hypothesis ee_005: float64, float64 
[ 2022-12-25 18:30:59,514 ] 88 root - INFO - Hypothesis ee_006: float64, float64 
[ 2022-12-25 18:30:59,522 ] 88 root - INFO - Hypothesis ee_007: float64, float64 
[ 2022-12-25 18:30:59,530 ] 88 root - INFO - Hypothesis ee_008: float64, float64 
[ 2022-12-25 18:30:59,555 ] 88 root - INFO - Hypothesis ee_009: float64, float64 
[ 2022-12-25 18:30:59,587 ] 88 root - INFO - Hypothesis ef_000: float64, float64 
[ 2022-12-25 18:30:59,611 ] 88 root - INFO - Hypothesis eg_000: float64, float64 
[ 2022-12-25 18:30:59,629 ] 143 root - INFO - As all column are available in test df hence detecting data drift
[ 2022-12-25 18:30:59,629 ] 88 root - INFO - Hypothesis class: object, object 
[ 2022-12-25 18:30:59,672 ] 88 root - INFO - Hypothesis aa_000: float64, float64 
[ 2022-12-25 18:30:59,672 ] 88 root - INFO - Hypothesis ac_000: float64, float64 
[ 2022-12-25 18:30:59,678 ] 88 root - INFO - Hypothesis ae_000: float64, float64 
[ 2022-12-25 18:30:59,688 ] 88 root - INFO - Hypothesis af_000: float64, float64 
[ 2022-12-25 18:30:59,695 ] 88 root - INFO - Hypothesis ag_000: float64, float64 
[ 2022-12-25 18:30:59,711 ] 88 root - INFO - Hypothesis ag_001: float64, float64 
[ 2022-12-25 18:30:59,719 ] 88 root - INFO - Hypothesis ag_002: float64, float64 
[ 2022-12-25 18:30:59,735 ] 88 root - INFO - Hypothesis ag_003: float64, float64 
[ 2022-12-25 18:30:59,735 ] 88 root - INFO - Hypothesis ag_004: float64, float64 
[ 2022-12-25 18:30:59,739 ] 88 root - INFO - Hypothesis ag_005: float64, float64 
[ 2022-12-25 18:30:59,743 ] 88 root - INFO - Hypothesis ag_006: float64, float64 
[ 2022-12-25 18:30:59,743 ] 88 root - INFO - Hypothesis ag_007: float64, float64 
[ 2022-12-25 18:30:59,743 ] 88 root - INFO - Hypothesis ag_008: float64, float64 
[ 2022-12-25 18:30:59,752 ] 88 root - INFO - Hypothesis ag_009: float64, float64 
[ 2022-12-25 18:30:59,756 ] 88 root - INFO - Hypothesis ah_000: float64, float64 
[ 2022-12-25 18:30:59,759 ] 88 root - INFO - Hypothesis ai_000: float64, float64 
[ 2022-12-25 18:30:59,759 ] 88 root - INFO - Hypothesis aj_000: float64, float64 
[ 2022-12-25 18:30:59,759 ] 88 root - INFO - Hypothesis ak_000: float64, float64 
[ 2022-12-25 18:30:59,767 ] 88 root - INFO - Hypothesis al_000: float64, float64 
[ 2022-12-25 18:30:59,775 ] 88 root - INFO - Hypothesis am_0: float64, float64 
[ 2022-12-25 18:30:59,775 ] 88 root - INFO - Hypothesis an_000: float64, float64 
[ 2022-12-25 18:30:59,783 ] 88 root - INFO - Hypothesis ao_000: float64, float64 
[ 2022-12-25 18:30:59,783 ] 88 root - INFO - Hypothesis ap_000: float64, float64 
[ 2022-12-25 18:30:59,791 ] 88 root - INFO - Hypothesis aq_000: float64, float64 
[ 2022-12-25 18:30:59,791 ] 88 root - INFO - Hypothesis ar_000: float64, float64 
[ 2022-12-25 18:30:59,807 ] 88 root - INFO - Hypothesis as_000: float64, float64 
[ 2022-12-25 18:30:59,815 ] 88 root - INFO - Hypothesis at_000: float64, float64 
[ 2022-12-25 18:30:59,823 ] 88 root - INFO - Hypothesis au_000: float64, float64 
[ 2022-12-25 18:30:59,839 ] 88 root - INFO - Hypothesis av_000: float64, float64 
[ 2022-12-25 18:30:59,847 ] 88 root - INFO - Hypothesis ax_000: float64, float64 
[ 2022-12-25 18:30:59,847 ] 88 root - INFO - Hypothesis ay_000: float64, float64 
[ 2022-12-25 18:30:59,863 ] 88 root - INFO - Hypothesis ay_001: float64, float64 
[ 2022-12-25 18:30:59,863 ] 88 root - INFO - Hypothesis ay_002: float64, float64 
[ 2022-12-25 18:30:59,879 ] 88 root - INFO - Hypothesis ay_003: float64, float64 
[ 2022-12-25 18:30:59,896 ] 88 root - INFO - Hypothesis ay_004: float64, float64 
[ 2022-12-25 18:30:59,898 ] 88 root - INFO - Hypothesis ay_005: float64, float64 
[ 2022-12-25 18:30:59,906 ] 88 root - INFO - Hypothesis ay_006: float64, float64 
[ 2022-12-25 18:30:59,912 ] 88 root - INFO - Hypothesis ay_007: float64, float64 
[ 2022-12-25 18:30:59,912 ] 88 root - INFO - Hypothesis ay_008: float64, float64 
[ 2022-12-25 18:30:59,920 ] 88 root - INFO - Hypothesis ay_009: float64, float64 
[ 2022-12-25 18:30:59,920 ] 88 root - INFO - Hypothesis az_000: float64, float64 
[ 2022-12-25 18:30:59,929 ] 88 root - INFO - Hypothesis az_001: float64, float64 
[ 2022-12-25 18:30:59,932 ] 88 root - INFO - Hypothesis az_002: float64, float64 
[ 2022-12-25 18:30:59,932 ] 88 root - INFO - Hypothesis az_003: float64, float64 
[ 2022-12-25 18:30:59,945 ] 88 root - INFO - Hypothesis az_004: float64, float64 
[ 2022-12-25 18:30:59,953 ] 88 root - INFO - Hypothesis az_005: float64, float64 
[ 2022-12-25 18:30:59,953 ] 88 root - INFO - Hypothesis az_006: float64, float64 
[ 2022-12-25 18:30:59,961 ] 88 root - INFO - Hypothesis az_007: float64, float64 
[ 2022-12-25 18:30:59,961 ] 88 root - INFO - Hypothesis az_008: float64, float64 
[ 2022-12-25 18:30:59,977 ] 88 root - INFO - Hypothesis az_009: float64, float64 
[ 2022-12-25 18:30:59,977 ] 88 root - INFO - Hypothesis ba_000: float64, float64 
[ 2022-12-25 18:30:59,985 ] 88 root - INFO - Hypothesis ba_001: float64, float64 
[ 2022-12-25 18:30:59,988 ] 88 root - INFO - Hypothesis ba_002: float64, float64 
[ 2022-12-25 18:30:59,992 ] 88 root - INFO - Hypothesis ba_003: float64, float64 
[ 2022-12-25 18:30:59,995 ] 88 root - INFO - Hypothesis ba_004: float64, float64 
[ 2022-12-25 18:30:59,998 ] 88 root - INFO - Hypothesis ba_005: float64, float64 
[ 2022-12-25 18:31:00,001 ] 88 root - INFO - Hypothesis ba_006: float64, float64 
[ 2022-12-25 18:31:00,005 ] 88 root - INFO - Hypothesis ba_007: float64, float64 
[ 2022-12-25 18:31:00,008 ] 88 root - INFO - Hypothesis ba_008: float64, float64 
[ 2022-12-25 18:31:00,013 ] 88 root - INFO - Hypothesis ba_009: float64, float64 
[ 2022-12-25 18:31:00,016 ] 88 root - INFO - Hypothesis bb_000: float64, float64 
[ 2022-12-25 18:31:00,019 ] 88 root - INFO - Hypothesis bc_000: float64, float64 
[ 2022-12-25 18:31:00,022 ] 88 root - INFO - Hypothesis bd_000: float64, float64 
[ 2022-12-25 18:31:00,025 ] 88 root - INFO - Hypothesis be_000: float64, float64 
[ 2022-12-25 18:31:00,031 ] 88 root - INFO - Hypothesis bf_000: float64, float64 
[ 2022-12-25 18:31:00,033 ] 88 root - INFO - Hypothesis bg_000: float64, float64 
[ 2022-12-25 18:31:00,033 ] 88 root - INFO - Hypothesis bh_000: float64, float64 
[ 2022-12-25 18:31:00,041 ] 88 root - INFO - Hypothesis bi_000: float64, float64 
[ 2022-12-25 18:31:00,041 ] 88 root - INFO - Hypothesis bj_000: float64, float64 
[ 2022-12-25 18:31:00,049 ] 88 root - INFO - Hypothesis bs_000: float64, float64 
[ 2022-12-25 18:31:00,049 ] 88 root - INFO - Hypothesis bt_000: float64, float64 
[ 2022-12-25 18:31:00,057 ] 88 root - INFO - Hypothesis bu_000: float64, float64 
[ 2022-12-25 18:31:00,057 ] 88 root - INFO - Hypothesis bv_000: float64, float64 
[ 2022-12-25 18:31:00,065 ] 88 root - INFO - Hypothesis bx_000: float64, float64 
[ 2022-12-25 18:31:00,065 ] 88 root - INFO - Hypothesis by_000: float64, float64 
[ 2022-12-25 18:31:00,065 ] 88 root - INFO - Hypothesis bz_000: float64, float64 
[ 2022-12-25 18:31:00,073 ] 88 root - INFO - Hypothesis ca_000: float64, float64 
[ 2022-12-25 18:31:00,073 ] 88 root - INFO - Hypothesis cb_000: float64, float64 
[ 2022-12-25 18:31:00,081 ] 88 root - INFO - Hypothesis cc_000: float64, float64 
[ 2022-12-25 18:31:00,081 ] 88 root - INFO - Hypothesis cd_000: float64, float64 
[ 2022-12-25 18:31:00,097 ] 88 root - INFO - Hypothesis ce_000: float64, float64 
[ 2022-12-25 18:31:00,097 ] 88 root - INFO - Hypothesis ci_000: float64, float64 
[ 2022-12-25 18:31:00,105 ] 88 root - INFO - Hypothesis cj_000: float64, float64 
[ 2022-12-25 18:31:00,113 ] 88 root - INFO - Hypothesis ck_000: float64, float64 
[ 2022-12-25 18:31:00,121 ] 88 root - INFO - Hypothesis cl_000: float64, float64 
[ 2022-12-25 18:31:00,121 ] 88 root - INFO - Hypothesis cm_000: float64, float64 
[ 2022-12-25 18:31:00,121 ] 88 root - INFO - Hypothesis cn_000: float64, float64 
[ 2022-12-25 18:31:00,137 ] 88 root - INFO - Hypothesis cn_001: float64, float64 
[ 2022-12-25 18:31:00,153 ] 88 root - INFO - Hypothesis cn_002: float64, float64 
[ 2022-12-25 18:31:00,153 ] 88 root - INFO - Hypothesis cn_003: float64, float64 
[ 2022-12-25 18:31:00,161 ] 88 root - INFO - Hypothesis cn_004: float64, float64 
[ 2022-12-25 18:31:00,161 ] 88 root - INFO - Hypothesis cn_005: float64, float64 
[ 2022-12-25 18:31:00,169 ] 88 root - INFO - Hypothesis cn_006: float64, float64 
[ 2022-12-25 18:31:00,169 ] 88 root - INFO - Hypothesis cn_007: float64, float64 
[ 2022-12-25 18:31:00,177 ] 88 root - INFO - Hypothesis cn_008: float64, float64 
[ 2022-12-25 18:31:00,177 ] 88 root - INFO - Hypothesis cn_009: float64, float64 
[ 2022-12-25 18:31:00,177 ] 88 root - INFO - Hypothesis cp_000: float64, float64 
[ 2022-12-25 18:31:00,185 ] 88 root - INFO - Hypothesis cq_000: float64, float64 
[ 2022-12-25 18:31:00,185 ] 88 root - INFO - Hypothesis cs_000: float64, float64 
[ 2022-12-25 18:31:00,193 ] 88 root - INFO - Hypothesis cs_001: float64, float64 
[ 2022-12-25 18:31:00,193 ] 88 root - INFO - Hypothesis cs_002: float64, float64 
[ 2022-12-25 18:31:00,201 ] 88 root - INFO - Hypothesis cs_003: float64, float64 
[ 2022-12-25 18:31:00,204 ] 88 root - INFO - Hypothesis cs_004: float64, float64 
[ 2022-12-25 18:31:00,210 ] 88 root - INFO - Hypothesis cs_005: float64, float64 
[ 2022-12-25 18:31:00,210 ] 88 root - INFO - Hypothesis cs_006: float64, float64 
[ 2022-12-25 18:31:00,217 ] 88 root - INFO - Hypothesis cs_007: float64, float64 
[ 2022-12-25 18:31:00,218 ] 88 root - INFO - Hypothesis cs_008: float64, float64 
[ 2022-12-25 18:31:00,218 ] 88 root - INFO - Hypothesis cs_009: float64, float64 
[ 2022-12-25 18:31:00,234 ] 88 root - INFO - Hypothesis dd_000: float64, float64 
[ 2022-12-25 18:31:00,242 ] 88 root - INFO - Hypothesis de_000: float64, float64 
[ 2022-12-25 18:31:00,242 ] 88 root - INFO - Hypothesis df_000: float64, float64 
[ 2022-12-25 18:31:00,258 ] 88 root - INFO - Hypothesis dg_000: float64, float64 
[ 2022-12-25 18:31:00,274 ] 88 root - INFO - Hypothesis dh_000: float64, float64 
[ 2022-12-25 18:31:00,282 ] 88 root - INFO - Hypothesis di_000: float64, float64 
[ 2022-12-25 18:31:00,298 ] 88 root - INFO - Hypothesis dj_000: float64, float64 
[ 2022-12-25 18:31:00,306 ] 88 root - INFO - Hypothesis dk_000: float64, float64 
[ 2022-12-25 18:31:00,317 ] 88 root - INFO - Hypothesis dl_000: float64, float64 
[ 2022-12-25 18:31:00,332 ] 88 root - INFO - Hypothesis dm_000: float64, float64 
[ 2022-12-25 18:31:00,339 ] 88 root - INFO - Hypothesis dn_000: float64, float64 
[ 2022-12-25 18:31:00,350 ] 88 root - INFO - Hypothesis do_000: float64, float64 
[ 2022-12-25 18:31:00,350 ] 88 root - INFO - Hypothesis dp_000: float64, float64 
[ 2022-12-25 18:31:00,356 ] 88 root - INFO - Hypothesis dq_000: float64, float64 
[ 2022-12-25 18:31:00,356 ] 88 root - INFO - Hypothesis dr_000: float64, float64 
[ 2022-12-25 18:31:00,356 ] 88 root - INFO - Hypothesis ds_000: float64, float64 
[ 2022-12-25 18:31:00,363 ] 88 root - INFO - Hypothesis dt_000: float64, float64 
[ 2022-12-25 18:31:00,363 ] 88 root - INFO - Hypothesis du_000: float64, float64 
[ 2022-12-25 18:31:00,363 ] 88 root - INFO - Hypothesis dv_000: float64, float64 
[ 2022-12-25 18:31:00,371 ] 88 root - INFO - Hypothesis dx_000: float64, float64 
[ 2022-12-25 18:31:00,371 ] 88 root - INFO - Hypothesis dy_000: float64, float64 
[ 2022-12-25 18:31:00,379 ] 88 root - INFO - Hypothesis dz_000: float64, float64 
[ 2022-12-25 18:31:00,388 ] 88 root - INFO - Hypothesis ea_000: float64, float64 
[ 2022-12-25 18:31:00,406 ] 88 root - INFO - Hypothesis eb_000: float64, float64 
[ 2022-12-25 18:31:00,406 ] 88 root - INFO - Hypothesis ec_00: float64, float64 
[ 2022-12-25 18:31:00,412 ] 88 root - INFO - Hypothesis ed_000: float64, float64 
[ 2022-12-25 18:31:00,412 ] 88 root - INFO - Hypothesis ee_000: float64, float64 
[ 2022-12-25 18:31:00,420 ] 88 root - INFO - Hypothesis ee_001: float64, float64 
[ 2022-12-25 18:31:00,420 ] 88 root - INFO - Hypothesis ee_002: float64, float64 
[ 2022-12-25 18:31:00,420 ] 88 root - INFO - Hypothesis ee_003: float64, float64 
[ 2022-12-25 18:31:00,428 ] 88 root - INFO - Hypothesis ee_004: float64, float64 
[ 2022-12-25 18:31:00,428 ] 88 root - INFO - Hypothesis ee_005: float64, float64 
[ 2022-12-25 18:31:00,436 ] 88 root - INFO - Hypothesis ee_006: float64, float64 
[ 2022-12-25 18:31:00,436 ] 88 root - INFO - Hypothesis ee_007: float64, float64 
[ 2022-12-25 18:31:00,444 ] 88 root - INFO - Hypothesis ee_008: float64, float64 
[ 2022-12-25 18:31:00,444 ] 88 root - INFO - Hypothesis ee_009: float64, float64 
[ 2022-12-25 18:31:00,444 ] 88 root - INFO - Hypothesis ef_000: float64, float64 
[ 2022-12-25 18:31:00,460 ] 88 root - INFO - Hypothesis eg_000: float64, float64 
[ 2022-12-25 18:31:00,476 ] 147 root - INFO - Write reprt in yaml file
[ 2022-12-25 18:31:00,532 ] 152 root - INFO - Data validation artifact: DataValidationArtifact(report_file_path='C:\\Users\\aswin\\OneDrive\\Documents\\Data Science\\Machine Learning Project\\End-to-End-Scancer\\artifact\\12252022__183015\\data_validation\\report.yaml')
[ 2022-12-25 18:31:00,541 ] 22 root - INFO - >>>>>>>>>>>>>>>>>>>>>>>>>>>>>>>>>>>>>>>> Data Transformation <<<<<<<<<<<<<<<<<<<<<<<<<<<<<<<<<<<<<<<<
[ 2022-12-25 18:31:01,384 ] 72 root - INFO - Before resampling in training set Input: (25600, 170) Target:(25600,)
[ 2022-12-25 18:31:06,754 ] 74 root - INFO - After resampling in training set Input: (50010, 170) Target:(50010,)
[ 2022-12-25 18:31:06,754 ] 76 root - INFO - Before resampling in testing set Input: (6400, 170) Target:(6400,)
[ 2022-12-25 18:31:07,212 ] 78 root - INFO - After resampling in testing set Input: (12472, 170) Target:(12472,)
[ 2022-12-25 18:31:07,338 ] 53 root - INFO - Entered the save_object method of utils
[ 2022-12-25 18:31:07,342 ] 57 root - INFO - Exited the save_object method of utils
[ 2022-12-25 18:31:07,342 ] 53 root - INFO - Entered the save_object method of utils
[ 2022-12-25 18:31:07,342 ] 57 root - INFO - Exited the save_object method of utils
[ 2022-12-25 18:31:07,342 ] 109 root - INFO - Data transformation object DataTransformationArtifact(transform_object_path='C:\\Users\\aswin\\OneDrive\\Documents\\Data Science\\Machine Learning Project\\End-to-End-Scancer\\artifact\\12252022__183015\\data_transformation\\transformer\\transformer.pkl', transformed_train_path='C:\\Users\\aswin\\OneDrive\\Documents\\Data Science\\Machine Learning Project\\End-to-End-Scancer\\artifact\\12252022__183015\\data_transformation\\transformed\\train.npz', transformed_test_path='C:\\Users\\aswin\\OneDrive\\Documents\\Data Science\\Machine Learning Project\\End-to-End-Scancer\\artifact\\12252022__183015\\data_transformation\\transformed\\test.npz', target_encoder_path='C:\\Users\\aswin\\OneDrive\\Documents\\Data Science\\Machine Learning Project\\End-to-End-Scancer\\artifact\\12252022__183015\\data_transformation\\target_encoder\\target_encoder.pkl')
[ 2022-12-25 18:31:07,346 ] 18 root - INFO - >>>>>>>>>>>>>>>>>>>>>>>>>>>>>>>>>>>>>>>> Model Trainer <<<<<<<<<<<<<<<<<<<<<<<<<<<<<<<<<<<<<<<<
[ 2022-12-25 18:31:07,346 ] 45 root - INFO - Loading train and test array.
[ 2022-12-25 18:31:07,393 ] 49 root - INFO - Splitting input and target feature from both train and test arr.
[ 2022-12-25 18:31:07,393 ] 53 root - INFO - Train the model
[ 2022-12-25 18:31:16,861 ] 56 root - INFO - Calculating f1 train score
[ 2022-12-25 18:31:16,941 ] 60 root - INFO - Calculating f1 test score
[ 2022-12-25 18:31:16,956 ] 64 root - INFO - train score:1.0 and tests score 0.9877603955580774
[ 2022-12-25 18:31:16,956 ] 66 root - INFO - Checking if our model is underfitting or not
[ 2022-12-25 18:31:16,956 ] 71 root - INFO - Checking if our model is overfiiting or not
[ 2022-12-25 18:31:16,956 ] 78 root - INFO - Saving mode object
[ 2022-12-25 18:31:16,956 ] 53 root - INFO - Entered the save_object method of utils
[ 2022-12-25 18:31:16,956 ] 57 root - INFO - Exited the save_object method of utils
[ 2022-12-25 18:31:16,956 ] 82 root - INFO - Prepare the artifact
[ 2022-12-25 18:31:16,956 ] 85 root - INFO - Model trainer artifact: ModelTrainerArtifact(model_path='C:\\Users\\aswin\\OneDrive\\Documents\\Data Science\\Machine Learning Project\\End-to-End-Scancer\\artifact\\12252022__183015\\model_trainer\\model\\model.pkl', f1_train_score=1.0, f1_test_score=0.9877603955580774)
[ 2022-12-25 18:31:16,956 ] 19 root - INFO - >>>>>>>>>>>>>>>>>>>>>>>>>>>>>>>>>>>>>>>>  Model Evaluation <<<<<<<<<<<<<<<<<<<<<<<<<<<<<<<<<<<<<<<<
[ 2022-12-25 18:31:16,956 ] 35 root - INFO - if saved model folder has model the we will compare which model is best trained or the model from saved model folder
[ 2022-12-25 18:31:16,971 ] 40 root - INFO - Model evaluation artifact: ModelEvaluationArtifact(is_model_accept=True, improved_accuracy=None)
