[ 2022-12-25 18:22:40,361 ] 148 numexpr.utils - INFO - Note: NumExpr detected 12 cores but "NUMEXPR_MAX_THREADS" not set, so enforcing safe limit of 8.
[ 2022-12-25 18:22:40,361 ] 160 numexpr.utils - INFO - NumExpr defaulting to 8 threads.
[ 2022-12-25 18:22:45,196 ] 15 root - INFO - >>>>>>>>>>>>>>>>>>>>>>>>>>>>>>>>>>>>>>>> Data Ingestion <<<<<<<<<<<<<<<<<<<<<<<<<<<<<<<<<<<<<<<<
[ 2022-12-25 18:22:45,197 ] 22 root - INFO - Exporting collection data as pandas dataframe
[ 2022-12-25 18:22:45,197 ] 22 root - INFO - Reading data from database: aps and collection: sensor
[ 2022-12-25 18:23:15,179 ] 24 root - INFO - Found columns: Index(['_id', 'class', 'aa_000', 'ab_000', 'ac_000', 'ad_000', 'ae_000',
       'af_000', 'ag_000', 'ag_001',
       ...
       'ee_002', 'ee_003', 'ee_004', 'ee_005', 'ee_006', 'ee_007', 'ee_008',
       'ee_009', 'ef_000', 'eg_000'],
      dtype='object', length=172)
[ 2022-12-25 18:23:15,187 ] 26 root - INFO - Dropping column: _id 
[ 2022-12-25 18:23:15,459 ] 28 root - INFO - Row and columns in df: (32000, 171)
[ 2022-12-25 18:23:15,459 ] 26 root - INFO - Save data in feature store
[ 2022-12-25 18:23:16,005 ] 32 root - INFO - Create feature store folder if not available
[ 2022-12-25 18:23:16,005 ] 36 root - INFO - Save df to feature store folder
[ 2022-12-25 18:23:18,144 ] 41 root - INFO - split dataset into train and test set
[ 2022-12-25 18:23:18,702 ] 45 root - INFO - create dataset directory folder if not available
[ 2022-12-25 18:23:18,702 ] 50 root - INFO - Save df to feature store folder
[ 2022-12-25 18:23:20,408 ] 62 root - INFO - Data ingestion artifact: DataIngestionArtifact(feature_store_file_path='C:\\Users\\aswin\\OneDrive\\Documents\\Data Science\\Machine Learning Project\\End-to-End-Scancer\\artifact\\12252022__182245\\data_ingestion\\feature_store\\sensor.csv', train_file_path='C:\\Users\\aswin\\OneDrive\\Documents\\Data Science\\Machine Learning Project\\End-to-End-Scancer\\artifact\\12252022__182245\\data_ingestion\\dataset\\train.csv', test_file_path='C:\\Users\\aswin\\OneDrive\\Documents\\Data Science\\Machine Learning Project\\End-to-End-Scancer\\artifact\\12252022__182245\\data_ingestion\\dataset\\test.csv')
[ 2022-12-25 18:23:20,683 ] 22 root - INFO - >>>>>>>>>>>>>>>>>>>>>>>>>>>>>>>>>>>>>>>> Data Validation <<<<<<<<<<<<<<<<<<<<<<<<<<<<<<<<<<<<<<<<
[ 2022-12-25 18:23:20,683 ] 110 root - INFO - Reading base dataframe
[ 2022-12-25 18:23:21,599 ] 113 root - INFO - Replace na value in base df
[ 2022-12-25 18:23:21,599 ] 115 root - INFO - Drop null values colums from base df
[ 2022-12-25 18:23:21,893 ] 44 root - INFO - selecting column name which contains null above to 0.2
[ 2022-12-25 18:23:21,893 ] 47 root - INFO - Columns to drop: ['ab_000', 'ad_000', 'bk_000', 'bl_000', 'bm_000', 'bn_000', 'bo_000', 'bp_000', 'bq_000', 'br_000', 'cf_000', 'cg_000', 'ch_000', 'co_000', 'cr_000', 'ct_000', 'cu_000', 'cv_000', 'cx_000', 'cy_000', 'cz_000', 'da_000', 'db_000', 'dc_000']
[ 2022-12-25 18:23:21,930 ] 118 root - INFO - Reading train dataframe
[ 2022-12-25 18:23:22,257 ] 120 root - INFO - Reading test dataframe
[ 2022-12-25 18:23:22,347 ] 123 root - INFO - Drop null values colums from train df
[ 2022-12-25 18:23:22,356 ] 44 root - INFO - selecting column name which contains null above to 0.2
[ 2022-12-25 18:23:22,356 ] 47 root - INFO - Columns to drop: ['ab_000', 'ad_000', 'bk_000', 'bl_000', 'bm_000', 'bn_000', 'bo_000', 'bp_000', 'bq_000', 'br_000', 'cf_000', 'cg_000', 'ch_000', 'co_000', 'cr_000', 'ct_000', 'cu_000', 'cv_000', 'cx_000', 'cy_000', 'cz_000', 'da_000', 'db_000', 'dc_000']
[ 2022-12-25 18:23:22,363 ] 125 root - INFO - Drop null values colums from test df
[ 2022-12-25 18:23:22,371 ] 44 root - INFO - selecting column name which contains null above to 0.2
[ 2022-12-25 18:23:22,372 ] 47 root - INFO - Columns to drop: ['ab_000', 'ad_000', 'bk_000', 'bl_000', 'bm_000', 'bn_000', 'bo_000', 'bp_000', 'bq_000', 'br_000', 'cf_000', 'cg_000', 'ch_000', 'co_000', 'cr_000', 'ct_000', 'cu_000', 'cv_000', 'cx_000', 'cy_000', 'cz_000', 'da_000', 'db_000', 'dc_000']
[ 2022-12-25 18:23:25,793 ] 134 root - INFO - Is all required columns present in train df
[ 2022-12-25 18:23:25,793 ] 136 root - INFO - Is all required columns present in test df
[ 2022-12-25 18:23:25,793 ] 140 root - INFO - As all column are available in train df hence detecting data drift
[ 2022-12-25 18:23:25,794 ] 88 root - INFO - Hypothesis class: object, object 
[ 2022-12-25 18:23:25,894 ] 88 root - INFO - Hypothesis aa_000: float64, float64 
[ 2022-12-25 18:23:25,895 ] 88 root - INFO - Hypothesis ac_000: float64, float64 
[ 2022-12-25 18:23:25,963 ] 88 root - INFO - Hypothesis ae_000: float64, float64 
[ 2022-12-25 18:23:25,987 ] 88 root - INFO - Hypothesis af_000: float64, float64 
[ 2022-12-25 18:23:26,021 ] 88 root - INFO - Hypothesis ag_000: float64, float64 
[ 2022-12-25 18:23:26,051 ] 88 root - INFO - Hypothesis ag_001: float64, float64 
[ 2022-12-25 18:23:26,072 ] 88 root - INFO - Hypothesis ag_002: float64, float64 
[ 2022-12-25 18:23:26,088 ] 88 root - INFO - Hypothesis ag_003: float64, float64 
[ 2022-12-25 18:23:26,105 ] 88 root - INFO - Hypothesis ag_004: float64, float64 
[ 2022-12-25 18:23:26,146 ] 88 root - INFO - Hypothesis ag_005: float64, float64 
[ 2022-12-25 18:23:26,154 ] 88 root - INFO - Hypothesis ag_006: float64, float64 
[ 2022-12-25 18:23:26,162 ] 88 root - INFO - Hypothesis ag_007: float64, float64 
[ 2022-12-25 18:23:26,194 ] 88 root - INFO - Hypothesis ag_008: float64, float64 
[ 2022-12-25 18:23:26,194 ] 88 root - INFO - Hypothesis ag_009: float64, float64 
[ 2022-12-25 18:23:26,226 ] 88 root - INFO - Hypothesis ah_000: float64, float64 
[ 2022-12-25 18:23:26,234 ] 88 root - INFO - Hypothesis ai_000: float64, float64 
[ 2022-12-25 18:23:26,258 ] 88 root - INFO - Hypothesis aj_000: float64, float64 
[ 2022-12-25 18:23:26,282 ] 88 root - INFO - Hypothesis ak_000: float64, float64 
[ 2022-12-25 18:23:26,315 ] 88 root - INFO - Hypothesis al_000: float64, float64 
[ 2022-12-25 18:23:26,339 ] 88 root - INFO - Hypothesis am_0: float64, float64 
[ 2022-12-25 18:23:26,363 ] 88 root - INFO - Hypothesis an_000: float64, float64 
[ 2022-12-25 18:23:26,371 ] 88 root - INFO - Hypothesis ao_000: float64, float64 
[ 2022-12-25 18:23:26,371 ] 88 root - INFO - Hypothesis ap_000: float64, float64 
[ 2022-12-25 18:23:26,379 ] 88 root - INFO - Hypothesis aq_000: float64, float64 
[ 2022-12-25 18:23:26,387 ] 88 root - INFO - Hypothesis ar_000: float64, float64 
[ 2022-12-25 18:23:26,419 ] 88 root - INFO - Hypothesis as_000: float64, float64 
[ 2022-12-25 18:23:26,435 ] 88 root - INFO - Hypothesis at_000: float64, float64 
[ 2022-12-25 18:23:26,459 ] 88 root - INFO - Hypothesis au_000: float64, float64 
[ 2022-12-25 18:23:26,483 ] 88 root - INFO - Hypothesis av_000: float64, float64 
[ 2022-12-25 18:23:26,515 ] 88 root - INFO - Hypothesis ax_000: float64, float64 
[ 2022-12-25 18:23:26,539 ] 88 root - INFO - Hypothesis ay_000: float64, float64 
[ 2022-12-25 18:23:26,571 ] 88 root - INFO - Hypothesis ay_001: float64, float64 
[ 2022-12-25 18:23:26,602 ] 88 root - INFO - Hypothesis ay_002: float64, float64 
[ 2022-12-25 18:23:26,629 ] 88 root - INFO - Hypothesis ay_003: float64, float64 
[ 2022-12-25 18:23:26,661 ] 88 root - INFO - Hypothesis ay_004: float64, float64 
[ 2022-12-25 18:23:26,693 ] 88 root - INFO - Hypothesis ay_005: float64, float64 
[ 2022-12-25 18:23:26,717 ] 88 root - INFO - Hypothesis ay_006: float64, float64 
[ 2022-12-25 18:23:26,747 ] 88 root - INFO - Hypothesis ay_007: float64, float64 
[ 2022-12-25 18:23:26,775 ] 88 root - INFO - Hypothesis ay_008: float64, float64 
[ 2022-12-25 18:23:26,775 ] 88 root - INFO - Hypothesis ay_009: float64, float64 
[ 2022-12-25 18:23:26,807 ] 88 root - INFO - Hypothesis az_000: float64, float64 
[ 2022-12-25 18:23:26,832 ] 88 root - INFO - Hypothesis az_001: float64, float64 
[ 2022-12-25 18:23:26,864 ] 88 root - INFO - Hypothesis az_002: float64, float64 
[ 2022-12-25 18:23:26,893 ] 88 root - INFO - Hypothesis az_003: float64, float64 
[ 2022-12-25 18:23:26,920 ] 88 root - INFO - Hypothesis az_004: float64, float64 
[ 2022-12-25 18:23:26,952 ] 88 root - INFO - Hypothesis az_005: float64, float64 
[ 2022-12-25 18:23:26,985 ] 88 root - INFO - Hypothesis az_006: float64, float64 
[ 2022-12-25 18:23:27,018 ] 88 root - INFO - Hypothesis az_007: float64, float64 
[ 2022-12-25 18:23:27,041 ] 88 root - INFO - Hypothesis az_008: float64, float64 
[ 2022-12-25 18:23:27,065 ] 88 root - INFO - Hypothesis az_009: float64, float64 
[ 2022-12-25 18:23:27,089 ] 88 root - INFO - Hypothesis ba_000: float64, float64 
[ 2022-12-25 18:23:27,097 ] 88 root - INFO - Hypothesis ba_001: float64, float64 
[ 2022-12-25 18:23:27,126 ] 88 root - INFO - Hypothesis ba_002: float64, float64 
[ 2022-12-25 18:23:27,158 ] 88 root - INFO - Hypothesis ba_003: float64, float64 
[ 2022-12-25 18:23:27,163 ] 88 root - INFO - Hypothesis ba_004: float64, float64 
[ 2022-12-25 18:23:27,171 ] 88 root - INFO - Hypothesis ba_005: float64, float64 
[ 2022-12-25 18:23:27,188 ] 88 root - INFO - Hypothesis ba_006: float64, float64 
[ 2022-12-25 18:23:27,196 ] 88 root - INFO - Hypothesis ba_007: float64, float64 
[ 2022-12-25 18:23:27,228 ] 88 root - INFO - Hypothesis ba_008: float64, float64 
[ 2022-12-25 18:23:27,260 ] 88 root - INFO - Hypothesis ba_009: float64, float64 
[ 2022-12-25 18:23:27,277 ] 88 root - INFO - Hypothesis bb_000: float64, float64 
[ 2022-12-25 18:23:27,285 ] 88 root - INFO - Hypothesis bc_000: float64, float64 
[ 2022-12-25 18:23:27,297 ] 88 root - INFO - Hypothesis bd_000: float64, float64 
[ 2022-12-25 18:23:27,317 ] 88 root - INFO - Hypothesis be_000: float64, float64 
[ 2022-12-25 18:23:27,349 ] 88 root - INFO - Hypothesis bf_000: float64, float64 
[ 2022-12-25 18:23:27,374 ] 88 root - INFO - Hypothesis bg_000: float64, float64 
[ 2022-12-25 18:23:27,382 ] 88 root - INFO - Hypothesis bh_000: float64, float64 
[ 2022-12-25 18:23:27,399 ] 88 root - INFO - Hypothesis bi_000: float64, float64 
[ 2022-12-25 18:23:27,431 ] 88 root - INFO - Hypothesis bj_000: float64, float64 
[ 2022-12-25 18:23:27,439 ] 88 root - INFO - Hypothesis bs_000: float64, float64 
[ 2022-12-25 18:23:27,463 ] 88 root - INFO - Hypothesis bt_000: float64, float64 
[ 2022-12-25 18:23:27,471 ] 88 root - INFO - Hypothesis bu_000: float64, float64 
[ 2022-12-25 18:23:27,479 ] 88 root - INFO - Hypothesis bv_000: float64, float64 
[ 2022-12-25 18:23:27,492 ] 88 root - INFO - Hypothesis bx_000: float64, float64 
[ 2022-12-25 18:23:27,497 ] 88 root - INFO - Hypothesis by_000: float64, float64 
[ 2022-12-25 18:23:27,527 ] 88 root - INFO - Hypothesis bz_000: float64, float64 
[ 2022-12-25 18:23:27,554 ] 88 root - INFO - Hypothesis ca_000: float64, float64 
[ 2022-12-25 18:23:27,561 ] 88 root - INFO - Hypothesis cb_000: float64, float64 
[ 2022-12-25 18:23:27,591 ] 88 root - INFO - Hypothesis cc_000: float64, float64 
[ 2022-12-25 18:23:27,615 ] 88 root - INFO - Hypothesis cd_000: float64, float64 
[ 2022-12-25 18:23:27,623 ] 88 root - INFO - Hypothesis ce_000: float64, float64 
[ 2022-12-25 18:23:27,648 ] 88 root - INFO - Hypothesis ci_000: float64, float64 
[ 2022-12-25 18:23:27,680 ] 88 root - INFO - Hypothesis cj_000: float64, float64 
[ 2022-12-25 18:23:27,704 ] 88 root - INFO - Hypothesis ck_000: float64, float64 
[ 2022-12-25 18:23:27,712 ] 88 root - INFO - Hypothesis cl_000: float64, float64 
[ 2022-12-25 18:23:27,741 ] 88 root - INFO - Hypothesis cm_000: float64, float64 
[ 2022-12-25 18:23:27,746 ] 88 root - INFO - Hypothesis cn_000: float64, float64 
[ 2022-12-25 18:23:27,769 ] 88 root - INFO - Hypothesis cn_001: float64, float64 
[ 2022-12-25 18:23:27,798 ] 88 root - INFO - Hypothesis cn_002: float64, float64 
[ 2022-12-25 18:23:27,827 ] 88 root - INFO - Hypothesis cn_003: float64, float64 
[ 2022-12-25 18:23:27,835 ] 88 root - INFO - Hypothesis cn_004: float64, float64 
[ 2022-12-25 18:23:27,835 ] 88 root - INFO - Hypothesis cn_005: float64, float64 
[ 2022-12-25 18:23:27,868 ] 88 root - INFO - Hypothesis cn_006: float64, float64 
[ 2022-12-25 18:23:27,898 ] 88 root - INFO - Hypothesis cn_007: float64, float64 
[ 2022-12-25 18:23:27,925 ] 88 root - INFO - Hypothesis cn_008: float64, float64 
[ 2022-12-25 18:23:27,949 ] 88 root - INFO - Hypothesis cn_009: float64, float64 
[ 2022-12-25 18:23:27,965 ] 88 root - INFO - Hypothesis cp_000: float64, float64 
[ 2022-12-25 18:23:28,123 ] 88 root - INFO - Hypothesis cq_000: float64, float64 
[ 2022-12-25 18:23:28,127 ] 88 root - INFO - Hypothesis cs_000: float64, float64 
[ 2022-12-25 18:23:28,136 ] 88 root - INFO - Hypothesis cs_001: float64, float64 
[ 2022-12-25 18:23:28,140 ] 88 root - INFO - Hypothesis cs_002: float64, float64 
[ 2022-12-25 18:23:28,147 ] 88 root - INFO - Hypothesis cs_003: float64, float64 
[ 2022-12-25 18:23:28,184 ] 88 root - INFO - Hypothesis cs_004: float64, float64 
[ 2022-12-25 18:23:28,216 ] 88 root - INFO - Hypothesis cs_005: float64, float64 
[ 2022-12-25 18:23:28,224 ] 88 root - INFO - Hypothesis cs_006: float64, float64 
[ 2022-12-25 18:23:28,232 ] 88 root - INFO - Hypothesis cs_007: float64, float64 
[ 2022-12-25 18:23:28,240 ] 88 root - INFO - Hypothesis cs_008: float64, float64 
[ 2022-12-25 18:23:28,273 ] 88 root - INFO - Hypothesis cs_009: float64, float64 
[ 2022-12-25 18:23:28,300 ] 88 root - INFO - Hypothesis dd_000: float64, float64 
[ 2022-12-25 18:23:28,310 ] 88 root - INFO - Hypothesis de_000: float64, float64 
[ 2022-12-25 18:23:28,340 ] 88 root - INFO - Hypothesis df_000: float64, float64 
[ 2022-12-25 18:23:28,369 ] 88 root - INFO - Hypothesis dg_000: float64, float64 
[ 2022-12-25 18:23:28,400 ] 88 root - INFO - Hypothesis dh_000: float64, float64 
[ 2022-12-25 18:23:28,431 ] 88 root - INFO - Hypothesis di_000: float64, float64 
[ 2022-12-25 18:23:28,459 ] 88 root - INFO - Hypothesis dj_000: float64, float64 
[ 2022-12-25 18:23:28,496 ] 88 root - INFO - Hypothesis dk_000: float64, float64 
[ 2022-12-25 18:23:28,524 ] 88 root - INFO - Hypothesis dl_000: float64, float64 
[ 2022-12-25 18:23:28,553 ] 88 root - INFO - Hypothesis dm_000: float64, float64 
[ 2022-12-25 18:23:28,573 ] 88 root - INFO - Hypothesis dn_000: float64, float64 
[ 2022-12-25 18:23:28,614 ] 88 root - INFO - Hypothesis do_000: float64, float64 
[ 2022-12-25 18:23:28,646 ] 88 root - INFO - Hypothesis dp_000: float64, float64 
[ 2022-12-25 18:23:28,673 ] 88 root - INFO - Hypothesis dq_000: float64, float64 
[ 2022-12-25 18:23:28,699 ] 88 root - INFO - Hypothesis dr_000: float64, float64 
[ 2022-12-25 18:23:28,723 ] 88 root - INFO - Hypothesis ds_000: float64, float64 
[ 2022-12-25 18:23:28,752 ] 88 root - INFO - Hypothesis dt_000: float64, float64 
[ 2022-12-25 18:23:28,782 ] 88 root - INFO - Hypothesis du_000: float64, float64 
[ 2022-12-25 18:23:28,784 ] 88 root - INFO - Hypothesis dv_000: float64, float64 
[ 2022-12-25 18:23:28,792 ] 88 root - INFO - Hypothesis dx_000: float64, float64 
[ 2022-12-25 18:23:28,826 ] 88 root - INFO - Hypothesis dy_000: float64, float64 
[ 2022-12-25 18:23:28,854 ] 88 root - INFO - Hypothesis dz_000: float64, float64 
[ 2022-12-25 18:23:28,885 ] 88 root - INFO - Hypothesis ea_000: float64, float64 
[ 2022-12-25 18:23:28,913 ] 88 root - INFO - Hypothesis eb_000: float64, float64 
[ 2022-12-25 18:23:28,946 ] 88 root - INFO - Hypothesis ec_00: float64, float64 
[ 2022-12-25 18:23:28,972 ] 88 root - INFO - Hypothesis ed_000: float64, float64 
[ 2022-12-25 18:23:29,010 ] 88 root - INFO - Hypothesis ee_000: float64, float64 
[ 2022-12-25 18:23:29,012 ] 88 root - INFO - Hypothesis ee_001: float64, float64 
[ 2022-12-25 18:23:29,043 ] 88 root - INFO - Hypothesis ee_002: float64, float64 
[ 2022-12-25 18:23:29,076 ] 88 root - INFO - Hypothesis ee_003: float64, float64 
[ 2022-12-25 18:23:29,102 ] 88 root - INFO - Hypothesis ee_004: float64, float64 
[ 2022-12-25 18:23:29,133 ] 88 root - INFO - Hypothesis ee_005: float64, float64 
[ 2022-12-25 18:23:29,162 ] 88 root - INFO - Hypothesis ee_006: float64, float64 
[ 2022-12-25 18:23:29,164 ] 88 root - INFO - Hypothesis ee_007: float64, float64 
[ 2022-12-25 18:23:29,173 ] 88 root - INFO - Hypothesis ee_008: float64, float64 
[ 2022-12-25 18:23:29,205 ] 88 root - INFO - Hypothesis ee_009: float64, float64 
[ 2022-12-25 18:23:29,231 ] 88 root - INFO - Hypothesis ef_000: float64, float64 
[ 2022-12-25 18:23:29,257 ] 88 root - INFO - Hypothesis eg_000: float64, float64 
[ 2022-12-25 18:23:29,280 ] 143 root - INFO - As all column are available in test df hence detecting data drift
[ 2022-12-25 18:23:29,280 ] 88 root - INFO - Hypothesis class: object, object 
[ 2022-12-25 18:23:29,323 ] 88 root - INFO - Hypothesis aa_000: float64, float64 
[ 2022-12-25 18:23:29,325 ] 88 root - INFO - Hypothesis ac_000: float64, float64 
[ 2022-12-25 18:23:29,330 ] 88 root - INFO - Hypothesis ae_000: float64, float64 
[ 2022-12-25 18:23:29,336 ] 88 root - INFO - Hypothesis af_000: float64, float64 
[ 2022-12-25 18:23:29,344 ] 88 root - INFO - Hypothesis ag_000: float64, float64 
[ 2022-12-25 18:23:29,361 ] 88 root - INFO - Hypothesis ag_001: float64, float64 
[ 2022-12-25 18:23:29,372 ] 88 root - INFO - Hypothesis ag_002: float64, float64 
[ 2022-12-25 18:23:29,385 ] 88 root - INFO - Hypothesis ag_003: float64, float64 
[ 2022-12-25 18:23:29,386 ] 88 root - INFO - Hypothesis ag_004: float64, float64 
[ 2022-12-25 18:23:29,392 ] 88 root - INFO - Hypothesis ag_005: float64, float64 
[ 2022-12-25 18:23:29,393 ] 88 root - INFO - Hypothesis ag_006: float64, float64 
[ 2022-12-25 18:23:29,393 ] 88 root - INFO - Hypothesis ag_007: float64, float64 
[ 2022-12-25 18:23:29,403 ] 88 root - INFO - Hypothesis ag_008: float64, float64 
[ 2022-12-25 18:23:29,403 ] 88 root - INFO - Hypothesis ag_009: float64, float64 
[ 2022-12-25 18:23:29,409 ] 88 root - INFO - Hypothesis ah_000: float64, float64 
[ 2022-12-25 18:23:29,413 ] 88 root - INFO - Hypothesis ai_000: float64, float64 
[ 2022-12-25 18:23:29,413 ] 88 root - INFO - Hypothesis aj_000: float64, float64 
[ 2022-12-25 18:23:29,417 ] 88 root - INFO - Hypothesis ak_000: float64, float64 
[ 2022-12-25 18:23:29,433 ] 88 root - INFO - Hypothesis al_000: float64, float64 
[ 2022-12-25 18:23:29,433 ] 88 root - INFO - Hypothesis am_0: float64, float64 
[ 2022-12-25 18:23:29,433 ] 88 root - INFO - Hypothesis an_000: float64, float64 
[ 2022-12-25 18:23:29,442 ] 88 root - INFO - Hypothesis ao_000: float64, float64 
[ 2022-12-25 18:23:29,447 ] 88 root - INFO - Hypothesis ap_000: float64, float64 
[ 2022-12-25 18:23:29,451 ] 88 root - INFO - Hypothesis aq_000: float64, float64 
[ 2022-12-25 18:23:29,454 ] 88 root - INFO - Hypothesis ar_000: float64, float64 
[ 2022-12-25 18:23:29,466 ] 88 root - INFO - Hypothesis as_000: float64, float64 
[ 2022-12-25 18:23:29,482 ] 88 root - INFO - Hypothesis at_000: float64, float64 
[ 2022-12-25 18:23:29,492 ] 88 root - INFO - Hypothesis au_000: float64, float64 
[ 2022-12-25 18:23:29,511 ] 88 root - INFO - Hypothesis av_000: float64, float64 
[ 2022-12-25 18:23:29,514 ] 88 root - INFO - Hypothesis ax_000: float64, float64 
[ 2022-12-25 18:23:29,514 ] 88 root - INFO - Hypothesis ay_000: float64, float64 
[ 2022-12-25 18:23:29,532 ] 88 root - INFO - Hypothesis ay_001: float64, float64 
[ 2022-12-25 18:23:29,538 ] 88 root - INFO - Hypothesis ay_002: float64, float64 
[ 2022-12-25 18:23:29,555 ] 88 root - INFO - Hypothesis ay_003: float64, float64 
[ 2022-12-25 18:23:29,562 ] 88 root - INFO - Hypothesis ay_004: float64, float64 
[ 2022-12-25 18:23:29,562 ] 88 root - INFO - Hypothesis ay_005: float64, float64 
[ 2022-12-25 18:23:29,572 ] 88 root - INFO - Hypothesis ay_006: float64, float64 
[ 2022-12-25 18:23:29,578 ] 88 root - INFO - Hypothesis ay_007: float64, float64 
[ 2022-12-25 18:23:29,582 ] 88 root - INFO - Hypothesis ay_008: float64, float64 
[ 2022-12-25 18:23:29,586 ] 88 root - INFO - Hypothesis ay_009: float64, float64 
[ 2022-12-25 18:23:29,586 ] 88 root - INFO - Hypothesis az_000: float64, float64 
[ 2022-12-25 18:23:29,592 ] 88 root - INFO - Hypothesis az_001: float64, float64 
[ 2022-12-25 18:23:29,594 ] 88 root - INFO - Hypothesis az_002: float64, float64 
[ 2022-12-25 18:23:29,594 ] 88 root - INFO - Hypothesis az_003: float64, float64 
[ 2022-12-25 18:23:29,611 ] 88 root - INFO - Hypothesis az_004: float64, float64 
[ 2022-12-25 18:23:29,618 ] 88 root - INFO - Hypothesis az_005: float64, float64 
[ 2022-12-25 18:23:29,621 ] 88 root - INFO - Hypothesis az_006: float64, float64 
[ 2022-12-25 18:23:29,622 ] 88 root - INFO - Hypothesis az_007: float64, float64 
[ 2022-12-25 18:23:29,626 ] 88 root - INFO - Hypothesis az_008: float64, float64 
[ 2022-12-25 18:23:29,641 ] 88 root - INFO - Hypothesis az_009: float64, float64 
[ 2022-12-25 18:23:29,642 ] 88 root - INFO - Hypothesis ba_000: float64, float64 
[ 2022-12-25 18:23:29,642 ] 88 root - INFO - Hypothesis ba_001: float64, float64 
[ 2022-12-25 18:23:29,652 ] 88 root - INFO - Hypothesis ba_002: float64, float64 
[ 2022-12-25 18:23:29,652 ] 88 root - INFO - Hypothesis ba_003: float64, float64 
[ 2022-12-25 18:23:29,659 ] 88 root - INFO - Hypothesis ba_004: float64, float64 
[ 2022-12-25 18:23:29,662 ] 88 root - INFO - Hypothesis ba_005: float64, float64 
[ 2022-12-25 18:23:29,662 ] 88 root - INFO - Hypothesis ba_006: float64, float64 
[ 2022-12-25 18:23:29,667 ] 88 root - INFO - Hypothesis ba_007: float64, float64 
[ 2022-12-25 18:23:29,672 ] 88 root - INFO - Hypothesis ba_008: float64, float64 
[ 2022-12-25 18:23:29,675 ] 88 root - INFO - Hypothesis ba_009: float64, float64 
[ 2022-12-25 18:23:29,675 ] 88 root - INFO - Hypothesis bb_000: float64, float64 
[ 2022-12-25 18:23:29,683 ] 88 root - INFO - Hypothesis bc_000: float64, float64 
[ 2022-12-25 18:23:29,686 ] 88 root - INFO - Hypothesis bd_000: float64, float64 
[ 2022-12-25 18:23:29,686 ] 88 root - INFO - Hypothesis be_000: float64, float64 
[ 2022-12-25 18:23:29,694 ] 88 root - INFO - Hypothesis bf_000: float64, float64 
[ 2022-12-25 18:23:29,694 ] 88 root - INFO - Hypothesis bg_000: float64, float64 
[ 2022-12-25 18:23:29,700 ] 88 root - INFO - Hypothesis bh_000: float64, float64 
[ 2022-12-25 18:23:29,702 ] 88 root - INFO - Hypothesis bi_000: float64, float64 
[ 2022-12-25 18:23:29,707 ] 88 root - INFO - Hypothesis bj_000: float64, float64 
[ 2022-12-25 18:23:29,711 ] 88 root - INFO - Hypothesis bs_000: float64, float64 
[ 2022-12-25 18:23:29,712 ] 88 root - INFO - Hypothesis bt_000: float64, float64 
[ 2022-12-25 18:23:29,717 ] 88 root - INFO - Hypothesis bu_000: float64, float64 
[ 2022-12-25 18:23:29,722 ] 88 root - INFO - Hypothesis bv_000: float64, float64 
[ 2022-12-25 18:23:29,724 ] 88 root - INFO - Hypothesis bx_000: float64, float64 
[ 2022-12-25 18:23:29,724 ] 88 root - INFO - Hypothesis by_000: float64, float64 
[ 2022-12-25 18:23:29,732 ] 88 root - INFO - Hypothesis bz_000: float64, float64 
[ 2022-12-25 18:23:29,732 ] 88 root - INFO - Hypothesis ca_000: float64, float64 
[ 2022-12-25 18:23:29,738 ] 88 root - INFO - Hypothesis cb_000: float64, float64 
[ 2022-12-25 18:23:29,742 ] 88 root - INFO - Hypothesis cc_000: float64, float64 
[ 2022-12-25 18:23:29,742 ] 88 root - INFO - Hypothesis cd_000: float64, float64 
[ 2022-12-25 18:23:29,758 ] 88 root - INFO - Hypothesis ce_000: float64, float64 
[ 2022-12-25 18:23:29,762 ] 88 root - INFO - Hypothesis ci_000: float64, float64 
[ 2022-12-25 18:23:29,765 ] 88 root - INFO - Hypothesis cj_000: float64, float64 
[ 2022-12-25 18:23:29,772 ] 88 root - INFO - Hypothesis ck_000: float64, float64 
[ 2022-12-25 18:23:29,782 ] 88 root - INFO - Hypothesis cl_000: float64, float64 
[ 2022-12-25 18:23:29,786 ] 88 root - INFO - Hypothesis cm_000: float64, float64 
[ 2022-12-25 18:23:29,791 ] 88 root - INFO - Hypothesis cn_000: float64, float64 
[ 2022-12-25 18:23:29,804 ] 88 root - INFO - Hypothesis cn_001: float64, float64 
[ 2022-12-25 18:23:29,817 ] 88 root - INFO - Hypothesis cn_002: float64, float64 
[ 2022-12-25 18:23:29,820 ] 88 root - INFO - Hypothesis cn_003: float64, float64 
[ 2022-12-25 18:23:29,823 ] 88 root - INFO - Hypothesis cn_004: float64, float64 
[ 2022-12-25 18:23:29,827 ] 88 root - INFO - Hypothesis cn_005: float64, float64 
[ 2022-12-25 18:23:29,830 ] 88 root - INFO - Hypothesis cn_006: float64, float64 
[ 2022-12-25 18:23:29,836 ] 88 root - INFO - Hypothesis cn_007: float64, float64 
[ 2022-12-25 18:23:29,842 ] 88 root - INFO - Hypothesis cn_008: float64, float64 
[ 2022-12-25 18:23:29,844 ] 88 root - INFO - Hypothesis cn_009: float64, float64 
[ 2022-12-25 18:23:29,852 ] 88 root - INFO - Hypothesis cp_000: float64, float64 
[ 2022-12-25 18:23:29,853 ] 88 root - INFO - Hypothesis cq_000: float64, float64 
[ 2022-12-25 18:23:29,860 ] 88 root - INFO - Hypothesis cs_000: float64, float64 
[ 2022-12-25 18:23:29,862 ] 88 root - INFO - Hypothesis cs_001: float64, float64 
[ 2022-12-25 18:23:29,869 ] 88 root - INFO - Hypothesis cs_002: float64, float64 
[ 2022-12-25 18:23:29,872 ] 88 root - INFO - Hypothesis cs_003: float64, float64 
[ 2022-12-25 18:23:29,877 ] 88 root - INFO - Hypothesis cs_004: float64, float64 
[ 2022-12-25 18:23:29,882 ] 88 root - INFO - Hypothesis cs_005: float64, float64 
[ 2022-12-25 18:23:29,886 ] 88 root - INFO - Hypothesis cs_006: float64, float64 
[ 2022-12-25 18:23:29,886 ] 88 root - INFO - Hypothesis cs_007: float64, float64 
[ 2022-12-25 18:23:29,893 ] 88 root - INFO - Hypothesis cs_008: float64, float64 
[ 2022-12-25 18:23:29,897 ] 88 root - INFO - Hypothesis cs_009: float64, float64 
[ 2022-12-25 18:23:29,912 ] 88 root - INFO - Hypothesis dd_000: float64, float64 
[ 2022-12-25 18:23:29,920 ] 88 root - INFO - Hypothesis de_000: float64, float64 
[ 2022-12-25 18:23:29,923 ] 88 root - INFO - Hypothesis df_000: float64, float64 
[ 2022-12-25 18:23:29,932 ] 88 root - INFO - Hypothesis dg_000: float64, float64 
[ 2022-12-25 18:23:29,942 ] 88 root - INFO - Hypothesis dh_000: float64, float64 
[ 2022-12-25 18:23:29,958 ] 88 root - INFO - Hypothesis di_000: float64, float64 
[ 2022-12-25 18:23:29,972 ] 88 root - INFO - Hypothesis dj_000: float64, float64 
[ 2022-12-25 18:23:29,986 ] 88 root - INFO - Hypothesis dk_000: float64, float64 
[ 2022-12-25 18:23:30,000 ] 88 root - INFO - Hypothesis dl_000: float64, float64 
[ 2022-12-25 18:23:30,013 ] 88 root - INFO - Hypothesis dm_000: float64, float64 
[ 2022-12-25 18:23:30,024 ] 88 root - INFO - Hypothesis dn_000: float64, float64 
[ 2022-12-25 18:23:30,032 ] 88 root - INFO - Hypothesis do_000: float64, float64 
[ 2022-12-25 18:23:30,035 ] 88 root - INFO - Hypothesis dp_000: float64, float64 
[ 2022-12-25 18:23:30,038 ] 88 root - INFO - Hypothesis dq_000: float64, float64 
[ 2022-12-25 18:23:30,042 ] 88 root - INFO - Hypothesis dr_000: float64, float64 
[ 2022-12-25 18:23:30,044 ] 88 root - INFO - Hypothesis ds_000: float64, float64 
[ 2022-12-25 18:23:30,048 ] 88 root - INFO - Hypothesis dt_000: float64, float64 
[ 2022-12-25 18:23:30,052 ] 88 root - INFO - Hypothesis du_000: float64, float64 
[ 2022-12-25 18:23:30,056 ] 88 root - INFO - Hypothesis dv_000: float64, float64 
[ 2022-12-25 18:23:30,062 ] 88 root - INFO - Hypothesis dx_000: float64, float64 
[ 2022-12-25 18:23:30,065 ] 88 root - INFO - Hypothesis dy_000: float64, float64 
[ 2022-12-25 18:23:30,065 ] 88 root - INFO - Hypothesis dz_000: float64, float64 
[ 2022-12-25 18:23:30,080 ] 88 root - INFO - Hypothesis ea_000: float64, float64 
[ 2022-12-25 18:23:30,093 ] 88 root - INFO - Hypothesis eb_000: float64, float64 
[ 2022-12-25 18:23:30,096 ] 88 root - INFO - Hypothesis ec_00: float64, float64 
[ 2022-12-25 18:23:30,102 ] 88 root - INFO - Hypothesis ed_000: float64, float64 
[ 2022-12-25 18:23:30,105 ] 88 root - INFO - Hypothesis ee_000: float64, float64 
[ 2022-12-25 18:23:30,105 ] 88 root - INFO - Hypothesis ee_001: float64, float64 
[ 2022-12-25 18:23:30,112 ] 88 root - INFO - Hypothesis ee_002: float64, float64 
[ 2022-12-25 18:23:30,113 ] 88 root - INFO - Hypothesis ee_003: float64, float64 
[ 2022-12-25 18:23:30,113 ] 88 root - INFO - Hypothesis ee_004: float64, float64 
[ 2022-12-25 18:23:30,122 ] 88 root - INFO - Hypothesis ee_005: float64, float64 
[ 2022-12-25 18:23:30,122 ] 88 root - INFO - Hypothesis ee_006: float64, float64 
[ 2022-12-25 18:23:30,129 ] 88 root - INFO - Hypothesis ee_007: float64, float64 
[ 2022-12-25 18:23:30,132 ] 88 root - INFO - Hypothesis ee_008: float64, float64 
[ 2022-12-25 18:23:30,132 ] 88 root - INFO - Hypothesis ee_009: float64, float64 
[ 2022-12-25 18:23:30,139 ] 88 root - INFO - Hypothesis ef_000: float64, float64 
[ 2022-12-25 18:23:30,146 ] 88 root - INFO - Hypothesis eg_000: float64, float64 
[ 2022-12-25 18:23:30,154 ] 147 root - INFO - Write reprt in yaml file
[ 2022-12-25 18:23:30,235 ] 152 root - INFO - Data validation artifact: DataValidationArtifact(report_file_path='C:\\Users\\aswin\\OneDrive\\Documents\\Data Science\\Machine Learning Project\\End-to-End-Scancer\\artifact\\12252022__182245\\data_validation\\report.yaml')
[ 2022-12-25 18:23:30,243 ] 22 root - INFO - >>>>>>>>>>>>>>>>>>>>>>>>>>>>>>>>>>>>>>>> Data Transformation <<<<<<<<<<<<<<<<<<<<<<<<<<<<<<<<<<<<<<<<
[ 2022-12-25 18:23:31,032 ] 72 root - INFO - Before resampling in training set Input: (25600, 170) Target:(25600,)
[ 2022-12-25 18:23:36,981 ] 74 root - INFO - After resampling in training set Input: (50010, 170) Target:(50010,)
[ 2022-12-25 18:23:36,985 ] 76 root - INFO - Before resampling in testing set Input: (6400, 170) Target:(6400,)
[ 2022-12-25 18:23:37,471 ] 78 root - INFO - After resampling in testing set Input: (12472, 170) Target:(12472,)
[ 2022-12-25 18:23:37,663 ] 53 root - INFO - Entered the save_object method of utils
[ 2022-12-25 18:23:37,670 ] 57 root - INFO - Exited the save_object method of utils
[ 2022-12-25 18:23:37,670 ] 53 root - INFO - Entered the save_object method of utils
[ 2022-12-25 18:23:37,672 ] 57 root - INFO - Exited the save_object method of utils
[ 2022-12-25 18:23:37,672 ] 109 root - INFO - Data transformation object DataTransformationArtifact(transform_object_path='C:\\Users\\aswin\\OneDrive\\Documents\\Data Science\\Machine Learning Project\\End-to-End-Scancer\\artifact\\12252022__182245\\data_transformation\\transformer\\transformer.pkl', transformed_train_path='C:\\Users\\aswin\\OneDrive\\Documents\\Data Science\\Machine Learning Project\\End-to-End-Scancer\\artifact\\12252022__182245\\data_transformation\\transformed\\train.npz', transformed_test_path='C:\\Users\\aswin\\OneDrive\\Documents\\Data Science\\Machine Learning Project\\End-to-End-Scancer\\artifact\\12252022__182245\\data_transformation\\transformed\\test.npz', target_encoder_path='C:\\Users\\aswin\\OneDrive\\Documents\\Data Science\\Machine Learning Project\\End-to-End-Scancer\\artifact\\12252022__182245\\data_transformation\\target_encoder\\target_encoder.pkl')
[ 2022-12-25 18:23:37,690 ] 18 root - INFO - >>>>>>>>>>>>>>>>>>>>>>>>>>>>>>>>>>>>>>>> Model Trainer <<<<<<<<<<<<<<<<<<<<<<<<<<<<<<<<<<<<<<<<
[ 2022-12-25 18:23:37,690 ] 45 root - INFO - Loading train and test array.
[ 2022-12-25 18:23:37,746 ] 49 root - INFO - Splitting input and target feature from both train and test arr.
[ 2022-12-25 18:23:37,746 ] 53 root - INFO - Train the model
[ 2022-12-25 18:23:48,422 ] 56 root - INFO - Calculating f1 train score
[ 2022-12-25 18:23:48,503 ] 60 root - INFO - Calculating f1 test score
[ 2022-12-25 18:23:48,532 ] 64 root - INFO - train score:1.0 and tests score 0.9877603955580774
[ 2022-12-25 18:23:48,532 ] 66 root - INFO - Checking if our model is underfitting or not
[ 2022-12-25 18:23:48,532 ] 71 root - INFO - Checking if our model is overfiiting or not
[ 2022-12-25 18:23:48,532 ] 78 root - INFO - Saving mode object
[ 2022-12-25 18:23:48,532 ] 53 root - INFO - Entered the save_object method of utils
[ 2022-12-25 18:23:48,532 ] 57 root - INFO - Exited the save_object method of utils
[ 2022-12-25 18:23:48,532 ] 82 root - INFO - Prepare the artifact
[ 2022-12-25 18:23:48,532 ] 85 root - INFO - Model trainer artifact: ModelTrainerArtifact(model_path='C:\\Users\\aswin\\OneDrive\\Documents\\Data Science\\Machine Learning Project\\End-to-End-Scancer\\artifact\\12252022__182245\\model_trainer\\model\\model.pkl', f1_train_score=1.0, f1_test_score=0.9877603955580774)
[ 2022-12-25 18:23:48,532 ] 19 root - INFO - >>>>>>>>>>>>>>>>>>>>>>>>>>>>>>>>>>>>>>>>  Model Evaluation <<<<<<<<<<<<<<<<<<<<<<<<<<<<<<<<<<<<<<<<
[ 2022-12-25 18:23:48,532 ] 35 root - INFO - if saved model folder has model the we will compare which model is best trained or the model from saved model folder
[ 2022-12-25 18:23:48,532 ] 40 root - INFO - Model evaluation artifact: ModelEvaluationArtifact(is_model_accept=True, improved_accuracy=None)
