[ 2022-12-25 18:31:36,634 ] 148 numexpr.utils - INFO - Note: NumExpr detected 12 cores but "NUMEXPR_MAX_THREADS" not set, so enforcing safe limit of 8.
[ 2022-12-25 18:31:36,642 ] 160 numexpr.utils - INFO - NumExpr defaulting to 8 threads.
[ 2022-12-25 18:31:40,671 ] 15 root - INFO - >>>>>>>>>>>>>>>>>>>>>>>>>>>>>>>>>>>>>>>> Data Ingestion <<<<<<<<<<<<<<<<<<<<<<<<<<<<<<<<<<<<<<<<
[ 2022-12-25 18:31:40,671 ] 22 root - INFO - Exporting collection data as pandas dataframe
[ 2022-12-25 18:31:40,671 ] 22 root - INFO - Reading data from database: aps and collection: sensor
[ 2022-12-25 18:32:27,687 ] 24 root - INFO - Found columns: Index(['_id', 'class', 'aa_000', 'ab_000', 'ac_000', 'ad_000', 'ae_000',
       'af_000', 'ag_000', 'ag_001',
       ...
       'ee_002', 'ee_003', 'ee_004', 'ee_005', 'ee_006', 'ee_007', 'ee_008',
       'ee_009', 'ef_000', 'eg_000'],
      dtype='object', length=172)
[ 2022-12-25 18:32:27,687 ] 26 root - INFO - Dropping column: _id 
[ 2022-12-25 18:32:27,975 ] 28 root - INFO - Row and columns in df: (32000, 171)
[ 2022-12-25 18:32:27,975 ] 26 root - INFO - Save data in feature store
[ 2022-12-25 18:32:28,490 ] 32 root - INFO - Create feature store folder if not available
[ 2022-12-25 18:32:28,492 ] 36 root - INFO - Save df to feature store folder
[ 2022-12-25 18:32:30,885 ] 41 root - INFO - split dataset into train and test set
[ 2022-12-25 18:32:31,405 ] 45 root - INFO - create dataset directory folder if not available
[ 2022-12-25 18:32:31,405 ] 50 root - INFO - Save df to feature store folder
[ 2022-12-25 18:32:33,408 ] 62 root - INFO - Data ingestion artifact: DataIngestionArtifact(feature_store_file_path='C:\\Users\\aswin\\OneDrive\\Documents\\Data Science\\Machine Learning Project\\End-to-End-Scancer\\artifact\\12252022__183140\\data_ingestion\\feature_store\\sensor.csv', train_file_path='C:\\Users\\aswin\\OneDrive\\Documents\\Data Science\\Machine Learning Project\\End-to-End-Scancer\\artifact\\12252022__183140\\data_ingestion\\dataset\\train.csv', test_file_path='C:\\Users\\aswin\\OneDrive\\Documents\\Data Science\\Machine Learning Project\\End-to-End-Scancer\\artifact\\12252022__183140\\data_ingestion\\dataset\\test.csv')
[ 2022-12-25 18:32:33,668 ] 22 root - INFO - >>>>>>>>>>>>>>>>>>>>>>>>>>>>>>>>>>>>>>>> Data Validation <<<<<<<<<<<<<<<<<<<<<<<<<<<<<<<<<<<<<<<<
[ 2022-12-25 18:32:33,668 ] 110 root - INFO - Reading base dataframe
[ 2022-12-25 18:32:34,851 ] 113 root - INFO - Replace na value in base df
[ 2022-12-25 18:32:34,852 ] 115 root - INFO - Drop null values colums from base df
[ 2022-12-25 18:32:35,171 ] 44 root - INFO - selecting column name which contains null above to 0.2
[ 2022-12-25 18:32:35,171 ] 47 root - INFO - Columns to drop: ['ab_000', 'ad_000', 'bk_000', 'bl_000', 'bm_000', 'bn_000', 'bo_000', 'bp_000', 'bq_000', 'br_000', 'cf_000', 'cg_000', 'ch_000', 'co_000', 'cr_000', 'ct_000', 'cu_000', 'cv_000', 'cx_000', 'cy_000', 'cz_000', 'da_000', 'db_000', 'dc_000']
[ 2022-12-25 18:32:35,204 ] 118 root - INFO - Reading train dataframe
[ 2022-12-25 18:32:35,627 ] 120 root - INFO - Reading test dataframe
[ 2022-12-25 18:32:35,740 ] 123 root - INFO - Drop null values colums from train df
[ 2022-12-25 18:32:35,755 ] 44 root - INFO - selecting column name which contains null above to 0.2
[ 2022-12-25 18:32:35,755 ] 47 root - INFO - Columns to drop: ['ab_000', 'ad_000', 'bk_000', 'bl_000', 'bm_000', 'bn_000', 'bo_000', 'bp_000', 'bq_000', 'br_000', 'cf_000', 'cg_000', 'ch_000', 'co_000', 'cr_000', 'ct_000', 'cu_000', 'cv_000', 'cx_000', 'cy_000', 'cz_000', 'da_000', 'db_000', 'dc_000']
[ 2022-12-25 18:32:35,769 ] 125 root - INFO - Drop null values colums from test df
[ 2022-12-25 18:32:35,769 ] 44 root - INFO - selecting column name which contains null above to 0.2
[ 2022-12-25 18:32:35,769 ] 47 root - INFO - Columns to drop: ['ab_000', 'ad_000', 'bk_000', 'bl_000', 'bm_000', 'bn_000', 'bo_000', 'bp_000', 'bq_000', 'br_000', 'cf_000', 'cg_000', 'ch_000', 'co_000', 'cr_000', 'ct_000', 'cu_000', 'cv_000', 'cx_000', 'cy_000', 'cz_000', 'da_000', 'db_000', 'dc_000']
[ 2022-12-25 18:32:38,604 ] 134 root - INFO - Is all required columns present in train df
[ 2022-12-25 18:32:38,604 ] 136 root - INFO - Is all required columns present in test df
[ 2022-12-25 18:32:38,604 ] 140 root - INFO - As all column are available in train df hence detecting data drift
[ 2022-12-25 18:32:38,604 ] 88 root - INFO - Hypothesis class: object, object 
[ 2022-12-25 18:32:38,655 ] 88 root - INFO - Hypothesis aa_000: float64, float64 
[ 2022-12-25 18:32:38,657 ] 88 root - INFO - Hypothesis ac_000: float64, float64 
[ 2022-12-25 18:32:38,695 ] 88 root - INFO - Hypothesis ae_000: float64, float64 
[ 2022-12-25 18:32:38,740 ] 88 root - INFO - Hypothesis af_000: float64, float64 
[ 2022-12-25 18:32:38,765 ] 88 root - INFO - Hypothesis ag_000: float64, float64 
[ 2022-12-25 18:32:38,789 ] 88 root - INFO - Hypothesis ag_001: float64, float64 
[ 2022-12-25 18:32:38,820 ] 88 root - INFO - Hypothesis ag_002: float64, float64 
[ 2022-12-25 18:32:38,836 ] 88 root - INFO - Hypothesis ag_003: float64, float64 
[ 2022-12-25 18:32:38,868 ] 88 root - INFO - Hypothesis ag_004: float64, float64 
[ 2022-12-25 18:32:38,899 ] 88 root - INFO - Hypothesis ag_005: float64, float64 
[ 2022-12-25 18:32:38,915 ] 88 root - INFO - Hypothesis ag_006: float64, float64 
[ 2022-12-25 18:32:38,915 ] 88 root - INFO - Hypothesis ag_007: float64, float64 
[ 2022-12-25 18:32:38,931 ] 88 root - INFO - Hypothesis ag_008: float64, float64 
[ 2022-12-25 18:32:38,946 ] 88 root - INFO - Hypothesis ag_009: float64, float64 
[ 2022-12-25 18:32:38,962 ] 88 root - INFO - Hypothesis ah_000: float64, float64 
[ 2022-12-25 18:32:38,962 ] 88 root - INFO - Hypothesis ai_000: float64, float64 
[ 2022-12-25 18:32:38,986 ] 88 root - INFO - Hypothesis aj_000: float64, float64 
[ 2022-12-25 18:32:39,017 ] 88 root - INFO - Hypothesis ak_000: float64, float64 
[ 2022-12-25 18:32:39,033 ] 88 root - INFO - Hypothesis al_000: float64, float64 
[ 2022-12-25 18:32:39,064 ] 88 root - INFO - Hypothesis am_0: float64, float64 
[ 2022-12-25 18:32:39,095 ] 88 root - INFO - Hypothesis an_000: float64, float64 
[ 2022-12-25 18:32:39,095 ] 88 root - INFO - Hypothesis ao_000: float64, float64 
[ 2022-12-25 18:32:39,111 ] 88 root - INFO - Hypothesis ap_000: float64, float64 
[ 2022-12-25 18:32:39,111 ] 88 root - INFO - Hypothesis aq_000: float64, float64 
[ 2022-12-25 18:32:39,126 ] 88 root - INFO - Hypothesis ar_000: float64, float64 
[ 2022-12-25 18:32:39,142 ] 88 root - INFO - Hypothesis as_000: float64, float64 
[ 2022-12-25 18:32:39,173 ] 88 root - INFO - Hypothesis at_000: float64, float64 
[ 2022-12-25 18:32:39,205 ] 88 root - INFO - Hypothesis au_000: float64, float64 
[ 2022-12-25 18:32:39,220 ] 88 root - INFO - Hypothesis av_000: float64, float64 
[ 2022-12-25 18:32:39,251 ] 88 root - INFO - Hypothesis ax_000: float64, float64 
[ 2022-12-25 18:32:39,283 ] 88 root - INFO - Hypothesis ay_000: float64, float64 
[ 2022-12-25 18:32:39,298 ] 88 root - INFO - Hypothesis ay_001: float64, float64 
[ 2022-12-25 18:32:39,314 ] 88 root - INFO - Hypothesis ay_002: float64, float64 
[ 2022-12-25 18:32:39,345 ] 88 root - INFO - Hypothesis ay_003: float64, float64 
[ 2022-12-25 18:32:39,376 ] 88 root - INFO - Hypothesis ay_004: float64, float64 
[ 2022-12-25 18:32:39,408 ] 88 root - INFO - Hypothesis ay_005: float64, float64 
[ 2022-12-25 18:32:39,423 ] 88 root - INFO - Hypothesis ay_006: float64, float64 
[ 2022-12-25 18:32:39,455 ] 88 root - INFO - Hypothesis ay_007: float64, float64 
[ 2022-12-25 18:32:39,470 ] 88 root - INFO - Hypothesis ay_008: float64, float64 
[ 2022-12-25 18:32:39,486 ] 88 root - INFO - Hypothesis ay_009: float64, float64 
[ 2022-12-25 18:32:39,501 ] 88 root - INFO - Hypothesis az_000: float64, float64 
[ 2022-12-25 18:32:39,533 ] 88 root - INFO - Hypothesis az_001: float64, float64 
[ 2022-12-25 18:32:39,564 ] 88 root - INFO - Hypothesis az_002: float64, float64 
[ 2022-12-25 18:32:39,580 ] 88 root - INFO - Hypothesis az_003: float64, float64 
[ 2022-12-25 18:32:39,611 ] 88 root - INFO - Hypothesis az_004: float64, float64 
[ 2022-12-25 18:32:39,653 ] 88 root - INFO - Hypothesis az_005: float64, float64 
[ 2022-12-25 18:32:39,704 ] 88 root - INFO - Hypothesis az_006: float64, float64 
[ 2022-12-25 18:32:39,720 ] 88 root - INFO - Hypothesis az_007: float64, float64 
[ 2022-12-25 18:32:39,751 ] 88 root - INFO - Hypothesis az_008: float64, float64 
[ 2022-12-25 18:32:39,767 ] 88 root - INFO - Hypothesis az_009: float64, float64 
[ 2022-12-25 18:32:39,798 ] 88 root - INFO - Hypothesis ba_000: float64, float64 
[ 2022-12-25 18:32:39,798 ] 88 root - INFO - Hypothesis ba_001: float64, float64 
[ 2022-12-25 18:32:39,814 ] 88 root - INFO - Hypothesis ba_002: float64, float64 
[ 2022-12-25 18:32:39,845 ] 88 root - INFO - Hypothesis ba_003: float64, float64 
[ 2022-12-25 18:32:39,845 ] 88 root - INFO - Hypothesis ba_004: float64, float64 
[ 2022-12-25 18:32:39,861 ] 88 root - INFO - Hypothesis ba_005: float64, float64 
[ 2022-12-25 18:32:39,892 ] 88 root - INFO - Hypothesis ba_006: float64, float64 
[ 2022-12-25 18:32:39,892 ] 88 root - INFO - Hypothesis ba_007: float64, float64 
[ 2022-12-25 18:32:39,924 ] 88 root - INFO - Hypothesis ba_008: float64, float64 
[ 2022-12-25 18:32:39,939 ] 88 root - INFO - Hypothesis ba_009: float64, float64 
[ 2022-12-25 18:32:39,971 ] 88 root - INFO - Hypothesis bb_000: float64, float64 
[ 2022-12-25 18:32:39,971 ] 88 root - INFO - Hypothesis bc_000: float64, float64 
[ 2022-12-25 18:32:39,971 ] 88 root - INFO - Hypothesis bd_000: float64, float64 
[ 2022-12-25 18:32:40,002 ] 88 root - INFO - Hypothesis be_000: float64, float64 
[ 2022-12-25 18:32:40,033 ] 88 root - INFO - Hypothesis bf_000: float64, float64 
[ 2022-12-25 18:32:40,064 ] 88 root - INFO - Hypothesis bg_000: float64, float64 
[ 2022-12-25 18:32:40,064 ] 88 root - INFO - Hypothesis bh_000: float64, float64 
[ 2022-12-25 18:32:40,096 ] 88 root - INFO - Hypothesis bi_000: float64, float64 
[ 2022-12-25 18:32:40,127 ] 88 root - INFO - Hypothesis bj_000: float64, float64 
[ 2022-12-25 18:32:40,142 ] 88 root - INFO - Hypothesis bs_000: float64, float64 
[ 2022-12-25 18:32:40,158 ] 88 root - INFO - Hypothesis bt_000: float64, float64 
[ 2022-12-25 18:32:40,174 ] 88 root - INFO - Hypothesis bu_000: float64, float64 
[ 2022-12-25 18:32:40,174 ] 88 root - INFO - Hypothesis bv_000: float64, float64 
[ 2022-12-25 18:32:40,189 ] 88 root - INFO - Hypothesis bx_000: float64, float64 
[ 2022-12-25 18:32:40,189 ] 88 root - INFO - Hypothesis by_000: float64, float64 
[ 2022-12-25 18:32:40,221 ] 88 root - INFO - Hypothesis bz_000: float64, float64 
[ 2022-12-25 18:32:40,252 ] 88 root - INFO - Hypothesis ca_000: float64, float64 
[ 2022-12-25 18:32:40,252 ] 88 root - INFO - Hypothesis cb_000: float64, float64 
[ 2022-12-25 18:32:40,392 ] 88 root - INFO - Hypothesis cc_000: float64, float64 
[ 2022-12-25 18:32:40,408 ] 88 root - INFO - Hypothesis cd_000: float64, float64 
[ 2022-12-25 18:32:40,424 ] 88 root - INFO - Hypothesis ce_000: float64, float64 
[ 2022-12-25 18:32:40,455 ] 88 root - INFO - Hypothesis ci_000: float64, float64 
[ 2022-12-25 18:32:40,471 ] 88 root - INFO - Hypothesis cj_000: float64, float64 
[ 2022-12-25 18:32:40,502 ] 88 root - INFO - Hypothesis ck_000: float64, float64 
[ 2022-12-25 18:32:40,518 ] 88 root - INFO - Hypothesis cl_000: float64, float64 
[ 2022-12-25 18:32:40,533 ] 88 root - INFO - Hypothesis cm_000: float64, float64 
[ 2022-12-25 18:32:40,549 ] 88 root - INFO - Hypothesis cn_000: float64, float64 
[ 2022-12-25 18:32:40,581 ] 88 root - INFO - Hypothesis cn_001: float64, float64 
[ 2022-12-25 18:32:40,596 ] 88 root - INFO - Hypothesis cn_002: float64, float64 
[ 2022-12-25 18:32:40,628 ] 88 root - INFO - Hypothesis cn_003: float64, float64 
[ 2022-12-25 18:32:40,628 ] 88 root - INFO - Hypothesis cn_004: float64, float64 
[ 2022-12-25 18:32:40,643 ] 88 root - INFO - Hypothesis cn_005: float64, float64 
[ 2022-12-25 18:32:40,675 ] 88 root - INFO - Hypothesis cn_006: float64, float64 
[ 2022-12-25 18:32:40,690 ] 88 root - INFO - Hypothesis cn_007: float64, float64 
[ 2022-12-25 18:32:40,721 ] 88 root - INFO - Hypothesis cn_008: float64, float64 
[ 2022-12-25 18:32:40,753 ] 88 root - INFO - Hypothesis cn_009: float64, float64 
[ 2022-12-25 18:32:40,785 ] 88 root - INFO - Hypothesis cp_000: float64, float64 
[ 2022-12-25 18:32:40,816 ] 88 root - INFO - Hypothesis cq_000: float64, float64 
[ 2022-12-25 18:32:40,816 ] 88 root - INFO - Hypothesis cs_000: float64, float64 
[ 2022-12-25 18:32:40,832 ] 88 root - INFO - Hypothesis cs_001: float64, float64 
[ 2022-12-25 18:32:40,832 ] 88 root - INFO - Hypothesis cs_002: float64, float64 
[ 2022-12-25 18:32:40,832 ] 88 root - INFO - Hypothesis cs_003: float64, float64 
[ 2022-12-25 18:32:40,863 ] 88 root - INFO - Hypothesis cs_004: float64, float64 
[ 2022-12-25 18:32:40,895 ] 88 root - INFO - Hypothesis cs_005: float64, float64 
[ 2022-12-25 18:32:40,895 ] 88 root - INFO - Hypothesis cs_006: float64, float64 
[ 2022-12-25 18:32:40,895 ] 88 root - INFO - Hypothesis cs_007: float64, float64 
[ 2022-12-25 18:32:40,910 ] 88 root - INFO - Hypothesis cs_008: float64, float64 
[ 2022-12-25 18:32:40,926 ] 88 root - INFO - Hypothesis cs_009: float64, float64 
[ 2022-12-25 18:32:40,957 ] 88 root - INFO - Hypothesis dd_000: float64, float64 
[ 2022-12-25 18:32:40,957 ] 88 root - INFO - Hypothesis de_000: float64, float64 
[ 2022-12-25 18:32:41,000 ] 88 root - INFO - Hypothesis df_000: float64, float64 
[ 2022-12-25 18:32:41,026 ] 88 root - INFO - Hypothesis dg_000: float64, float64 
[ 2022-12-25 18:32:41,036 ] 88 root - INFO - Hypothesis dh_000: float64, float64 
[ 2022-12-25 18:32:41,067 ] 88 root - INFO - Hypothesis di_000: float64, float64 
[ 2022-12-25 18:32:41,098 ] 88 root - INFO - Hypothesis dj_000: float64, float64 
[ 2022-12-25 18:32:41,114 ] 88 root - INFO - Hypothesis dk_000: float64, float64 
[ 2022-12-25 18:32:41,145 ] 88 root - INFO - Hypothesis dl_000: float64, float64 
[ 2022-12-25 18:32:41,162 ] 88 root - INFO - Hypothesis dm_000: float64, float64 
[ 2022-12-25 18:32:41,192 ] 88 root - INFO - Hypothesis dn_000: float64, float64 
[ 2022-12-25 18:32:41,223 ] 88 root - INFO - Hypothesis do_000: float64, float64 
[ 2022-12-25 18:32:41,239 ] 88 root - INFO - Hypothesis dp_000: float64, float64 
[ 2022-12-25 18:32:41,270 ] 88 root - INFO - Hypothesis dq_000: float64, float64 
[ 2022-12-25 18:32:41,286 ] 88 root - INFO - Hypothesis dr_000: float64, float64 
[ 2022-12-25 18:32:41,317 ] 88 root - INFO - Hypothesis ds_000: float64, float64 
[ 2022-12-25 18:32:41,333 ] 88 root - INFO - Hypothesis dt_000: float64, float64 
[ 2022-12-25 18:32:41,364 ] 88 root - INFO - Hypothesis du_000: float64, float64 
[ 2022-12-25 18:32:41,380 ] 88 root - INFO - Hypothesis dv_000: float64, float64 
[ 2022-12-25 18:32:41,380 ] 88 root - INFO - Hypothesis dx_000: float64, float64 
[ 2022-12-25 18:32:41,411 ] 88 root - INFO - Hypothesis dy_000: float64, float64 
[ 2022-12-25 18:32:41,427 ] 88 root - INFO - Hypothesis dz_000: float64, float64 
[ 2022-12-25 18:32:41,442 ] 88 root - INFO - Hypothesis ea_000: float64, float64 
[ 2022-12-25 18:32:41,473 ] 88 root - INFO - Hypothesis eb_000: float64, float64 
[ 2022-12-25 18:32:41,509 ] 88 root - INFO - Hypothesis ec_00: float64, float64 
[ 2022-12-25 18:32:41,536 ] 88 root - INFO - Hypothesis ed_000: float64, float64 
[ 2022-12-25 18:32:41,552 ] 88 root - INFO - Hypothesis ee_000: float64, float64 
[ 2022-12-25 18:32:41,567 ] 88 root - INFO - Hypothesis ee_001: float64, float64 
[ 2022-12-25 18:32:41,583 ] 88 root - INFO - Hypothesis ee_002: float64, float64 
[ 2022-12-25 18:32:41,614 ] 88 root - INFO - Hypothesis ee_003: float64, float64 
[ 2022-12-25 18:32:41,645 ] 88 root - INFO - Hypothesis ee_004: float64, float64 
[ 2022-12-25 18:32:41,677 ] 88 root - INFO - Hypothesis ee_005: float64, float64 
[ 2022-12-25 18:32:41,708 ] 88 root - INFO - Hypothesis ee_006: float64, float64 
[ 2022-12-25 18:32:41,708 ] 88 root - INFO - Hypothesis ee_007: float64, float64 
[ 2022-12-25 18:32:41,724 ] 88 root - INFO - Hypothesis ee_008: float64, float64 
[ 2022-12-25 18:32:41,740 ] 88 root - INFO - Hypothesis ee_009: float64, float64 
[ 2022-12-25 18:32:41,771 ] 88 root - INFO - Hypothesis ef_000: float64, float64 
[ 2022-12-25 18:32:41,802 ] 88 root - INFO - Hypothesis eg_000: float64, float64 
[ 2022-12-25 18:32:41,818 ] 143 root - INFO - As all column are available in test df hence detecting data drift
[ 2022-12-25 18:32:41,818 ] 88 root - INFO - Hypothesis class: object, object 
[ 2022-12-25 18:32:41,855 ] 88 root - INFO - Hypothesis aa_000: float64, float64 
[ 2022-12-25 18:32:41,859 ] 88 root - INFO - Hypothesis ac_000: float64, float64 
[ 2022-12-25 18:32:41,862 ] 88 root - INFO - Hypothesis ae_000: float64, float64 
[ 2022-12-25 18:32:41,872 ] 88 root - INFO - Hypothesis af_000: float64, float64 
[ 2022-12-25 18:32:41,882 ] 88 root - INFO - Hypothesis ag_000: float64, float64 
[ 2022-12-25 18:32:41,882 ] 88 root - INFO - Hypothesis ag_001: float64, float64 
[ 2022-12-25 18:32:41,912 ] 88 root - INFO - Hypothesis ag_002: float64, float64 
[ 2022-12-25 18:32:41,922 ] 88 root - INFO - Hypothesis ag_003: float64, float64 
[ 2022-12-25 18:32:41,928 ] 88 root - INFO - Hypothesis ag_004: float64, float64 
[ 2022-12-25 18:32:41,928 ] 88 root - INFO - Hypothesis ag_005: float64, float64 
[ 2022-12-25 18:32:41,928 ] 88 root - INFO - Hypothesis ag_006: float64, float64 
[ 2022-12-25 18:32:41,928 ] 88 root - INFO - Hypothesis ag_007: float64, float64 
[ 2022-12-25 18:32:41,928 ] 88 root - INFO - Hypothesis ag_008: float64, float64 
[ 2022-12-25 18:32:41,944 ] 88 root - INFO - Hypothesis ag_009: float64, float64 
[ 2022-12-25 18:32:41,944 ] 88 root - INFO - Hypothesis ah_000: float64, float64 
[ 2022-12-25 18:32:41,944 ] 88 root - INFO - Hypothesis ai_000: float64, float64 
[ 2022-12-25 18:32:41,944 ] 88 root - INFO - Hypothesis aj_000: float64, float64 
[ 2022-12-25 18:32:41,944 ] 88 root - INFO - Hypothesis ak_000: float64, float64 
[ 2022-12-25 18:32:41,959 ] 88 root - INFO - Hypothesis al_000: float64, float64 
[ 2022-12-25 18:32:41,959 ] 88 root - INFO - Hypothesis am_0: float64, float64 
[ 2022-12-25 18:32:41,959 ] 88 root - INFO - Hypothesis an_000: float64, float64 
[ 2022-12-25 18:32:41,975 ] 88 root - INFO - Hypothesis ao_000: float64, float64 
[ 2022-12-25 18:32:41,975 ] 88 root - INFO - Hypothesis ap_000: float64, float64 
[ 2022-12-25 18:32:41,975 ] 88 root - INFO - Hypothesis aq_000: float64, float64 
[ 2022-12-25 18:32:41,975 ] 88 root - INFO - Hypothesis ar_000: float64, float64 
[ 2022-12-25 18:32:41,991 ] 88 root - INFO - Hypothesis as_000: float64, float64 
[ 2022-12-25 18:32:42,006 ] 88 root - INFO - Hypothesis at_000: float64, float64 
[ 2022-12-25 18:32:42,022 ] 88 root - INFO - Hypothesis au_000: float64, float64 
[ 2022-12-25 18:32:42,037 ] 88 root - INFO - Hypothesis av_000: float64, float64 
[ 2022-12-25 18:32:42,037 ] 88 root - INFO - Hypothesis ax_000: float64, float64 
[ 2022-12-25 18:32:42,037 ] 88 root - INFO - Hypothesis ay_000: float64, float64 
[ 2022-12-25 18:32:42,053 ] 88 root - INFO - Hypothesis ay_001: float64, float64 
[ 2022-12-25 18:32:42,053 ] 88 root - INFO - Hypothesis ay_002: float64, float64 
[ 2022-12-25 18:32:42,069 ] 88 root - INFO - Hypothesis ay_003: float64, float64 
[ 2022-12-25 18:32:42,069 ] 88 root - INFO - Hypothesis ay_004: float64, float64 
[ 2022-12-25 18:32:42,069 ] 88 root - INFO - Hypothesis ay_005: float64, float64 
[ 2022-12-25 18:32:42,084 ] 88 root - INFO - Hypothesis ay_006: float64, float64 
[ 2022-12-25 18:32:42,100 ] 88 root - INFO - Hypothesis ay_007: float64, float64 
[ 2022-12-25 18:32:42,100 ] 88 root - INFO - Hypothesis ay_008: float64, float64 
[ 2022-12-25 18:32:42,100 ] 88 root - INFO - Hypothesis ay_009: float64, float64 
[ 2022-12-25 18:32:42,100 ] 88 root - INFO - Hypothesis az_000: float64, float64 
[ 2022-12-25 18:32:42,100 ] 88 root - INFO - Hypothesis az_001: float64, float64 
[ 2022-12-25 18:32:42,116 ] 88 root - INFO - Hypothesis az_002: float64, float64 
[ 2022-12-25 18:32:42,116 ] 88 root - INFO - Hypothesis az_003: float64, float64 
[ 2022-12-25 18:32:42,116 ] 88 root - INFO - Hypothesis az_004: float64, float64 
[ 2022-12-25 18:32:42,131 ] 88 root - INFO - Hypothesis az_005: float64, float64 
[ 2022-12-25 18:32:42,131 ] 88 root - INFO - Hypothesis az_006: float64, float64 
[ 2022-12-25 18:32:42,131 ] 88 root - INFO - Hypothesis az_007: float64, float64 
[ 2022-12-25 18:32:42,131 ] 88 root - INFO - Hypothesis az_008: float64, float64 
[ 2022-12-25 18:32:42,147 ] 88 root - INFO - Hypothesis az_009: float64, float64 
[ 2022-12-25 18:32:42,147 ] 88 root - INFO - Hypothesis ba_000: float64, float64 
[ 2022-12-25 18:32:42,147 ] 88 root - INFO - Hypothesis ba_001: float64, float64 
[ 2022-12-25 18:32:42,162 ] 88 root - INFO - Hypothesis ba_002: float64, float64 
[ 2022-12-25 18:32:42,162 ] 88 root - INFO - Hypothesis ba_003: float64, float64 
[ 2022-12-25 18:32:42,162 ] 88 root - INFO - Hypothesis ba_004: float64, float64 
[ 2022-12-25 18:32:42,162 ] 88 root - INFO - Hypothesis ba_005: float64, float64 
[ 2022-12-25 18:32:42,162 ] 88 root - INFO - Hypothesis ba_006: float64, float64 
[ 2022-12-25 18:32:42,178 ] 88 root - INFO - Hypothesis ba_007: float64, float64 
[ 2022-12-25 18:32:42,178 ] 88 root - INFO - Hypothesis ba_008: float64, float64 
[ 2022-12-25 18:32:42,178 ] 88 root - INFO - Hypothesis ba_009: float64, float64 
[ 2022-12-25 18:32:42,178 ] 88 root - INFO - Hypothesis bb_000: float64, float64 
[ 2022-12-25 18:32:42,178 ] 88 root - INFO - Hypothesis bc_000: float64, float64 
[ 2022-12-25 18:32:42,194 ] 88 root - INFO - Hypothesis bd_000: float64, float64 
[ 2022-12-25 18:32:42,194 ] 88 root - INFO - Hypothesis be_000: float64, float64 
[ 2022-12-25 18:32:42,194 ] 88 root - INFO - Hypothesis bf_000: float64, float64 
[ 2022-12-25 18:32:42,194 ] 88 root - INFO - Hypothesis bg_000: float64, float64 
[ 2022-12-25 18:32:42,194 ] 88 root - INFO - Hypothesis bh_000: float64, float64 
[ 2022-12-25 18:32:42,209 ] 88 root - INFO - Hypothesis bi_000: float64, float64 
[ 2022-12-25 18:32:42,209 ] 88 root - INFO - Hypothesis bj_000: float64, float64 
[ 2022-12-25 18:32:42,209 ] 88 root - INFO - Hypothesis bs_000: float64, float64 
[ 2022-12-25 18:32:42,209 ] 88 root - INFO - Hypothesis bt_000: float64, float64 
[ 2022-12-25 18:32:42,209 ] 88 root - INFO - Hypothesis bu_000: float64, float64 
[ 2022-12-25 18:32:42,225 ] 88 root - INFO - Hypothesis bv_000: float64, float64 
[ 2022-12-25 18:32:42,225 ] 88 root - INFO - Hypothesis bx_000: float64, float64 
[ 2022-12-25 18:32:42,225 ] 88 root - INFO - Hypothesis by_000: float64, float64 
[ 2022-12-25 18:32:42,225 ] 88 root - INFO - Hypothesis bz_000: float64, float64 
[ 2022-12-25 18:32:42,225 ] 88 root - INFO - Hypothesis ca_000: float64, float64 
[ 2022-12-25 18:32:42,241 ] 88 root - INFO - Hypothesis cb_000: float64, float64 
[ 2022-12-25 18:32:42,241 ] 88 root - INFO - Hypothesis cc_000: float64, float64 
[ 2022-12-25 18:32:42,241 ] 88 root - INFO - Hypothesis cd_000: float64, float64 
[ 2022-12-25 18:32:42,256 ] 88 root - INFO - Hypothesis ce_000: float64, float64 
[ 2022-12-25 18:32:42,256 ] 88 root - INFO - Hypothesis ci_000: float64, float64 
[ 2022-12-25 18:32:42,256 ] 88 root - INFO - Hypothesis cj_000: float64, float64 
[ 2022-12-25 18:32:42,272 ] 88 root - INFO - Hypothesis ck_000: float64, float64 
[ 2022-12-25 18:32:42,287 ] 88 root - INFO - Hypothesis cl_000: float64, float64 
[ 2022-12-25 18:32:42,287 ] 88 root - INFO - Hypothesis cm_000: float64, float64 
[ 2022-12-25 18:32:42,287 ] 88 root - INFO - Hypothesis cn_000: float64, float64 
[ 2022-12-25 18:32:42,306 ] 88 root - INFO - Hypothesis cn_001: float64, float64 
[ 2022-12-25 18:32:42,315 ] 88 root - INFO - Hypothesis cn_002: float64, float64 
[ 2022-12-25 18:32:42,318 ] 88 root - INFO - Hypothesis cn_003: float64, float64 
[ 2022-12-25 18:32:42,319 ] 88 root - INFO - Hypothesis cn_004: float64, float64 
[ 2022-12-25 18:32:42,319 ] 88 root - INFO - Hypothesis cn_005: float64, float64 
[ 2022-12-25 18:32:42,319 ] 88 root - INFO - Hypothesis cn_006: float64, float64 
[ 2022-12-25 18:32:42,319 ] 88 root - INFO - Hypothesis cn_007: float64, float64 
[ 2022-12-25 18:32:42,334 ] 88 root - INFO - Hypothesis cn_008: float64, float64 
[ 2022-12-25 18:32:42,334 ] 88 root - INFO - Hypothesis cn_009: float64, float64 
[ 2022-12-25 18:32:42,334 ] 88 root - INFO - Hypothesis cp_000: float64, float64 
[ 2022-12-25 18:32:42,334 ] 88 root - INFO - Hypothesis cq_000: float64, float64 
[ 2022-12-25 18:32:42,334 ] 88 root - INFO - Hypothesis cs_000: float64, float64 
[ 2022-12-25 18:32:42,350 ] 88 root - INFO - Hypothesis cs_001: float64, float64 
[ 2022-12-25 18:32:42,350 ] 88 root - INFO - Hypothesis cs_002: float64, float64 
[ 2022-12-25 18:32:42,350 ] 88 root - INFO - Hypothesis cs_003: float64, float64 
[ 2022-12-25 18:32:42,350 ] 88 root - INFO - Hypothesis cs_004: float64, float64 
[ 2022-12-25 18:32:42,366 ] 88 root - INFO - Hypothesis cs_005: float64, float64 
[ 2022-12-25 18:32:42,402 ] 88 root - INFO - Hypothesis cs_006: float64, float64 
[ 2022-12-25 18:32:42,402 ] 88 root - INFO - Hypothesis cs_007: float64, float64 
[ 2022-12-25 18:32:42,412 ] 88 root - INFO - Hypothesis cs_008: float64, float64 
[ 2022-12-25 18:32:42,412 ] 88 root - INFO - Hypothesis cs_009: float64, float64 
[ 2022-12-25 18:32:42,428 ] 88 root - INFO - Hypothesis dd_000: float64, float64 
[ 2022-12-25 18:32:42,428 ] 88 root - INFO - Hypothesis de_000: float64, float64 
[ 2022-12-25 18:32:42,428 ] 88 root - INFO - Hypothesis df_000: float64, float64 
[ 2022-12-25 18:32:42,443 ] 88 root - INFO - Hypothesis dg_000: float64, float64 
[ 2022-12-25 18:32:42,443 ] 88 root - INFO - Hypothesis dh_000: float64, float64 
[ 2022-12-25 18:32:42,459 ] 88 root - INFO - Hypothesis di_000: float64, float64 
[ 2022-12-25 18:32:42,475 ] 88 root - INFO - Hypothesis dj_000: float64, float64 
[ 2022-12-25 18:32:42,491 ] 88 root - INFO - Hypothesis dk_000: float64, float64 
[ 2022-12-25 18:32:42,491 ] 88 root - INFO - Hypothesis dl_000: float64, float64 
[ 2022-12-25 18:32:42,507 ] 88 root - INFO - Hypothesis dm_000: float64, float64 
[ 2022-12-25 18:32:42,522 ] 88 root - INFO - Hypothesis dn_000: float64, float64 
[ 2022-12-25 18:32:42,522 ] 88 root - INFO - Hypothesis do_000: float64, float64 
[ 2022-12-25 18:32:42,522 ] 88 root - INFO - Hypothesis dp_000: float64, float64 
[ 2022-12-25 18:32:42,522 ] 88 root - INFO - Hypothesis dq_000: float64, float64 
[ 2022-12-25 18:32:42,522 ] 88 root - INFO - Hypothesis dr_000: float64, float64 
[ 2022-12-25 18:32:42,522 ] 88 root - INFO - Hypothesis ds_000: float64, float64 
[ 2022-12-25 18:32:42,539 ] 88 root - INFO - Hypothesis dt_000: float64, float64 
[ 2022-12-25 18:32:42,542 ] 88 root - INFO - Hypothesis du_000: float64, float64 
[ 2022-12-25 18:32:42,546 ] 88 root - INFO - Hypothesis dv_000: float64, float64 
[ 2022-12-25 18:32:42,549 ] 88 root - INFO - Hypothesis dx_000: float64, float64 
[ 2022-12-25 18:32:42,552 ] 88 root - INFO - Hypothesis dy_000: float64, float64 
[ 2022-12-25 18:32:42,555 ] 88 root - INFO - Hypothesis dz_000: float64, float64 
[ 2022-12-25 18:32:42,568 ] 88 root - INFO - Hypothesis ea_000: float64, float64 
[ 2022-12-25 18:32:42,575 ] 88 root - INFO - Hypothesis eb_000: float64, float64 
[ 2022-12-25 18:32:42,585 ] 88 root - INFO - Hypothesis ec_00: float64, float64 
[ 2022-12-25 18:32:42,585 ] 88 root - INFO - Hypothesis ed_000: float64, float64 
[ 2022-12-25 18:32:42,585 ] 88 root - INFO - Hypothesis ee_000: float64, float64 
[ 2022-12-25 18:32:42,585 ] 88 root - INFO - Hypothesis ee_001: float64, float64 
[ 2022-12-25 18:32:42,585 ] 88 root - INFO - Hypothesis ee_002: float64, float64 
[ 2022-12-25 18:32:42,600 ] 88 root - INFO - Hypothesis ee_003: float64, float64 
[ 2022-12-25 18:32:42,600 ] 88 root - INFO - Hypothesis ee_004: float64, float64 
[ 2022-12-25 18:32:42,600 ] 88 root - INFO - Hypothesis ee_005: float64, float64 
[ 2022-12-25 18:32:42,600 ] 88 root - INFO - Hypothesis ee_006: float64, float64 
[ 2022-12-25 18:32:42,615 ] 88 root - INFO - Hypothesis ee_007: float64, float64 
[ 2022-12-25 18:32:42,615 ] 88 root - INFO - Hypothesis ee_008: float64, float64 
[ 2022-12-25 18:32:42,615 ] 88 root - INFO - Hypothesis ee_009: float64, float64 
[ 2022-12-25 18:32:42,615 ] 88 root - INFO - Hypothesis ef_000: float64, float64 
[ 2022-12-25 18:32:42,631 ] 88 root - INFO - Hypothesis eg_000: float64, float64 
[ 2022-12-25 18:32:42,631 ] 147 root - INFO - Write reprt in yaml file
[ 2022-12-25 18:32:42,693 ] 152 root - INFO - Data validation artifact: DataValidationArtifact(report_file_path='C:\\Users\\aswin\\OneDrive\\Documents\\Data Science\\Machine Learning Project\\End-to-End-Scancer\\artifact\\12252022__183140\\data_validation\\report.yaml')
[ 2022-12-25 18:32:42,693 ] 22 root - INFO - >>>>>>>>>>>>>>>>>>>>>>>>>>>>>>>>>>>>>>>> Data Transformation <<<<<<<<<<<<<<<<<<<<<<<<<<<<<<<<<<<<<<<<
[ 2022-12-25 18:32:43,516 ] 72 root - INFO - Before resampling in training set Input: (25600, 170) Target:(25600,)
[ 2022-12-25 18:32:57,123 ] 74 root - INFO - After resampling in training set Input: (50010, 170) Target:(50010,)
[ 2022-12-25 18:32:57,123 ] 76 root - INFO - Before resampling in testing set Input: (6400, 170) Target:(6400,)
[ 2022-12-25 18:32:57,828 ] 78 root - INFO - After resampling in testing set Input: (12472, 170) Target:(12472,)
[ 2022-12-25 18:32:57,986 ] 53 root - INFO - Entered the save_object method of utils
[ 2022-12-25 18:32:57,987 ] 57 root - INFO - Exited the save_object method of utils
[ 2022-12-25 18:32:57,987 ] 53 root - INFO - Entered the save_object method of utils
[ 2022-12-25 18:32:57,987 ] 57 root - INFO - Exited the save_object method of utils
[ 2022-12-25 18:32:57,987 ] 109 root - INFO - Data transformation object DataTransformationArtifact(transform_object_path='C:\\Users\\aswin\\OneDrive\\Documents\\Data Science\\Machine Learning Project\\End-to-End-Scancer\\artifact\\12252022__183140\\data_transformation\\transformer\\transformer.pkl', transformed_train_path='C:\\Users\\aswin\\OneDrive\\Documents\\Data Science\\Machine Learning Project\\End-to-End-Scancer\\artifact\\12252022__183140\\data_transformation\\transformed\\train.npz', transformed_test_path='C:\\Users\\aswin\\OneDrive\\Documents\\Data Science\\Machine Learning Project\\End-to-End-Scancer\\artifact\\12252022__183140\\data_transformation\\transformed\\test.npz', target_encoder_path='C:\\Users\\aswin\\OneDrive\\Documents\\Data Science\\Machine Learning Project\\End-to-End-Scancer\\artifact\\12252022__183140\\data_transformation\\target_encoder\\target_encoder.pkl')
[ 2022-12-25 18:32:57,994 ] 18 root - INFO - >>>>>>>>>>>>>>>>>>>>>>>>>>>>>>>>>>>>>>>> Model Trainer <<<<<<<<<<<<<<<<<<<<<<<<<<<<<<<<<<<<<<<<
[ 2022-12-25 18:32:57,994 ] 45 root - INFO - Loading train and test array.
[ 2022-12-25 18:32:58,040 ] 49 root - INFO - Splitting input and target feature from both train and test arr.
[ 2022-12-25 18:32:58,040 ] 53 root - INFO - Train the model
[ 2022-12-25 18:33:10,904 ] 56 root - INFO - Calculating f1 train score
[ 2022-12-25 18:33:11,007 ] 60 root - INFO - Calculating f1 test score
[ 2022-12-25 18:33:11,044 ] 64 root - INFO - train score:1.0 and tests score 0.9877603955580774
[ 2022-12-25 18:33:11,044 ] 66 root - INFO - Checking if our model is underfitting or not
[ 2022-12-25 18:33:11,044 ] 71 root - INFO - Checking if our model is overfiiting or not
[ 2022-12-25 18:33:11,044 ] 78 root - INFO - Saving mode object
[ 2022-12-25 18:33:11,044 ] 53 root - INFO - Entered the save_object method of utils
[ 2022-12-25 18:33:11,060 ] 57 root - INFO - Exited the save_object method of utils
[ 2022-12-25 18:33:11,060 ] 82 root - INFO - Prepare the artifact
[ 2022-12-25 18:33:11,060 ] 85 root - INFO - Model trainer artifact: ModelTrainerArtifact(model_path='C:\\Users\\aswin\\OneDrive\\Documents\\Data Science\\Machine Learning Project\\End-to-End-Scancer\\artifact\\12252022__183140\\model_trainer\\model\\model.pkl', f1_train_score=1.0, f1_test_score=0.9877603955580774)
[ 2022-12-25 18:33:11,060 ] 19 root - INFO - >>>>>>>>>>>>>>>>>>>>>>>>>>>>>>>>>>>>>>>>  Model Evaluation <<<<<<<<<<<<<<<<<<<<<<<<<<<<<<<<<<<<<<<<
[ 2022-12-25 18:33:11,060 ] 35 root - INFO - if saved model folder has model the we will compare which model is best trained or the model from saved model folder
[ 2022-12-25 18:33:11,060 ] 40 root - INFO - Model evaluation artifact: ModelEvaluationArtifact(is_model_accept=True, improved_accuracy=None)
[ 2022-12-25 18:33:11,060 ] 14 root - INFO - >>>>>>>>>>>>>>>>>>>>>>>>>>>>>>>>>>>>>>>> Data Transformation <<<<<<<<<<<<<<<<<<<<<<<<<<<<<<<<<<<<<<<<
[ 2022-12-25 18:33:11,060 ] 25 root - INFO - Loading transformer model and target encoder
[ 2022-12-25 18:33:11,092 ] 31 root - INFO - Saving model into model pusher directory
[ 2022-12-25 18:33:11,092 ] 53 root - INFO - Entered the save_object method of utils
[ 2022-12-25 18:33:11,109 ] 57 root - INFO - Exited the save_object method of utils
[ 2022-12-25 18:33:11,109 ] 53 root - INFO - Entered the save_object method of utils
[ 2022-12-25 18:33:11,109 ] 57 root - INFO - Exited the save_object method of utils
[ 2022-12-25 18:33:11,109 ] 53 root - INFO - Entered the save_object method of utils
[ 2022-12-25 18:33:11,109 ] 57 root - INFO - Exited the save_object method of utils
[ 2022-12-25 18:33:11,109 ] 38 root - INFO - Saving model in saved model dir
[ 2022-12-25 18:33:11,109 ] 53 root - INFO - Entered the save_object method of utils
[ 2022-12-25 18:33:11,109 ] 57 root - INFO - Exited the save_object method of utils
[ 2022-12-25 18:33:11,109 ] 53 root - INFO - Entered the save_object method of utils
[ 2022-12-25 18:33:11,123 ] 57 root - INFO - Exited the save_object method of utils
[ 2022-12-25 18:33:11,123 ] 53 root - INFO - Entered the save_object method of utils
[ 2022-12-25 18:33:11,123 ] 57 root - INFO - Exited the save_object method of utils
[ 2022-12-25 18:33:11,123 ] 49 root - INFO - Model pusher artifact: ModelPusherArtifact(pusher_model_dir='C:\\Users\\aswin\\OneDrive\\Documents\\Data Science\\Machine Learning Project\\End-to-End-Scancer\\artifact\\12252022__183140\\model_pusher\\saved_models', saved_model_dir='saved_models')
